2021-08-03 20:11:33,172 - INFO - preprocess.py - <module> - 158 - {'output_dir': '../checkpoints/', 'bert_dir': '../model_hub/bert-base-chinese/', 'data_dir': '../data/cnews/', 'log_dir': './logs/', 'num_tags': 65, 'seed': 123, 'gpu_ids': '0', 'max_seq_len': 128, 'eval_batch_size': 12, 'swa_start': 3, 'train_epochs': 15, 'dropout_prob': 0.1, 'lr': 3e-05, 'other_lr': 0.0003, 'max_grad_norm': 1, 'warmup_proportion': 0.1, 'weight_decay': 0.01, 'adam_epsilon': 1e-08, 'train_batch_size': 32, 'eval_model': True}
2021-08-03 20:12:07,680 - INFO - preprocess.py - <module> - 158 - {'output_dir': '../checkpoints/', 'bert_dir': '../model_hub/bert-base-chinese/', 'data_dir': '../data/cnews/', 'log_dir': './logs/', 'num_tags': 65, 'seed': 123, 'gpu_ids': '0', 'max_seq_len': 128, 'eval_batch_size': 12, 'swa_start': 3, 'train_epochs': 15, 'dropout_prob': 0.1, 'lr': 3e-05, 'other_lr': 0.0003, 'max_grad_norm': 1, 'warmup_proportion': 0.1, 'weight_decay': 0.01, 'adam_epsilon': 1e-08, 'train_batch_size': 32, 'eval_model': True}
2021-08-03 20:12:27,813 - INFO - preprocess.py - <module> - 158 - {'output_dir': '../checkpoints/', 'bert_dir': '../model_hub/bert-base-chinese/', 'data_dir': '../data/cnews/', 'log_dir': './logs/', 'num_tags': 65, 'seed': 123, 'gpu_ids': '0', 'max_seq_len': 128, 'eval_batch_size': 12, 'swa_start': 3, 'train_epochs': 15, 'dropout_prob': 0.1, 'lr': 3e-05, 'other_lr': 0.0003, 'max_grad_norm': 1, 'warmup_proportion': 0.1, 'weight_decay': 0.01, 'adam_epsilon': 1e-08, 'train_batch_size': 32, 'eval_model': True}
2021-08-03 20:12:27,841 - INFO - preprocess.py - convert_examples_to_features - 115 - Convert 3007 examples to features
2021-08-03 20:14:46,006 - INFO - preprocess.py - <module> - 161 - {'output_dir': '../checkpoints/', 'bert_dir': '../model_hub/bert-base-chinese/', 'data_dir': '../data/cnews/', 'log_dir': './logs/', 'num_tags': 65, 'seed': 123, 'gpu_ids': '0', 'max_seq_len': 128, 'eval_batch_size': 12, 'swa_start': 3, 'train_epochs': 15, 'dropout_prob': 0.1, 'lr': 3e-05, 'other_lr': 0.0003, 'max_grad_norm': 1, 'warmup_proportion': 0.1, 'weight_decay': 0.01, 'adam_epsilon': 1e-08, 'train_batch_size': 32, 'eval_model': True}
2021-08-03 20:14:46,033 - INFO - preprocess.py - convert_examples_to_features - 115 - Convert 3007 examples to features
2021-08-04 11:02:37,966 - INFO - preprocess.py - <module> - 162 - {'output_dir': '../checkpoints/', 'bert_dir': '../model_hub/bert-base-chinese/', 'data_dir': '../data/cnews/', 'log_dir': './logs/', 'num_tags': 65, 'seed': 123, 'gpu_ids': '0', 'max_seq_len': 128, 'eval_batch_size': 12, 'swa_start': 3, 'train_epochs': 15, 'dropout_prob': 0.1, 'lr': 3e-05, 'other_lr': 0.0003, 'max_grad_norm': 1, 'warmup_proportion': 0.1, 'weight_decay': 0.01, 'adam_epsilon': 1e-08, 'train_batch_size': 32, 'eval_model': True}
2021-08-04 11:03:00,465 - INFO - preprocess.py - <module> - 162 - {'output_dir': '../checkpoints/', 'bert_dir': '../model_hub/bert-base-chinese/', 'data_dir': '../data/cnews/', 'log_dir': './logs/', 'num_tags': 65, 'seed': 123, 'gpu_ids': '0', 'max_seq_len': 128, 'eval_batch_size': 12, 'swa_start': 3, 'train_epochs': 15, 'dropout_prob': 0.1, 'lr': 3e-05, 'other_lr': 0.0003, 'max_grad_norm': 1, 'warmup_proportion': 0.1, 'weight_decay': 0.01, 'adam_epsilon': 1e-08, 'train_batch_size': 32, 'eval_model': True}
2021-08-04 11:04:09,968 - INFO - preprocess.py - <module> - 162 - {'output_dir': '../checkpoints/', 'bert_dir': '../model_hub/bert-base-chinese/', 'data_dir': '../data/cnews/', 'log_dir': './logs/', 'num_tags': 65, 'seed': 123, 'gpu_ids': '0', 'max_seq_len': 128, 'eval_batch_size': 12, 'swa_start': 3, 'train_epochs': 15, 'dropout_prob': 0.1, 'lr': 3e-05, 'other_lr': 0.0003, 'max_grad_norm': 1, 'warmup_proportion': 0.1, 'weight_decay': 0.01, 'adam_epsilon': 1e-08, 'train_batch_size': 32, 'eval_model': True}
2021-08-04 11:04:09,997 - INFO - preprocess.py - convert_examples_to_features - 116 - Convert 3007 examples to features
2021-08-04 11:04:09,999 - INFO - preprocess.py - convert_bert_example - 92 - *** train_example-0 ***
2021-08-04 11:04:09,999 - INFO - preprocess.py - convert_bert_example - 93 - text: [CLS] # 潘 玉 良 # ： 从 妓 妾 到 一 代 画 魂 ( 图 ) # 潘 玉 良 # ( 1895 ~ 1977 ) ， 又 名 $ 张 玉 良 $ ， 字 世 秀 ， 江 苏 扬 州 人 。 [SEP]
2021-08-04 11:04:09,999 - INFO - preprocess.py - convert_bert_example - 94 - token_ids: [101, 108, 4050, 4373, 5679, 108, 8038, 794, 1972, 1989, 1168, 671, 807, 4514, 7789, 113, 1745, 114, 108, 4050, 4373, 5679, 108, 113, 10794, 172, 9060, 114, 8024, 1348, 1399, 109, 2476, 4373, 5679, 109, 8024, 2099, 686, 4899, 8024, 3736, 5722, 2813, 2336, 782, 511, 102, 0, 0, 0, 0, 0, 0, 0, 0, 0, 0, 0, 0, 0, 0, 0, 0, 0, 0, 0, 0, 0, 0, 0, 0, 0, 0, 0, 0, 0, 0, 0, 0, 0, 0, 0, 0, 0, 0, 0, 0, 0, 0, 0, 0, 0, 0, 0, 0, 0, 0, 0, 0, 0, 0, 0, 0, 0, 0, 0, 0, 0, 0, 0, 0, 0, 0, 0, 0, 0, 0, 0, 0, 0, 0, 0, 0, 0, 0, 0, 0]
2021-08-04 11:04:09,999 - INFO - preprocess.py - convert_bert_example - 95 - attention_masks: [1, 1, 1, 1, 1, 1, 1, 1, 1, 1, 1, 1, 1, 1, 1, 1, 1, 1, 1, 1, 1, 1, 1, 1, 1, 1, 1, 1, 1, 1, 1, 1, 1, 1, 1, 1, 1, 1, 1, 1, 1, 1, 1, 1, 1, 1, 1, 1, 0, 0, 0, 0, 0, 0, 0, 0, 0, 0, 0, 0, 0, 0, 0, 0, 0, 0, 0, 0, 0, 0, 0, 0, 0, 0, 0, 0, 0, 0, 0, 0, 0, 0, 0, 0, 0, 0, 0, 0, 0, 0, 0, 0, 0, 0, 0, 0, 0, 0, 0, 0, 0, 0, 0, 0, 0, 0, 0, 0, 0, 0, 0, 0, 0, 0, 0, 0, 0, 0, 0, 0, 0, 0, 0, 0, 0, 0, 0, 0]
2021-08-04 11:04:09,999 - INFO - preprocess.py - convert_bert_example - 96 - token_type_ids: [0, 0, 0, 0, 0, 0, 0, 0, 0, 0, 0, 0, 0, 0, 0, 0, 0, 0, 0, 0, 0, 0, 0, 0, 0, 0, 0, 0, 0, 0, 0, 0, 0, 0, 0, 0, 0, 0, 0, 0, 0, 0, 0, 0, 0, 0, 0, 0, 0, 0, 0, 0, 0, 0, 0, 0, 0, 0, 0, 0, 0, 0, 0, 0, 0, 0, 0, 0, 0, 0, 0, 0, 0, 0, 0, 0, 0, 0, 0, 0, 0, 0, 0, 0, 0, 0, 0, 0, 0, 0, 0, 0, 0, 0, 0, 0, 0, 0, 0, 0, 0, 0, 0, 0, 0, 0, 0, 0, 0, 0, 0, 0, 0, 0, 0, 0, 0, 0, 0, 0, 0, 0, 0, 0, 0, 0, 0, 0]
2021-08-04 11:04:09,999 - INFO - preprocess.py - convert_bert_example - 97 - labels: 9
2021-08-04 11:04:09,999 - INFO - preprocess.py - convert_bert_example - 98 - ids：[1, 5, 37, 41]
2021-08-04 11:04:10,000 - INFO - preprocess.py - convert_bert_example - 92 - *** train_example-1 ***
2021-08-04 11:04:10,000 - INFO - preprocess.py - convert_bert_example - 93 - text: [CLS] # 阮 福 玉 [UNK] # ， 安 义 贞 丽 公 主 ， 嫁 $ 黎 文 燕 $ 。 [SEP]
2021-08-04 11:04:10,000 - INFO - preprocess.py - convert_bert_example - 94 - token_ids: [101, 108, 7342, 4886, 4373, 100, 108, 8024, 2128, 721, 6565, 714, 1062, 712, 8024, 2063, 109, 7944, 3152, 4242, 109, 511, 102, 0, 0, 0, 0, 0, 0, 0, 0, 0, 0, 0, 0, 0, 0, 0, 0, 0, 0, 0, 0, 0, 0, 0, 0, 0, 0, 0, 0, 0, 0, 0, 0, 0, 0, 0, 0, 0, 0, 0, 0, 0, 0, 0, 0, 0, 0, 0, 0, 0, 0, 0, 0, 0, 0, 0, 0, 0, 0, 0, 0, 0, 0, 0, 0, 0, 0, 0, 0, 0, 0, 0, 0, 0, 0, 0, 0, 0, 0, 0, 0, 0, 0, 0, 0, 0, 0, 0, 0, 0, 0, 0, 0, 0, 0, 0, 0, 0, 0, 0, 0, 0, 0, 0, 0, 0]
2021-08-04 11:04:10,000 - INFO - preprocess.py - convert_bert_example - 95 - attention_masks: [1, 1, 1, 1, 1, 1, 1, 1, 1, 1, 1, 1, 1, 1, 1, 1, 1, 1, 1, 1, 1, 1, 1, 0, 0, 0, 0, 0, 0, 0, 0, 0, 0, 0, 0, 0, 0, 0, 0, 0, 0, 0, 0, 0, 0, 0, 0, 0, 0, 0, 0, 0, 0, 0, 0, 0, 0, 0, 0, 0, 0, 0, 0, 0, 0, 0, 0, 0, 0, 0, 0, 0, 0, 0, 0, 0, 0, 0, 0, 0, 0, 0, 0, 0, 0, 0, 0, 0, 0, 0, 0, 0, 0, 0, 0, 0, 0, 0, 0, 0, 0, 0, 0, 0, 0, 0, 0, 0, 0, 0, 0, 0, 0, 0, 0, 0, 0, 0, 0, 0, 0, 0, 0, 0, 0, 0, 0, 0]
2021-08-04 11:04:10,000 - INFO - preprocess.py - convert_bert_example - 96 - token_type_ids: [0, 0, 0, 0, 0, 0, 0, 0, 0, 0, 0, 0, 0, 0, 0, 0, 0, 0, 0, 0, 0, 0, 0, 0, 0, 0, 0, 0, 0, 0, 0, 0, 0, 0, 0, 0, 0, 0, 0, 0, 0, 0, 0, 0, 0, 0, 0, 0, 0, 0, 0, 0, 0, 0, 0, 0, 0, 0, 0, 0, 0, 0, 0, 0, 0, 0, 0, 0, 0, 0, 0, 0, 0, 0, 0, 0, 0, 0, 0, 0, 0, 0, 0, 0, 0, 0, 0, 0, 0, 0, 0, 0, 0, 0, 0, 0, 0, 0, 0, 0, 0, 0, 0, 0, 0, 0, 0, 0, 0, 0, 0, 0, 0, 0, 0, 0, 0, 0, 0, 0, 0, 0, 0, 0, 0, 0, 0, 0]
2021-08-04 11:04:10,000 - INFO - preprocess.py - convert_bert_example - 97 - labels: 1
2021-08-04 11:04:10,000 - INFO - preprocess.py - convert_bert_example - 98 - ids：[1, 6, 16, 20]
2021-08-04 11:04:10,002 - INFO - preprocess.py - convert_bert_example - 92 - *** train_example-2 ***
2021-08-04 11:04:10,002 - INFO - preprocess.py - convert_bert_example - 93 - text: [CLS] 出 身 贫 寒 的 # 李 光 前 # 深 受 其 岳 父 $ 陈 嘉 庚 $ 先 生 的 影 响 ， 一 生 热 心 社 会 公 益 ， 对 新 马 地 区 和 故 土 中 国 的 社 会 公 益 事 业 作 出 了 不 可 磨 灭 的 贡 献 。 [SEP]
2021-08-04 11:04:10,002 - INFO - preprocess.py - convert_bert_example - 94 - token_ids: [101, 1139, 6716, 6577, 2170, 4638, 108, 3330, 1045, 1184, 108, 3918, 1358, 1071, 2277, 4266, 109, 7357, 1649, 2423, 109, 1044, 4495, 4638, 2512, 1510, 8024, 671, 4495, 4178, 2552, 4852, 833, 1062, 4660, 8024, 2190, 3173, 7716, 1765, 1277, 1469, 3125, 1759, 704, 1744, 4638, 4852, 833, 1062, 4660, 752, 689, 868, 1139, 749, 679, 1377, 4836, 4127, 4638, 6567, 4346, 511, 102, 0, 0, 0, 0, 0, 0, 0, 0, 0, 0, 0, 0, 0, 0, 0, 0, 0, 0, 0, 0, 0, 0, 0, 0, 0, 0, 0, 0, 0, 0, 0, 0, 0, 0, 0, 0, 0, 0, 0, 0, 0, 0, 0, 0, 0, 0, 0, 0, 0, 0, 0, 0, 0, 0, 0, 0, 0, 0, 0, 0, 0, 0, 0]
2021-08-04 11:04:10,002 - INFO - preprocess.py - convert_bert_example - 95 - attention_masks: [1, 1, 1, 1, 1, 1, 1, 1, 1, 1, 1, 1, 1, 1, 1, 1, 1, 1, 1, 1, 1, 1, 1, 1, 1, 1, 1, 1, 1, 1, 1, 1, 1, 1, 1, 1, 1, 1, 1, 1, 1, 1, 1, 1, 1, 1, 1, 1, 1, 1, 1, 1, 1, 1, 1, 1, 1, 1, 1, 1, 1, 1, 1, 1, 1, 0, 0, 0, 0, 0, 0, 0, 0, 0, 0, 0, 0, 0, 0, 0, 0, 0, 0, 0, 0, 0, 0, 0, 0, 0, 0, 0, 0, 0, 0, 0, 0, 0, 0, 0, 0, 0, 0, 0, 0, 0, 0, 0, 0, 0, 0, 0, 0, 0, 0, 0, 0, 0, 0, 0, 0, 0, 0, 0, 0, 0, 0, 0]
2021-08-04 11:04:10,002 - INFO - preprocess.py - convert_bert_example - 96 - token_type_ids: [0, 0, 0, 0, 0, 0, 0, 0, 0, 0, 0, 0, 0, 0, 0, 0, 0, 0, 0, 0, 0, 0, 0, 0, 0, 0, 0, 0, 0, 0, 0, 0, 0, 0, 0, 0, 0, 0, 0, 0, 0, 0, 0, 0, 0, 0, 0, 0, 0, 0, 0, 0, 0, 0, 0, 0, 0, 0, 0, 0, 0, 0, 0, 0, 0, 0, 0, 0, 0, 0, 0, 0, 0, 0, 0, 0, 0, 0, 0, 0, 0, 0, 0, 0, 0, 0, 0, 0, 0, 0, 0, 0, 0, 0, 0, 0, 0, 0, 0, 0, 0, 0, 0, 0, 0, 0, 0, 0, 0, 0, 0, 0, 0, 0, 0, 0, 0, 0, 0, 0, 0, 0, 0, 0, 0, 0, 0, 0]
2021-08-04 11:04:10,002 - INFO - preprocess.py - convert_bert_example - 97 - labels: 13
2021-08-04 11:04:10,002 - INFO - preprocess.py - convert_bert_example - 98 - ids：[6, 10, 16, 20]
2021-08-04 11:04:11,984 - INFO - preprocess.py - convert_examples_to_features - 130 - Build 3007 features
2021-08-04 11:04:12,005 - INFO - preprocess.py - convert_examples_to_features - 116 - Convert 0 examples to features
2021-08-04 11:04:12,005 - INFO - preprocess.py - convert_examples_to_features - 130 - Build 0 features
2021-08-04 11:04:12,022 - INFO - preprocess.py - convert_examples_to_features - 116 - Convert 0 examples to features
2021-08-04 11:04:12,022 - INFO - preprocess.py - convert_examples_to_features - 130 - Build 0 features
2021-08-04 11:06:28,664 - INFO - preprocess.py - <module> - 162 - {'output_dir': '../checkpoints/', 'bert_dir': '../model_hub/bert-base-chinese/', 'data_dir': '../data/cnews/', 'log_dir': './logs/', 'num_tags': 65, 'seed': 123, 'gpu_ids': '0', 'max_seq_len': 128, 'eval_batch_size': 12, 'swa_start': 3, 'train_epochs': 15, 'dropout_prob': 0.1, 'lr': 3e-05, 'other_lr': 0.0003, 'max_grad_norm': 1, 'warmup_proportion': 0.1, 'weight_decay': 0.01, 'adam_epsilon': 1e-08, 'train_batch_size': 32, 'eval_model': True}
2021-08-04 11:06:28,693 - INFO - preprocess.py - convert_examples_to_features - 116 - Convert 3007 examples to features
2021-08-04 11:06:28,694 - INFO - preprocess.py - convert_bert_example - 92 - *** train_example-0 ***
2021-08-04 11:06:28,694 - INFO - preprocess.py - convert_bert_example - 93 - text: [CLS] # 潘 玉 良 # ： 从 妓 妾 到 一 代 画 魂 ( 图 ) # 潘 玉 良 # ( 1895 ~ 1977 ) ， 又 名 $ 张 玉 良 $ ， 字 世 秀 ， 江 苏 扬 州 人 。 [SEP]
2021-08-04 11:06:28,695 - INFO - preprocess.py - convert_bert_example - 94 - token_ids: [101, 108, 4050, 4373, 5679, 108, 8038, 794, 1972, 1989, 1168, 671, 807, 4514, 7789, 113, 1745, 114, 108, 4050, 4373, 5679, 108, 113, 10794, 172, 9060, 114, 8024, 1348, 1399, 109, 2476, 4373, 5679, 109, 8024, 2099, 686, 4899, 8024, 3736, 5722, 2813, 2336, 782, 511, 102, 0, 0, 0, 0, 0, 0, 0, 0, 0, 0, 0, 0, 0, 0, 0, 0, 0, 0, 0, 0, 0, 0, 0, 0, 0, 0, 0, 0, 0, 0, 0, 0, 0, 0, 0, 0, 0, 0, 0, 0, 0, 0, 0, 0, 0, 0, 0, 0, 0, 0, 0, 0, 0, 0, 0, 0, 0, 0, 0, 0, 0, 0, 0, 0, 0, 0, 0, 0, 0, 0, 0, 0, 0, 0, 0, 0, 0, 0, 0, 0]
2021-08-04 11:06:28,695 - INFO - preprocess.py - convert_bert_example - 95 - attention_masks: [1, 1, 1, 1, 1, 1, 1, 1, 1, 1, 1, 1, 1, 1, 1, 1, 1, 1, 1, 1, 1, 1, 1, 1, 1, 1, 1, 1, 1, 1, 1, 1, 1, 1, 1, 1, 1, 1, 1, 1, 1, 1, 1, 1, 1, 1, 1, 1, 0, 0, 0, 0, 0, 0, 0, 0, 0, 0, 0, 0, 0, 0, 0, 0, 0, 0, 0, 0, 0, 0, 0, 0, 0, 0, 0, 0, 0, 0, 0, 0, 0, 0, 0, 0, 0, 0, 0, 0, 0, 0, 0, 0, 0, 0, 0, 0, 0, 0, 0, 0, 0, 0, 0, 0, 0, 0, 0, 0, 0, 0, 0, 0, 0, 0, 0, 0, 0, 0, 0, 0, 0, 0, 0, 0, 0, 0, 0, 0]
2021-08-04 11:06:28,695 - INFO - preprocess.py - convert_bert_example - 96 - token_type_ids: [0, 0, 0, 0, 0, 0, 0, 0, 0, 0, 0, 0, 0, 0, 0, 0, 0, 0, 0, 0, 0, 0, 0, 0, 0, 0, 0, 0, 0, 0, 0, 0, 0, 0, 0, 0, 0, 0, 0, 0, 0, 0, 0, 0, 0, 0, 0, 0, 0, 0, 0, 0, 0, 0, 0, 0, 0, 0, 0, 0, 0, 0, 0, 0, 0, 0, 0, 0, 0, 0, 0, 0, 0, 0, 0, 0, 0, 0, 0, 0, 0, 0, 0, 0, 0, 0, 0, 0, 0, 0, 0, 0, 0, 0, 0, 0, 0, 0, 0, 0, 0, 0, 0, 0, 0, 0, 0, 0, 0, 0, 0, 0, 0, 0, 0, 0, 0, 0, 0, 0, 0, 0, 0, 0, 0, 0, 0, 0]
2021-08-04 11:06:28,695 - INFO - preprocess.py - convert_bert_example - 97 - labels: 9
2021-08-04 11:06:28,695 - INFO - preprocess.py - convert_bert_example - 98 - ids：[1, 5, 37, 41]
2021-08-04 11:06:28,695 - INFO - preprocess.py - convert_bert_example - 92 - *** train_example-1 ***
2021-08-04 11:06:28,696 - INFO - preprocess.py - convert_bert_example - 93 - text: [CLS] # 阮 福 玉 [UNK] # ， 安 义 贞 丽 公 主 ， 嫁 $ 黎 文 燕 $ 。 [SEP]
2021-08-04 11:06:28,696 - INFO - preprocess.py - convert_bert_example - 94 - token_ids: [101, 108, 7342, 4886, 4373, 100, 108, 8024, 2128, 721, 6565, 714, 1062, 712, 8024, 2063, 109, 7944, 3152, 4242, 109, 511, 102, 0, 0, 0, 0, 0, 0, 0, 0, 0, 0, 0, 0, 0, 0, 0, 0, 0, 0, 0, 0, 0, 0, 0, 0, 0, 0, 0, 0, 0, 0, 0, 0, 0, 0, 0, 0, 0, 0, 0, 0, 0, 0, 0, 0, 0, 0, 0, 0, 0, 0, 0, 0, 0, 0, 0, 0, 0, 0, 0, 0, 0, 0, 0, 0, 0, 0, 0, 0, 0, 0, 0, 0, 0, 0, 0, 0, 0, 0, 0, 0, 0, 0, 0, 0, 0, 0, 0, 0, 0, 0, 0, 0, 0, 0, 0, 0, 0, 0, 0, 0, 0, 0, 0, 0, 0]
2021-08-04 11:06:28,696 - INFO - preprocess.py - convert_bert_example - 95 - attention_masks: [1, 1, 1, 1, 1, 1, 1, 1, 1, 1, 1, 1, 1, 1, 1, 1, 1, 1, 1, 1, 1, 1, 1, 0, 0, 0, 0, 0, 0, 0, 0, 0, 0, 0, 0, 0, 0, 0, 0, 0, 0, 0, 0, 0, 0, 0, 0, 0, 0, 0, 0, 0, 0, 0, 0, 0, 0, 0, 0, 0, 0, 0, 0, 0, 0, 0, 0, 0, 0, 0, 0, 0, 0, 0, 0, 0, 0, 0, 0, 0, 0, 0, 0, 0, 0, 0, 0, 0, 0, 0, 0, 0, 0, 0, 0, 0, 0, 0, 0, 0, 0, 0, 0, 0, 0, 0, 0, 0, 0, 0, 0, 0, 0, 0, 0, 0, 0, 0, 0, 0, 0, 0, 0, 0, 0, 0, 0, 0]
2021-08-04 11:06:28,696 - INFO - preprocess.py - convert_bert_example - 96 - token_type_ids: [0, 0, 0, 0, 0, 0, 0, 0, 0, 0, 0, 0, 0, 0, 0, 0, 0, 0, 0, 0, 0, 0, 0, 0, 0, 0, 0, 0, 0, 0, 0, 0, 0, 0, 0, 0, 0, 0, 0, 0, 0, 0, 0, 0, 0, 0, 0, 0, 0, 0, 0, 0, 0, 0, 0, 0, 0, 0, 0, 0, 0, 0, 0, 0, 0, 0, 0, 0, 0, 0, 0, 0, 0, 0, 0, 0, 0, 0, 0, 0, 0, 0, 0, 0, 0, 0, 0, 0, 0, 0, 0, 0, 0, 0, 0, 0, 0, 0, 0, 0, 0, 0, 0, 0, 0, 0, 0, 0, 0, 0, 0, 0, 0, 0, 0, 0, 0, 0, 0, 0, 0, 0, 0, 0, 0, 0, 0, 0]
2021-08-04 11:06:28,696 - INFO - preprocess.py - convert_bert_example - 97 - labels: 1
2021-08-04 11:06:28,696 - INFO - preprocess.py - convert_bert_example - 98 - ids：[1, 6, 16, 20]
2021-08-04 11:06:28,697 - INFO - preprocess.py - convert_bert_example - 92 - *** train_example-2 ***
2021-08-04 11:06:28,697 - INFO - preprocess.py - convert_bert_example - 93 - text: [CLS] 出 身 贫 寒 的 # 李 光 前 # 深 受 其 岳 父 $ 陈 嘉 庚 $ 先 生 的 影 响 ， 一 生 热 心 社 会 公 益 ， 对 新 马 地 区 和 故 土 中 国 的 社 会 公 益 事 业 作 出 了 不 可 磨 灭 的 贡 献 。 [SEP]
2021-08-04 11:06:28,697 - INFO - preprocess.py - convert_bert_example - 94 - token_ids: [101, 1139, 6716, 6577, 2170, 4638, 108, 3330, 1045, 1184, 108, 3918, 1358, 1071, 2277, 4266, 109, 7357, 1649, 2423, 109, 1044, 4495, 4638, 2512, 1510, 8024, 671, 4495, 4178, 2552, 4852, 833, 1062, 4660, 8024, 2190, 3173, 7716, 1765, 1277, 1469, 3125, 1759, 704, 1744, 4638, 4852, 833, 1062, 4660, 752, 689, 868, 1139, 749, 679, 1377, 4836, 4127, 4638, 6567, 4346, 511, 102, 0, 0, 0, 0, 0, 0, 0, 0, 0, 0, 0, 0, 0, 0, 0, 0, 0, 0, 0, 0, 0, 0, 0, 0, 0, 0, 0, 0, 0, 0, 0, 0, 0, 0, 0, 0, 0, 0, 0, 0, 0, 0, 0, 0, 0, 0, 0, 0, 0, 0, 0, 0, 0, 0, 0, 0, 0, 0, 0, 0, 0, 0, 0]
2021-08-04 11:06:28,697 - INFO - preprocess.py - convert_bert_example - 95 - attention_masks: [1, 1, 1, 1, 1, 1, 1, 1, 1, 1, 1, 1, 1, 1, 1, 1, 1, 1, 1, 1, 1, 1, 1, 1, 1, 1, 1, 1, 1, 1, 1, 1, 1, 1, 1, 1, 1, 1, 1, 1, 1, 1, 1, 1, 1, 1, 1, 1, 1, 1, 1, 1, 1, 1, 1, 1, 1, 1, 1, 1, 1, 1, 1, 1, 1, 0, 0, 0, 0, 0, 0, 0, 0, 0, 0, 0, 0, 0, 0, 0, 0, 0, 0, 0, 0, 0, 0, 0, 0, 0, 0, 0, 0, 0, 0, 0, 0, 0, 0, 0, 0, 0, 0, 0, 0, 0, 0, 0, 0, 0, 0, 0, 0, 0, 0, 0, 0, 0, 0, 0, 0, 0, 0, 0, 0, 0, 0, 0]
2021-08-04 11:06:28,698 - INFO - preprocess.py - convert_bert_example - 96 - token_type_ids: [0, 0, 0, 0, 0, 0, 0, 0, 0, 0, 0, 0, 0, 0, 0, 0, 0, 0, 0, 0, 0, 0, 0, 0, 0, 0, 0, 0, 0, 0, 0, 0, 0, 0, 0, 0, 0, 0, 0, 0, 0, 0, 0, 0, 0, 0, 0, 0, 0, 0, 0, 0, 0, 0, 0, 0, 0, 0, 0, 0, 0, 0, 0, 0, 0, 0, 0, 0, 0, 0, 0, 0, 0, 0, 0, 0, 0, 0, 0, 0, 0, 0, 0, 0, 0, 0, 0, 0, 0, 0, 0, 0, 0, 0, 0, 0, 0, 0, 0, 0, 0, 0, 0, 0, 0, 0, 0, 0, 0, 0, 0, 0, 0, 0, 0, 0, 0, 0, 0, 0, 0, 0, 0, 0, 0, 0, 0, 0]
2021-08-04 11:06:28,698 - INFO - preprocess.py - convert_bert_example - 97 - labels: 13
2021-08-04 11:06:28,698 - INFO - preprocess.py - convert_bert_example - 98 - ids：[6, 10, 16, 20]
2021-08-04 11:06:30,661 - INFO - preprocess.py - convert_examples_to_features - 130 - Build 3007 features
2021-08-04 11:06:30,684 - INFO - preprocess.py - convert_examples_to_features - 116 - Convert 752 examples to features
2021-08-04 11:06:30,685 - INFO - preprocess.py - convert_bert_example - 92 - *** dev_example-0 ***
2021-08-04 11:06:30,685 - INFO - preprocess.py - convert_bert_example - 93 - text: [CLS] 程 砚 秋 与 # 果 素 瑛 # 生 有 三 子 一 女 ， 即 $ 程 永 光 $ 、 程 永 源 、 程 永 江 和 程 慧 贞 。 [SEP]
2021-08-04 11:06:30,685 - INFO - preprocess.py - convert_bert_example - 94 - token_ids: [101, 4923, 4780, 4904, 680, 108, 3362, 5162, 4446, 108, 4495, 3300, 676, 2094, 671, 1957, 8024, 1315, 109, 4923, 3719, 1045, 109, 510, 4923, 3719, 3975, 510, 4923, 3719, 3736, 1469, 4923, 2716, 6565, 511, 102, 0, 0, 0, 0, 0, 0, 0, 0, 0, 0, 0, 0, 0, 0, 0, 0, 0, 0, 0, 0, 0, 0, 0, 0, 0, 0, 0, 0, 0, 0, 0, 0, 0, 0, 0, 0, 0, 0, 0, 0, 0, 0, 0, 0, 0, 0, 0, 0, 0, 0, 0, 0, 0, 0, 0, 0, 0, 0, 0, 0, 0, 0, 0, 0, 0, 0, 0, 0, 0, 0, 0, 0, 0, 0, 0, 0, 0, 0, 0, 0, 0, 0, 0, 0, 0, 0, 0, 0, 0, 0, 0]
2021-08-04 11:06:30,685 - INFO - preprocess.py - convert_bert_example - 95 - attention_masks: [1, 1, 1, 1, 1, 1, 1, 1, 1, 1, 1, 1, 1, 1, 1, 1, 1, 1, 1, 1, 1, 1, 1, 1, 1, 1, 1, 1, 1, 1, 1, 1, 1, 1, 1, 1, 1, 0, 0, 0, 0, 0, 0, 0, 0, 0, 0, 0, 0, 0, 0, 0, 0, 0, 0, 0, 0, 0, 0, 0, 0, 0, 0, 0, 0, 0, 0, 0, 0, 0, 0, 0, 0, 0, 0, 0, 0, 0, 0, 0, 0, 0, 0, 0, 0, 0, 0, 0, 0, 0, 0, 0, 0, 0, 0, 0, 0, 0, 0, 0, 0, 0, 0, 0, 0, 0, 0, 0, 0, 0, 0, 0, 0, 0, 0, 0, 0, 0, 0, 0, 0, 0, 0, 0, 0, 0, 0, 0]
2021-08-04 11:06:30,685 - INFO - preprocess.py - convert_bert_example - 96 - token_type_ids: [0, 0, 0, 0, 0, 0, 0, 0, 0, 0, 0, 0, 0, 0, 0, 0, 0, 0, 0, 0, 0, 0, 0, 0, 0, 0, 0, 0, 0, 0, 0, 0, 0, 0, 0, 0, 0, 0, 0, 0, 0, 0, 0, 0, 0, 0, 0, 0, 0, 0, 0, 0, 0, 0, 0, 0, 0, 0, 0, 0, 0, 0, 0, 0, 0, 0, 0, 0, 0, 0, 0, 0, 0, 0, 0, 0, 0, 0, 0, 0, 0, 0, 0, 0, 0, 0, 0, 0, 0, 0, 0, 0, 0, 0, 0, 0, 0, 0, 0, 0, 0, 0, 0, 0, 0, 0, 0, 0, 0, 0, 0, 0, 0, 0, 0, 0, 0, 0, 0, 0, 0, 0, 0, 0, 0, 0, 0, 0]
2021-08-04 11:06:30,686 - INFO - preprocess.py - convert_bert_example - 97 - labels: 2
2021-08-04 11:06:30,686 - INFO - preprocess.py - convert_bert_example - 98 - ids：[5, 9, 18, 22]
2021-08-04 11:06:30,686 - INFO - preprocess.py - convert_bert_example - 92 - *** dev_example-1 ***
2021-08-04 11:06:30,687 - INFO - preprocess.py - convert_bert_example - 93 - text: [CLS] 程 砚 秋 与 果 素 瑛 生 有 三 子 一 女 ， 即 # 程 永 光 # 、 程 永 源 、 $ 程 永 江 $ 和 程 慧 贞 。 [SEP]
2021-08-04 11:06:30,687 - INFO - preprocess.py - convert_bert_example - 94 - token_ids: [101, 4923, 4780, 4904, 680, 3362, 5162, 4446, 4495, 3300, 676, 2094, 671, 1957, 8024, 1315, 108, 4923, 3719, 1045, 108, 510, 4923, 3719, 3975, 510, 109, 4923, 3719, 3736, 109, 1469, 4923, 2716, 6565, 511, 102, 0, 0, 0, 0, 0, 0, 0, 0, 0, 0, 0, 0, 0, 0, 0, 0, 0, 0, 0, 0, 0, 0, 0, 0, 0, 0, 0, 0, 0, 0, 0, 0, 0, 0, 0, 0, 0, 0, 0, 0, 0, 0, 0, 0, 0, 0, 0, 0, 0, 0, 0, 0, 0, 0, 0, 0, 0, 0, 0, 0, 0, 0, 0, 0, 0, 0, 0, 0, 0, 0, 0, 0, 0, 0, 0, 0, 0, 0, 0, 0, 0, 0, 0, 0, 0, 0, 0, 0, 0, 0, 0]
2021-08-04 11:06:30,687 - INFO - preprocess.py - convert_bert_example - 95 - attention_masks: [1, 1, 1, 1, 1, 1, 1, 1, 1, 1, 1, 1, 1, 1, 1, 1, 1, 1, 1, 1, 1, 1, 1, 1, 1, 1, 1, 1, 1, 1, 1, 1, 1, 1, 1, 1, 1, 0, 0, 0, 0, 0, 0, 0, 0, 0, 0, 0, 0, 0, 0, 0, 0, 0, 0, 0, 0, 0, 0, 0, 0, 0, 0, 0, 0, 0, 0, 0, 0, 0, 0, 0, 0, 0, 0, 0, 0, 0, 0, 0, 0, 0, 0, 0, 0, 0, 0, 0, 0, 0, 0, 0, 0, 0, 0, 0, 0, 0, 0, 0, 0, 0, 0, 0, 0, 0, 0, 0, 0, 0, 0, 0, 0, 0, 0, 0, 0, 0, 0, 0, 0, 0, 0, 0, 0, 0, 0, 0]
2021-08-04 11:06:30,687 - INFO - preprocess.py - convert_bert_example - 96 - token_type_ids: [0, 0, 0, 0, 0, 0, 0, 0, 0, 0, 0, 0, 0, 0, 0, 0, 0, 0, 0, 0, 0, 0, 0, 0, 0, 0, 0, 0, 0, 0, 0, 0, 0, 0, 0, 0, 0, 0, 0, 0, 0, 0, 0, 0, 0, 0, 0, 0, 0, 0, 0, 0, 0, 0, 0, 0, 0, 0, 0, 0, 0, 0, 0, 0, 0, 0, 0, 0, 0, 0, 0, 0, 0, 0, 0, 0, 0, 0, 0, 0, 0, 0, 0, 0, 0, 0, 0, 0, 0, 0, 0, 0, 0, 0, 0, 0, 0, 0, 0, 0, 0, 0, 0, 0, 0, 0, 0, 0, 0, 0, 0, 0, 0, 0, 0, 0, 0, 0, 0, 0, 0, 0, 0, 0, 0, 0, 0, 0]
2021-08-04 11:06:30,687 - INFO - preprocess.py - convert_bert_example - 97 - labels: 3
2021-08-04 11:06:30,687 - INFO - preprocess.py - convert_bert_example - 98 - ids：[16, 20, 26, 30]
2021-08-04 11:06:30,688 - INFO - preprocess.py - convert_bert_example - 92 - *** dev_example-2 ***
2021-08-04 11:06:30,688 - INFO - preprocess.py - convert_bert_example - 93 - text: [CLS] 曹 操 南 征 荆 州 ， # 刘 表 # 之 子 $ 刘 琮 $ 投 降 ， 刘 备 领 军 民 十 余 万 避 难 ， 于 当 阳 遭 遇 曹 军 追 兵 ， 惨 败 。 [SEP]
2021-08-04 11:06:30,688 - INFO - preprocess.py - convert_bert_example - 94 - token_ids: [101, 3293, 3082, 1298, 2519, 5769, 2336, 8024, 108, 1155, 6134, 108, 722, 2094, 109, 1155, 4429, 109, 2832, 7360, 8024, 1155, 1906, 7566, 1092, 3696, 1282, 865, 674, 6912, 7410, 8024, 754, 2496, 7345, 6901, 6878, 3293, 1092, 6841, 1070, 8024, 2673, 6571, 511, 102, 0, 0, 0, 0, 0, 0, 0, 0, 0, 0, 0, 0, 0, 0, 0, 0, 0, 0, 0, 0, 0, 0, 0, 0, 0, 0, 0, 0, 0, 0, 0, 0, 0, 0, 0, 0, 0, 0, 0, 0, 0, 0, 0, 0, 0, 0, 0, 0, 0, 0, 0, 0, 0, 0, 0, 0, 0, 0, 0, 0, 0, 0, 0, 0, 0, 0, 0, 0, 0, 0, 0, 0, 0, 0, 0, 0, 0, 0, 0, 0, 0, 0]
2021-08-04 11:06:30,688 - INFO - preprocess.py - convert_bert_example - 95 - attention_masks: [1, 1, 1, 1, 1, 1, 1, 1, 1, 1, 1, 1, 1, 1, 1, 1, 1, 1, 1, 1, 1, 1, 1, 1, 1, 1, 1, 1, 1, 1, 1, 1, 1, 1, 1, 1, 1, 1, 1, 1, 1, 1, 1, 1, 1, 1, 0, 0, 0, 0, 0, 0, 0, 0, 0, 0, 0, 0, 0, 0, 0, 0, 0, 0, 0, 0, 0, 0, 0, 0, 0, 0, 0, 0, 0, 0, 0, 0, 0, 0, 0, 0, 0, 0, 0, 0, 0, 0, 0, 0, 0, 0, 0, 0, 0, 0, 0, 0, 0, 0, 0, 0, 0, 0, 0, 0, 0, 0, 0, 0, 0, 0, 0, 0, 0, 0, 0, 0, 0, 0, 0, 0, 0, 0, 0, 0, 0, 0]
2021-08-04 11:06:30,688 - INFO - preprocess.py - convert_bert_example - 96 - token_type_ids: [0, 0, 0, 0, 0, 0, 0, 0, 0, 0, 0, 0, 0, 0, 0, 0, 0, 0, 0, 0, 0, 0, 0, 0, 0, 0, 0, 0, 0, 0, 0, 0, 0, 0, 0, 0, 0, 0, 0, 0, 0, 0, 0, 0, 0, 0, 0, 0, 0, 0, 0, 0, 0, 0, 0, 0, 0, 0, 0, 0, 0, 0, 0, 0, 0, 0, 0, 0, 0, 0, 0, 0, 0, 0, 0, 0, 0, 0, 0, 0, 0, 0, 0, 0, 0, 0, 0, 0, 0, 0, 0, 0, 0, 0, 0, 0, 0, 0, 0, 0, 0, 0, 0, 0, 0, 0, 0, 0, 0, 0, 0, 0, 0, 0, 0, 0, 0, 0, 0, 0, 0, 0, 0, 0, 0, 0, 0, 0]
2021-08-04 11:06:30,688 - INFO - preprocess.py - convert_bert_example - 97 - labels: 2
2021-08-04 11:06:30,688 - INFO - preprocess.py - convert_bert_example - 98 - ids：[8, 11, 14, 17]
2021-08-04 11:06:31,177 - INFO - preprocess.py - convert_examples_to_features - 130 - Build 752 features
2021-08-04 11:06:31,197 - INFO - preprocess.py - convert_examples_to_features - 116 - Convert 752 examples to features
2021-08-04 11:06:31,198 - INFO - preprocess.py - convert_bert_example - 92 - *** test_example-0 ***
2021-08-04 11:06:31,198 - INFO - preprocess.py - convert_bert_example - 93 - text: [CLS] 程 砚 秋 与 # 果 素 瑛 # 生 有 三 子 一 女 ， 即 $ 程 永 光 $ 、 程 永 源 、 程 永 江 和 程 慧 贞 。 [SEP]
2021-08-04 11:06:31,198 - INFO - preprocess.py - convert_bert_example - 94 - token_ids: [101, 4923, 4780, 4904, 680, 108, 3362, 5162, 4446, 108, 4495, 3300, 676, 2094, 671, 1957, 8024, 1315, 109, 4923, 3719, 1045, 109, 510, 4923, 3719, 3975, 510, 4923, 3719, 3736, 1469, 4923, 2716, 6565, 511, 102, 0, 0, 0, 0, 0, 0, 0, 0, 0, 0, 0, 0, 0, 0, 0, 0, 0, 0, 0, 0, 0, 0, 0, 0, 0, 0, 0, 0, 0, 0, 0, 0, 0, 0, 0, 0, 0, 0, 0, 0, 0, 0, 0, 0, 0, 0, 0, 0, 0, 0, 0, 0, 0, 0, 0, 0, 0, 0, 0, 0, 0, 0, 0, 0, 0, 0, 0, 0, 0, 0, 0, 0, 0, 0, 0, 0, 0, 0, 0, 0, 0, 0, 0, 0, 0, 0, 0, 0, 0, 0, 0]
2021-08-04 11:06:31,198 - INFO - preprocess.py - convert_bert_example - 95 - attention_masks: [1, 1, 1, 1, 1, 1, 1, 1, 1, 1, 1, 1, 1, 1, 1, 1, 1, 1, 1, 1, 1, 1, 1, 1, 1, 1, 1, 1, 1, 1, 1, 1, 1, 1, 1, 1, 1, 0, 0, 0, 0, 0, 0, 0, 0, 0, 0, 0, 0, 0, 0, 0, 0, 0, 0, 0, 0, 0, 0, 0, 0, 0, 0, 0, 0, 0, 0, 0, 0, 0, 0, 0, 0, 0, 0, 0, 0, 0, 0, 0, 0, 0, 0, 0, 0, 0, 0, 0, 0, 0, 0, 0, 0, 0, 0, 0, 0, 0, 0, 0, 0, 0, 0, 0, 0, 0, 0, 0, 0, 0, 0, 0, 0, 0, 0, 0, 0, 0, 0, 0, 0, 0, 0, 0, 0, 0, 0, 0]
2021-08-04 11:06:31,198 - INFO - preprocess.py - convert_bert_example - 96 - token_type_ids: [0, 0, 0, 0, 0, 0, 0, 0, 0, 0, 0, 0, 0, 0, 0, 0, 0, 0, 0, 0, 0, 0, 0, 0, 0, 0, 0, 0, 0, 0, 0, 0, 0, 0, 0, 0, 0, 0, 0, 0, 0, 0, 0, 0, 0, 0, 0, 0, 0, 0, 0, 0, 0, 0, 0, 0, 0, 0, 0, 0, 0, 0, 0, 0, 0, 0, 0, 0, 0, 0, 0, 0, 0, 0, 0, 0, 0, 0, 0, 0, 0, 0, 0, 0, 0, 0, 0, 0, 0, 0, 0, 0, 0, 0, 0, 0, 0, 0, 0, 0, 0, 0, 0, 0, 0, 0, 0, 0, 0, 0, 0, 0, 0, 0, 0, 0, 0, 0, 0, 0, 0, 0, 0, 0, 0, 0, 0, 0]
2021-08-04 11:06:31,198 - INFO - preprocess.py - convert_bert_example - 97 - labels: 2
2021-08-04 11:06:31,198 - INFO - preprocess.py - convert_bert_example - 98 - ids：[5, 9, 18, 22]
2021-08-04 11:06:31,199 - INFO - preprocess.py - convert_bert_example - 92 - *** test_example-1 ***
2021-08-04 11:06:31,199 - INFO - preprocess.py - convert_bert_example - 93 - text: [CLS] 程 砚 秋 与 果 素 瑛 生 有 三 子 一 女 ， 即 # 程 永 光 # 、 程 永 源 、 $ 程 永 江 $ 和 程 慧 贞 。 [SEP]
2021-08-04 11:06:31,199 - INFO - preprocess.py - convert_bert_example - 94 - token_ids: [101, 4923, 4780, 4904, 680, 3362, 5162, 4446, 4495, 3300, 676, 2094, 671, 1957, 8024, 1315, 108, 4923, 3719, 1045, 108, 510, 4923, 3719, 3975, 510, 109, 4923, 3719, 3736, 109, 1469, 4923, 2716, 6565, 511, 102, 0, 0, 0, 0, 0, 0, 0, 0, 0, 0, 0, 0, 0, 0, 0, 0, 0, 0, 0, 0, 0, 0, 0, 0, 0, 0, 0, 0, 0, 0, 0, 0, 0, 0, 0, 0, 0, 0, 0, 0, 0, 0, 0, 0, 0, 0, 0, 0, 0, 0, 0, 0, 0, 0, 0, 0, 0, 0, 0, 0, 0, 0, 0, 0, 0, 0, 0, 0, 0, 0, 0, 0, 0, 0, 0, 0, 0, 0, 0, 0, 0, 0, 0, 0, 0, 0, 0, 0, 0, 0, 0]
2021-08-04 11:06:31,199 - INFO - preprocess.py - convert_bert_example - 95 - attention_masks: [1, 1, 1, 1, 1, 1, 1, 1, 1, 1, 1, 1, 1, 1, 1, 1, 1, 1, 1, 1, 1, 1, 1, 1, 1, 1, 1, 1, 1, 1, 1, 1, 1, 1, 1, 1, 1, 0, 0, 0, 0, 0, 0, 0, 0, 0, 0, 0, 0, 0, 0, 0, 0, 0, 0, 0, 0, 0, 0, 0, 0, 0, 0, 0, 0, 0, 0, 0, 0, 0, 0, 0, 0, 0, 0, 0, 0, 0, 0, 0, 0, 0, 0, 0, 0, 0, 0, 0, 0, 0, 0, 0, 0, 0, 0, 0, 0, 0, 0, 0, 0, 0, 0, 0, 0, 0, 0, 0, 0, 0, 0, 0, 0, 0, 0, 0, 0, 0, 0, 0, 0, 0, 0, 0, 0, 0, 0, 0]
2021-08-04 11:06:31,200 - INFO - preprocess.py - convert_bert_example - 96 - token_type_ids: [0, 0, 0, 0, 0, 0, 0, 0, 0, 0, 0, 0, 0, 0, 0, 0, 0, 0, 0, 0, 0, 0, 0, 0, 0, 0, 0, 0, 0, 0, 0, 0, 0, 0, 0, 0, 0, 0, 0, 0, 0, 0, 0, 0, 0, 0, 0, 0, 0, 0, 0, 0, 0, 0, 0, 0, 0, 0, 0, 0, 0, 0, 0, 0, 0, 0, 0, 0, 0, 0, 0, 0, 0, 0, 0, 0, 0, 0, 0, 0, 0, 0, 0, 0, 0, 0, 0, 0, 0, 0, 0, 0, 0, 0, 0, 0, 0, 0, 0, 0, 0, 0, 0, 0, 0, 0, 0, 0, 0, 0, 0, 0, 0, 0, 0, 0, 0, 0, 0, 0, 0, 0, 0, 0, 0, 0, 0, 0]
2021-08-04 11:06:31,200 - INFO - preprocess.py - convert_bert_example - 97 - labels: 3
2021-08-04 11:06:31,200 - INFO - preprocess.py - convert_bert_example - 98 - ids：[16, 20, 26, 30]
2021-08-04 11:06:31,201 - INFO - preprocess.py - convert_bert_example - 92 - *** test_example-2 ***
2021-08-04 11:06:31,201 - INFO - preprocess.py - convert_bert_example - 93 - text: [CLS] 曹 操 南 征 荆 州 ， # 刘 表 # 之 子 $ 刘 琮 $ 投 降 ， 刘 备 领 军 民 十 余 万 避 难 ， 于 当 阳 遭 遇 曹 军 追 兵 ， 惨 败 。 [SEP]
2021-08-04 11:06:31,201 - INFO - preprocess.py - convert_bert_example - 94 - token_ids: [101, 3293, 3082, 1298, 2519, 5769, 2336, 8024, 108, 1155, 6134, 108, 722, 2094, 109, 1155, 4429, 109, 2832, 7360, 8024, 1155, 1906, 7566, 1092, 3696, 1282, 865, 674, 6912, 7410, 8024, 754, 2496, 7345, 6901, 6878, 3293, 1092, 6841, 1070, 8024, 2673, 6571, 511, 102, 0, 0, 0, 0, 0, 0, 0, 0, 0, 0, 0, 0, 0, 0, 0, 0, 0, 0, 0, 0, 0, 0, 0, 0, 0, 0, 0, 0, 0, 0, 0, 0, 0, 0, 0, 0, 0, 0, 0, 0, 0, 0, 0, 0, 0, 0, 0, 0, 0, 0, 0, 0, 0, 0, 0, 0, 0, 0, 0, 0, 0, 0, 0, 0, 0, 0, 0, 0, 0, 0, 0, 0, 0, 0, 0, 0, 0, 0, 0, 0, 0, 0]
2021-08-04 11:06:31,201 - INFO - preprocess.py - convert_bert_example - 95 - attention_masks: [1, 1, 1, 1, 1, 1, 1, 1, 1, 1, 1, 1, 1, 1, 1, 1, 1, 1, 1, 1, 1, 1, 1, 1, 1, 1, 1, 1, 1, 1, 1, 1, 1, 1, 1, 1, 1, 1, 1, 1, 1, 1, 1, 1, 1, 1, 0, 0, 0, 0, 0, 0, 0, 0, 0, 0, 0, 0, 0, 0, 0, 0, 0, 0, 0, 0, 0, 0, 0, 0, 0, 0, 0, 0, 0, 0, 0, 0, 0, 0, 0, 0, 0, 0, 0, 0, 0, 0, 0, 0, 0, 0, 0, 0, 0, 0, 0, 0, 0, 0, 0, 0, 0, 0, 0, 0, 0, 0, 0, 0, 0, 0, 0, 0, 0, 0, 0, 0, 0, 0, 0, 0, 0, 0, 0, 0, 0, 0]
2021-08-04 11:06:31,201 - INFO - preprocess.py - convert_bert_example - 96 - token_type_ids: [0, 0, 0, 0, 0, 0, 0, 0, 0, 0, 0, 0, 0, 0, 0, 0, 0, 0, 0, 0, 0, 0, 0, 0, 0, 0, 0, 0, 0, 0, 0, 0, 0, 0, 0, 0, 0, 0, 0, 0, 0, 0, 0, 0, 0, 0, 0, 0, 0, 0, 0, 0, 0, 0, 0, 0, 0, 0, 0, 0, 0, 0, 0, 0, 0, 0, 0, 0, 0, 0, 0, 0, 0, 0, 0, 0, 0, 0, 0, 0, 0, 0, 0, 0, 0, 0, 0, 0, 0, 0, 0, 0, 0, 0, 0, 0, 0, 0, 0, 0, 0, 0, 0, 0, 0, 0, 0, 0, 0, 0, 0, 0, 0, 0, 0, 0, 0, 0, 0, 0, 0, 0, 0, 0, 0, 0, 0, 0]
2021-08-04 11:06:31,201 - INFO - preprocess.py - convert_bert_example - 97 - labels: 2
2021-08-04 11:06:31,201 - INFO - preprocess.py - convert_bert_example - 98 - ids：[8, 11, 14, 17]
2021-08-04 11:06:31,683 - INFO - preprocess.py - convert_examples_to_features - 130 - Build 752 features
