2022-06-23 08:05:20,314 - INFO - main.py - <module> - 219 - Namespace(adam_epsilon=1e-08, bert_dir='model_hub/chinese-bert-wwm-ext/', data_dir='./data/cner', dropout_prob=0.1, eval_batch_size=8, eval_steps=50, gpu_ids='0', head_size=64, log_dir='./logs/', lr=5e-05, max_grad_norm=1.0, max_seq_len=150, num_tags=8, other_lr=5e-05, output_dir='./checkpoints/', seed=123, train_batch_size=32, train_epochs=7, use_tensorboard='True', warmup_proportion=0.1, weight_decay=0.01)
2022-06-23 08:05:26,932 - INFO - train_utils.py - load_model_and_parallel - 113 - Use single gpu in: ['0']
2022-06-23 08:05:28,429 - INFO - main.py - train - 58 - 【train】 epoch:1 0/840 loss:6.5537
2022-06-23 08:05:29,614 - INFO - main.py - train - 58 - 【train】 epoch:1 1/840 loss:6.3655
2022-06-23 08:05:30,792 - INFO - main.py - train - 58 - 【train】 epoch:1 2/840 loss:6.3629
2022-06-23 08:05:31,977 - INFO - main.py - train - 58 - 【train】 epoch:1 3/840 loss:6.2017
2022-06-23 08:05:33,169 - INFO - main.py - train - 58 - 【train】 epoch:1 4/840 loss:6.2716
2022-06-23 08:05:34,360 - INFO - main.py - train - 58 - 【train】 epoch:1 5/840 loss:5.6383
2022-06-23 08:05:35,541 - INFO - main.py - train - 58 - 【train】 epoch:1 6/840 loss:5.8822
2022-06-23 08:05:36,718 - INFO - main.py - train - 58 - 【train】 epoch:1 7/840 loss:5.8615
2022-06-23 08:05:37,890 - INFO - main.py - train - 58 - 【train】 epoch:1 8/840 loss:6.1739
2022-06-23 08:05:39,089 - INFO - main.py - train - 58 - 【train】 epoch:1 9/840 loss:6.0868
2022-06-23 08:05:40,280 - INFO - main.py - train - 58 - 【train】 epoch:1 10/840 loss:6.3841
2022-06-23 08:05:41,472 - INFO - main.py - train - 58 - 【train】 epoch:1 11/840 loss:5.7132
2022-06-23 08:05:42,666 - INFO - main.py - train - 58 - 【train】 epoch:1 12/840 loss:6.1425
2022-06-23 08:05:43,853 - INFO - main.py - train - 58 - 【train】 epoch:1 13/840 loss:5.9449
2022-06-23 08:05:45,047 - INFO - main.py - train - 58 - 【train】 epoch:1 14/840 loss:6.0713
2022-06-23 08:05:46,257 - INFO - main.py - train - 58 - 【train】 epoch:1 15/840 loss:6.0539
2022-06-23 08:05:47,473 - INFO - main.py - train - 58 - 【train】 epoch:1 16/840 loss:6.5734
2022-06-23 08:05:48,660 - INFO - main.py - train - 58 - 【train】 epoch:1 17/840 loss:5.5885
2022-06-23 08:05:49,855 - INFO - main.py - train - 58 - 【train】 epoch:1 18/840 loss:6.0319
2022-06-23 08:05:51,049 - INFO - main.py - train - 58 - 【train】 epoch:1 19/840 loss:5.7341
2022-06-23 08:05:52,248 - INFO - main.py - train - 58 - 【train】 epoch:1 20/840 loss:6.0054
2022-06-23 08:05:53,458 - INFO - main.py - train - 58 - 【train】 epoch:1 21/840 loss:5.4084
2022-06-23 08:05:54,634 - INFO - main.py - train - 58 - 【train】 epoch:1 22/840 loss:5.7237
2022-06-23 08:05:55,845 - INFO - main.py - train - 58 - 【train】 epoch:1 23/840 loss:5.6888
2022-06-23 08:05:57,051 - INFO - main.py - train - 58 - 【train】 epoch:1 24/840 loss:6.1065
2022-06-23 08:05:58,256 - INFO - main.py - train - 58 - 【train】 epoch:1 25/840 loss:5.3510
2022-06-23 08:05:59,461 - INFO - main.py - train - 58 - 【train】 epoch:1 26/840 loss:5.4284
2022-06-23 08:06:00,698 - INFO - main.py - train - 58 - 【train】 epoch:1 27/840 loss:5.1626
2022-06-23 08:06:01,904 - INFO - main.py - train - 58 - 【train】 epoch:1 28/840 loss:5.0619
2022-06-23 08:06:03,108 - INFO - main.py - train - 58 - 【train】 epoch:1 29/840 loss:5.4693
2022-06-23 08:06:04,316 - INFO - main.py - train - 58 - 【train】 epoch:1 30/840 loss:4.9296
2022-06-23 08:06:05,542 - INFO - main.py - train - 58 - 【train】 epoch:1 31/840 loss:4.9964
2022-06-23 08:06:06,760 - INFO - main.py - train - 58 - 【train】 epoch:1 32/840 loss:5.0993
2022-06-23 08:06:07,972 - INFO - main.py - train - 58 - 【train】 epoch:1 33/840 loss:5.3872
2022-06-23 08:06:09,181 - INFO - main.py - train - 58 - 【train】 epoch:1 34/840 loss:5.1140
2022-06-23 08:06:10,401 - INFO - main.py - train - 58 - 【train】 epoch:1 35/840 loss:5.1166
2022-06-23 08:06:11,609 - INFO - main.py - train - 58 - 【train】 epoch:1 36/840 loss:4.9120
2022-06-23 08:06:12,843 - INFO - main.py - train - 58 - 【train】 epoch:1 37/840 loss:5.0527
2022-06-23 08:06:14,063 - INFO - main.py - train - 58 - 【train】 epoch:1 38/840 loss:5.0360
2022-06-23 08:06:15,269 - INFO - main.py - train - 58 - 【train】 epoch:1 39/840 loss:4.8506
2022-06-23 08:06:16,483 - INFO - main.py - train - 58 - 【train】 epoch:1 40/840 loss:4.5289
2022-06-23 08:06:17,693 - INFO - main.py - train - 58 - 【train】 epoch:1 41/840 loss:4.4457
2022-06-23 08:06:18,912 - INFO - main.py - train - 58 - 【train】 epoch:1 42/840 loss:4.6417
2022-06-23 08:06:20,130 - INFO - main.py - train - 58 - 【train】 epoch:1 43/840 loss:3.9810
2022-06-23 08:06:21,355 - INFO - main.py - train - 58 - 【train】 epoch:1 44/840 loss:4.0307
2022-06-23 08:06:22,567 - INFO - main.py - train - 58 - 【train】 epoch:1 45/840 loss:3.9563
2022-06-23 08:06:23,773 - INFO - main.py - train - 58 - 【train】 epoch:1 46/840 loss:3.8400
2022-06-23 08:06:25,003 - INFO - main.py - train - 58 - 【train】 epoch:1 47/840 loss:3.8885
2022-06-23 08:06:26,230 - INFO - main.py - train - 58 - 【train】 epoch:1 48/840 loss:4.1570
2022-06-23 08:06:27,446 - INFO - main.py - train - 58 - 【train】 epoch:1 49/840 loss:3.7406
2022-06-23 08:06:37,792 - INFO - main.py - train - 65 - [eval] loss:0.0000 precision=0.0000 recall=0.0000 f1_score=0.0000
2022-06-23 08:06:38,993 - INFO - main.py - train - 58 - 【train】 epoch:1 50/840 loss:3.8153
2022-06-23 08:06:40,219 - INFO - main.py - train - 58 - 【train】 epoch:1 51/840 loss:4.1280
2022-06-23 08:06:41,431 - INFO - main.py - train - 58 - 【train】 epoch:1 52/840 loss:3.8055
2022-06-23 08:06:42,655 - INFO - main.py - train - 58 - 【train】 epoch:1 53/840 loss:3.5490
2022-06-23 08:06:43,880 - INFO - main.py - train - 58 - 【train】 epoch:1 54/840 loss:3.5057
2022-06-23 08:06:45,082 - INFO - main.py - train - 58 - 【train】 epoch:1 55/840 loss:2.9185
2022-06-23 08:06:46,293 - INFO - main.py - train - 58 - 【train】 epoch:1 56/840 loss:3.2183
2022-06-23 08:06:47,502 - INFO - main.py - train - 58 - 【train】 epoch:1 57/840 loss:3.0781
2022-06-23 08:06:48,716 - INFO - main.py - train - 58 - 【train】 epoch:1 58/840 loss:3.0861
2022-06-23 08:06:49,915 - INFO - main.py - train - 58 - 【train】 epoch:1 59/840 loss:2.8684
2022-06-23 08:06:51,121 - INFO - main.py - train - 58 - 【train】 epoch:1 60/840 loss:2.9070
2022-06-23 08:06:52,324 - INFO - main.py - train - 58 - 【train】 epoch:1 61/840 loss:2.8034
2022-06-23 08:06:53,553 - INFO - main.py - train - 58 - 【train】 epoch:1 62/840 loss:2.6428
2022-06-23 08:06:54,762 - INFO - main.py - train - 58 - 【train】 epoch:1 63/840 loss:2.9468
2022-06-23 08:06:55,963 - INFO - main.py - train - 58 - 【train】 epoch:1 64/840 loss:2.3383
2022-06-23 08:06:57,173 - INFO - main.py - train - 58 - 【train】 epoch:1 65/840 loss:2.1243
2022-06-23 08:06:58,376 - INFO - main.py - train - 58 - 【train】 epoch:1 66/840 loss:1.8173
2022-06-23 08:06:59,585 - INFO - main.py - train - 58 - 【train】 epoch:1 67/840 loss:2.1727
2022-06-23 08:07:00,798 - INFO - main.py - train - 58 - 【train】 epoch:1 68/840 loss:2.1184
2022-06-23 08:07:02,022 - INFO - main.py - train - 58 - 【train】 epoch:1 69/840 loss:1.8999
2022-06-23 08:07:03,229 - INFO - main.py - train - 58 - 【train】 epoch:1 70/840 loss:2.0349
2022-06-23 08:07:04,435 - INFO - main.py - train - 58 - 【train】 epoch:1 71/840 loss:1.6610
2022-06-23 08:07:05,635 - INFO - main.py - train - 58 - 【train】 epoch:1 72/840 loss:1.7273
2022-06-23 08:07:06,847 - INFO - main.py - train - 58 - 【train】 epoch:1 73/840 loss:1.7493
2022-06-23 08:07:08,054 - INFO - main.py - train - 58 - 【train】 epoch:1 74/840 loss:0.9700
2022-06-23 08:07:09,266 - INFO - main.py - train - 58 - 【train】 epoch:1 75/840 loss:1.7063
2022-06-23 08:07:10,470 - INFO - main.py - train - 58 - 【train】 epoch:1 76/840 loss:1.3179
2022-06-23 08:07:11,674 - INFO - main.py - train - 58 - 【train】 epoch:1 77/840 loss:1.2228
2022-06-23 08:07:12,889 - INFO - main.py - train - 58 - 【train】 epoch:1 78/840 loss:0.8940
2022-06-23 08:07:14,101 - INFO - main.py - train - 58 - 【train】 epoch:1 79/840 loss:0.9013
2022-06-23 08:07:15,307 - INFO - main.py - train - 58 - 【train】 epoch:1 80/840 loss:0.8444
2022-06-23 08:07:16,513 - INFO - main.py - train - 58 - 【train】 epoch:1 81/840 loss:0.7647
2022-06-23 08:07:17,735 - INFO - main.py - train - 58 - 【train】 epoch:1 82/840 loss:0.8940
2022-06-23 08:07:18,955 - INFO - main.py - train - 58 - 【train】 epoch:1 83/840 loss:0.6881
2022-06-23 08:07:20,168 - INFO - main.py - train - 58 - 【train】 epoch:1 84/840 loss:0.7724
2022-06-23 08:07:21,379 - INFO - main.py - train - 58 - 【train】 epoch:1 85/840 loss:0.5654
2022-06-23 08:07:22,577 - INFO - main.py - train - 58 - 【train】 epoch:1 86/840 loss:0.5247
2022-06-23 08:07:23,792 - INFO - main.py - train - 58 - 【train】 epoch:1 87/840 loss:0.5810
2022-06-23 08:07:24,993 - INFO - main.py - train - 58 - 【train】 epoch:1 88/840 loss:0.5921
2022-06-23 08:07:26,212 - INFO - main.py - train - 58 - 【train】 epoch:1 89/840 loss:0.4610
2022-06-23 08:07:27,431 - INFO - main.py - train - 58 - 【train】 epoch:1 90/840 loss:0.4841
2022-06-23 08:07:28,625 - INFO - main.py - train - 58 - 【train】 epoch:1 91/840 loss:0.4713
2022-06-23 08:07:29,830 - INFO - main.py - train - 58 - 【train】 epoch:1 92/840 loss:0.4005
2022-06-23 08:07:31,032 - INFO - main.py - train - 58 - 【train】 epoch:1 93/840 loss:0.4290
2022-06-23 08:07:32,241 - INFO - main.py - train - 58 - 【train】 epoch:1 94/840 loss:0.5027
2022-06-23 08:07:33,454 - INFO - main.py - train - 58 - 【train】 epoch:1 95/840 loss:0.4587
2022-06-23 08:07:34,666 - INFO - main.py - train - 58 - 【train】 epoch:1 96/840 loss:0.4825
2022-06-23 08:07:35,865 - INFO - main.py - train - 58 - 【train】 epoch:1 97/840 loss:0.3879
2022-06-23 08:07:37,071 - INFO - main.py - train - 58 - 【train】 epoch:1 98/840 loss:0.4742
2022-06-23 08:07:38,275 - INFO - main.py - train - 58 - 【train】 epoch:1 99/840 loss:0.4863
2022-06-23 08:07:48,644 - INFO - main.py - train - 65 - [eval] loss:0.0000 precision=0.8521 recall=0.8634 f1_score=0.8577
2022-06-23 08:07:48,645 - INFO - train_utils.py - save_model - 77 - Saving model checkpoint to ./checkpoints/bert
2022-06-23 08:07:51,162 - INFO - main.py - train - 58 - 【train】 epoch:1 100/840 loss:0.4120
2022-06-23 08:07:52,354 - INFO - main.py - train - 58 - 【train】 epoch:1 101/840 loss:0.3195
2022-06-23 08:07:53,557 - INFO - main.py - train - 58 - 【train】 epoch:1 102/840 loss:0.3336
2022-06-23 08:07:54,763 - INFO - main.py - train - 58 - 【train】 epoch:1 103/840 loss:0.3172
2022-06-23 08:07:55,988 - INFO - main.py - train - 58 - 【train】 epoch:1 104/840 loss:0.3161
2022-06-23 08:07:57,421 - INFO - main.py - train - 58 - 【train】 epoch:1 105/840 loss:0.2866
2022-06-23 08:07:58,840 - INFO - main.py - train - 58 - 【train】 epoch:1 106/840 loss:0.2995
2022-06-23 08:08:00,123 - INFO - main.py - train - 58 - 【train】 epoch:1 107/840 loss:0.4212
2022-06-23 08:08:01,341 - INFO - main.py - train - 58 - 【train】 epoch:1 108/840 loss:0.2312
2022-06-23 08:08:02,544 - INFO - main.py - train - 58 - 【train】 epoch:1 109/840 loss:0.2818
2022-06-23 08:08:03,750 - INFO - main.py - train - 58 - 【train】 epoch:1 110/840 loss:0.3591
2022-06-23 08:08:04,970 - INFO - main.py - train - 58 - 【train】 epoch:1 111/840 loss:0.4244
2022-06-23 08:08:06,201 - INFO - main.py - train - 58 - 【train】 epoch:1 112/840 loss:0.4087
2022-06-23 08:08:07,417 - INFO - main.py - train - 58 - 【train】 epoch:1 113/840 loss:0.3210
2022-06-23 08:08:08,620 - INFO - main.py - train - 58 - 【train】 epoch:1 114/840 loss:0.2163
2022-06-23 08:08:09,839 - INFO - main.py - train - 58 - 【train】 epoch:1 115/840 loss:0.5050
2022-06-23 08:08:11,067 - INFO - main.py - train - 58 - 【train】 epoch:1 116/840 loss:0.2431
2022-06-23 08:08:12,282 - INFO - main.py - train - 58 - 【train】 epoch:1 117/840 loss:0.2286
2022-06-23 08:08:13,486 - INFO - main.py - train - 58 - 【train】 epoch:1 118/840 loss:0.3176
2022-06-23 08:08:14,014 - INFO - main.py - train - 58 - 【train】 epoch:1 119/840 loss:0.2444
2022-06-23 08:08:15,236 - INFO - main.py - train - 58 - 【train】 epoch:2 120/840 loss:0.3562
2022-06-23 08:08:16,454 - INFO - main.py - train - 58 - 【train】 epoch:2 121/840 loss:0.2913
2022-06-23 08:08:17,655 - INFO - main.py - train - 58 - 【train】 epoch:2 122/840 loss:0.3250
2022-06-23 08:08:18,865 - INFO - main.py - train - 58 - 【train】 epoch:2 123/840 loss:0.2434
2022-06-23 08:08:20,070 - INFO - main.py - train - 58 - 【train】 epoch:2 124/840 loss:0.4249
2022-06-23 08:08:21,297 - INFO - main.py - train - 58 - 【train】 epoch:2 125/840 loss:0.2972
2022-06-23 08:08:22,513 - INFO - main.py - train - 58 - 【train】 epoch:2 126/840 loss:0.3785
2022-06-23 08:08:23,716 - INFO - main.py - train - 58 - 【train】 epoch:2 127/840 loss:0.3140
2022-06-23 08:08:24,938 - INFO - main.py - train - 58 - 【train】 epoch:2 128/840 loss:0.2886
2022-06-23 08:08:26,151 - INFO - main.py - train - 58 - 【train】 epoch:2 129/840 loss:0.1919
2022-06-23 08:08:27,369 - INFO - main.py - train - 58 - 【train】 epoch:2 130/840 loss:0.2817
2022-06-23 08:08:28,585 - INFO - main.py - train - 58 - 【train】 epoch:2 131/840 loss:0.2479
2022-06-23 08:08:29,783 - INFO - main.py - train - 58 - 【train】 epoch:2 132/840 loss:0.3775
2022-06-23 08:08:30,991 - INFO - main.py - train - 58 - 【train】 epoch:2 133/840 loss:0.2788
2022-06-23 08:08:32,194 - INFO - main.py - train - 58 - 【train】 epoch:2 134/840 loss:0.2976
2022-06-23 08:08:33,408 - INFO - main.py - train - 58 - 【train】 epoch:2 135/840 loss:0.2614
2022-06-23 08:08:34,628 - INFO - main.py - train - 58 - 【train】 epoch:2 136/840 loss:0.2588
2022-06-23 08:08:35,834 - INFO - main.py - train - 58 - 【train】 epoch:2 137/840 loss:0.1716
2022-06-23 08:08:37,038 - INFO - main.py - train - 58 - 【train】 epoch:2 138/840 loss:0.1861
2022-06-23 08:08:38,247 - INFO - main.py - train - 58 - 【train】 epoch:2 139/840 loss:0.3547
2022-06-23 08:08:39,464 - INFO - main.py - train - 58 - 【train】 epoch:2 140/840 loss:0.1902
2022-06-23 08:08:40,690 - INFO - main.py - train - 58 - 【train】 epoch:2 141/840 loss:0.1275
2022-06-23 08:08:41,902 - INFO - main.py - train - 58 - 【train】 epoch:2 142/840 loss:0.2185
2022-06-23 08:08:43,111 - INFO - main.py - train - 58 - 【train】 epoch:2 143/840 loss:0.2212
2022-06-23 08:08:44,314 - INFO - main.py - train - 58 - 【train】 epoch:2 144/840 loss:0.1740
2022-06-23 08:08:45,536 - INFO - main.py - train - 58 - 【train】 epoch:2 145/840 loss:0.2502
2022-06-23 08:08:46,746 - INFO - main.py - train - 58 - 【train】 epoch:2 146/840 loss:0.2183
2022-06-23 08:08:47,961 - INFO - main.py - train - 58 - 【train】 epoch:2 147/840 loss:0.3057
2022-06-23 08:08:49,169 - INFO - main.py - train - 58 - 【train】 epoch:2 148/840 loss:0.1309
2022-06-23 08:08:50,367 - INFO - main.py - train - 58 - 【train】 epoch:2 149/840 loss:0.2443
2022-06-23 08:09:00,613 - INFO - main.py - train - 65 - [eval] loss:0.0000 precision=0.9401 recall=0.8602 f1_score=0.8984
2022-06-23 08:09:00,613 - INFO - train_utils.py - save_model - 77 - Saving model checkpoint to ./checkpoints/bert
2022-06-23 08:09:03,224 - INFO - main.py - train - 58 - 【train】 epoch:2 150/840 loss:0.3883
2022-06-23 08:09:04,432 - INFO - main.py - train - 58 - 【train】 epoch:2 151/840 loss:0.1625
2022-06-23 08:09:05,634 - INFO - main.py - train - 58 - 【train】 epoch:2 152/840 loss:0.2017
2022-06-23 08:09:06,826 - INFO - main.py - train - 58 - 【train】 epoch:2 153/840 loss:0.2689
2022-06-23 08:09:08,040 - INFO - main.py - train - 58 - 【train】 epoch:2 154/840 loss:0.1338
2022-06-23 08:09:09,249 - INFO - main.py - train - 58 - 【train】 epoch:2 155/840 loss:0.1177
2022-06-23 08:09:10,453 - INFO - main.py - train - 58 - 【train】 epoch:2 156/840 loss:0.1568
2022-06-23 08:09:11,760 - INFO - main.py - train - 58 - 【train】 epoch:2 157/840 loss:0.2601
2022-06-23 08:09:12,968 - INFO - main.py - train - 58 - 【train】 epoch:2 158/840 loss:0.3726
2022-06-23 08:09:14,388 - INFO - main.py - train - 58 - 【train】 epoch:2 159/840 loss:0.1890
2022-06-23 08:09:15,777 - INFO - main.py - train - 58 - 【train】 epoch:2 160/840 loss:0.2225
2022-06-23 08:09:16,984 - INFO - main.py - train - 58 - 【train】 epoch:2 161/840 loss:0.2239
2022-06-23 08:09:18,193 - INFO - main.py - train - 58 - 【train】 epoch:2 162/840 loss:0.3158
2022-06-23 08:09:19,424 - INFO - main.py - train - 58 - 【train】 epoch:2 163/840 loss:0.2475
2022-06-23 08:09:20,643 - INFO - main.py - train - 58 - 【train】 epoch:2 164/840 loss:0.2176
2022-06-23 08:09:21,851 - INFO - main.py - train - 58 - 【train】 epoch:2 165/840 loss:0.1994
2022-06-23 08:09:23,074 - INFO - main.py - train - 58 - 【train】 epoch:2 166/840 loss:0.2310
2022-06-23 08:09:24,290 - INFO - main.py - train - 58 - 【train】 epoch:2 167/840 loss:0.2833
2022-06-23 08:09:25,533 - INFO - main.py - train - 58 - 【train】 epoch:2 168/840 loss:0.3344
2022-06-23 08:09:27,167 - INFO - main.py - train - 58 - 【train】 epoch:2 169/840 loss:0.2340
2022-06-23 08:09:28,799 - INFO - main.py - train - 58 - 【train】 epoch:2 170/840 loss:0.2905
2022-06-23 08:09:30,019 - INFO - main.py - train - 58 - 【train】 epoch:2 171/840 loss:0.2065
2022-06-23 08:09:31,233 - INFO - main.py - train - 58 - 【train】 epoch:2 172/840 loss:0.2005
2022-06-23 08:09:32,442 - INFO - main.py - train - 58 - 【train】 epoch:2 173/840 loss:0.1941
2022-06-23 08:09:33,662 - INFO - main.py - train - 58 - 【train】 epoch:2 174/840 loss:0.2771
2022-06-23 08:09:34,885 - INFO - main.py - train - 58 - 【train】 epoch:2 175/840 loss:0.2642
2022-06-23 08:09:36,097 - INFO - main.py - train - 58 - 【train】 epoch:2 176/840 loss:0.1259
2022-06-23 08:09:37,301 - INFO - main.py - train - 58 - 【train】 epoch:2 177/840 loss:0.3698
2022-06-23 08:09:38,504 - INFO - main.py - train - 58 - 【train】 epoch:2 178/840 loss:0.1174
2022-06-23 08:09:39,730 - INFO - main.py - train - 58 - 【train】 epoch:2 179/840 loss:0.0670
2022-06-23 08:09:40,963 - INFO - main.py - train - 58 - 【train】 epoch:2 180/840 loss:0.1775
2022-06-23 08:09:42,180 - INFO - main.py - train - 58 - 【train】 epoch:2 181/840 loss:0.2815
2022-06-23 08:09:43,395 - INFO - main.py - train - 58 - 【train】 epoch:2 182/840 loss:0.1952
2022-06-23 08:09:44,603 - INFO - main.py - train - 58 - 【train】 epoch:2 183/840 loss:0.2092
2022-06-23 08:09:45,841 - INFO - main.py - train - 58 - 【train】 epoch:2 184/840 loss:0.2165
2022-06-23 08:09:47,060 - INFO - main.py - train - 58 - 【train】 epoch:2 185/840 loss:0.1516
2022-06-23 08:09:48,273 - INFO - main.py - train - 58 - 【train】 epoch:2 186/840 loss:0.1977
2022-06-23 08:09:49,487 - INFO - main.py - train - 58 - 【train】 epoch:2 187/840 loss:0.2218
2022-06-23 08:09:50,686 - INFO - main.py - train - 58 - 【train】 epoch:2 188/840 loss:0.1882
2022-06-23 08:09:51,900 - INFO - main.py - train - 58 - 【train】 epoch:2 189/840 loss:0.2847
2022-06-23 08:09:53,114 - INFO - main.py - train - 58 - 【train】 epoch:2 190/840 loss:0.2908
2022-06-23 08:09:54,332 - INFO - main.py - train - 58 - 【train】 epoch:2 191/840 loss:0.2652
2022-06-23 08:09:55,537 - INFO - main.py - train - 58 - 【train】 epoch:2 192/840 loss:0.0609
2022-06-23 08:09:56,739 - INFO - main.py - train - 58 - 【train】 epoch:2 193/840 loss:0.1454
2022-06-23 08:09:57,947 - INFO - main.py - train - 58 - 【train】 epoch:2 194/840 loss:0.3138
2022-06-23 08:09:59,171 - INFO - main.py - train - 58 - 【train】 epoch:2 195/840 loss:0.1361
2022-06-23 08:10:00,385 - INFO - main.py - train - 58 - 【train】 epoch:2 196/840 loss:0.1296
2022-06-23 08:10:01,590 - INFO - main.py - train - 58 - 【train】 epoch:2 197/840 loss:0.1866
2022-06-23 08:10:02,801 - INFO - main.py - train - 58 - 【train】 epoch:2 198/840 loss:0.1016
2022-06-23 08:10:03,997 - INFO - main.py - train - 58 - 【train】 epoch:2 199/840 loss:0.0668
2022-06-23 08:10:14,344 - INFO - main.py - train - 65 - [eval] loss:0.0000 precision=0.9343 recall=0.9137 f1_score=0.9239
2022-06-23 08:10:14,345 - INFO - train_utils.py - save_model - 77 - Saving model checkpoint to ./checkpoints/bert
2022-06-23 08:10:16,967 - INFO - main.py - train - 58 - 【train】 epoch:2 200/840 loss:0.2945
2022-06-23 08:10:18,175 - INFO - main.py - train - 58 - 【train】 epoch:2 201/840 loss:0.0964
2022-06-23 08:10:19,385 - INFO - main.py - train - 58 - 【train】 epoch:2 202/840 loss:0.1472
2022-06-23 08:10:20,586 - INFO - main.py - train - 58 - 【train】 epoch:2 203/840 loss:0.1141
2022-06-23 08:10:21,795 - INFO - main.py - train - 58 - 【train】 epoch:2 204/840 loss:0.1179
2022-06-23 08:10:22,998 - INFO - main.py - train - 58 - 【train】 epoch:2 205/840 loss:0.2112
2022-06-23 08:10:24,211 - INFO - main.py - train - 58 - 【train】 epoch:2 206/840 loss:0.2840
2022-06-23 08:10:25,425 - INFO - main.py - train - 58 - 【train】 epoch:2 207/840 loss:0.2198
2022-06-23 08:10:26,770 - INFO - main.py - train - 58 - 【train】 epoch:2 208/840 loss:0.1338
2022-06-23 08:10:28,213 - INFO - main.py - train - 58 - 【train】 epoch:2 209/840 loss:0.0816
2022-06-23 08:10:29,582 - INFO - main.py - train - 58 - 【train】 epoch:2 210/840 loss:0.2251
2022-06-23 08:10:30,824 - INFO - main.py - train - 58 - 【train】 epoch:2 211/840 loss:0.1660
2022-06-23 08:10:32,050 - INFO - main.py - train - 58 - 【train】 epoch:2 212/840 loss:0.2242
2022-06-23 08:10:33,259 - INFO - main.py - train - 58 - 【train】 epoch:2 213/840 loss:0.1656
2022-06-23 08:10:34,471 - INFO - main.py - train - 58 - 【train】 epoch:2 214/840 loss:0.2769
2022-06-23 08:10:35,686 - INFO - main.py - train - 58 - 【train】 epoch:2 215/840 loss:0.3005
2022-06-23 08:10:36,914 - INFO - main.py - train - 58 - 【train】 epoch:2 216/840 loss:0.1304
2022-06-23 08:10:38,146 - INFO - main.py - train - 58 - 【train】 epoch:2 217/840 loss:0.2402
2022-06-23 08:10:39,363 - INFO - main.py - train - 58 - 【train】 epoch:2 218/840 loss:0.1315
2022-06-23 08:10:40,578 - INFO - main.py - train - 58 - 【train】 epoch:2 219/840 loss:0.1771
2022-06-23 08:10:41,792 - INFO - main.py - train - 58 - 【train】 epoch:2 220/840 loss:0.2999
2022-06-23 08:10:43,019 - INFO - main.py - train - 58 - 【train】 epoch:2 221/840 loss:0.2125
2022-06-23 08:10:44,238 - INFO - main.py - train - 58 - 【train】 epoch:2 222/840 loss:0.1069
2022-06-23 08:10:45,451 - INFO - main.py - train - 58 - 【train】 epoch:2 223/840 loss:0.1976
2022-06-23 08:10:46,667 - INFO - main.py - train - 58 - 【train】 epoch:2 224/840 loss:0.2720
2022-06-23 08:10:47,897 - INFO - main.py - train - 58 - 【train】 epoch:2 225/840 loss:0.2610
2022-06-23 08:10:49,120 - INFO - main.py - train - 58 - 【train】 epoch:2 226/840 loss:0.1492
2022-06-23 08:10:50,335 - INFO - main.py - train - 58 - 【train】 epoch:2 227/840 loss:0.2075
2022-06-23 08:10:51,554 - INFO - main.py - train - 58 - 【train】 epoch:2 228/840 loss:0.2401
2022-06-23 08:10:52,760 - INFO - main.py - train - 58 - 【train】 epoch:2 229/840 loss:0.1741
2022-06-23 08:10:53,982 - INFO - main.py - train - 58 - 【train】 epoch:2 230/840 loss:0.1130
2022-06-23 08:10:55,207 - INFO - main.py - train - 58 - 【train】 epoch:2 231/840 loss:0.1047
2022-06-23 08:10:56,429 - INFO - main.py - train - 58 - 【train】 epoch:2 232/840 loss:0.1594
2022-06-23 08:10:57,646 - INFO - main.py - train - 58 - 【train】 epoch:2 233/840 loss:0.1922
2022-06-23 08:10:58,860 - INFO - main.py - train - 58 - 【train】 epoch:2 234/840 loss:0.1526
2022-06-23 08:11:00,078 - INFO - main.py - train - 58 - 【train】 epoch:2 235/840 loss:0.1963
2022-06-23 08:11:01,308 - INFO - main.py - train - 58 - 【train】 epoch:2 236/840 loss:0.1932
2022-06-23 08:11:02,520 - INFO - main.py - train - 58 - 【train】 epoch:2 237/840 loss:0.1583
2022-06-23 08:11:03,741 - INFO - main.py - train - 58 - 【train】 epoch:2 238/840 loss:0.2915
2022-06-23 08:11:04,255 - INFO - main.py - train - 58 - 【train】 epoch:2 239/840 loss:0.2417
2022-06-23 08:11:05,469 - INFO - main.py - train - 58 - 【train】 epoch:3 240/840 loss:0.1146
2022-06-23 08:11:06,673 - INFO - main.py - train - 58 - 【train】 epoch:3 241/840 loss:0.2518
2022-06-23 08:11:07,884 - INFO - main.py - train - 58 - 【train】 epoch:3 242/840 loss:0.0828
2022-06-23 08:11:09,089 - INFO - main.py - train - 58 - 【train】 epoch:3 243/840 loss:0.1782
2022-06-23 08:11:10,290 - INFO - main.py - train - 58 - 【train】 epoch:3 244/840 loss:0.1547
2022-06-23 08:11:11,502 - INFO - main.py - train - 58 - 【train】 epoch:3 245/840 loss:0.0966
2022-06-23 08:11:12,715 - INFO - main.py - train - 58 - 【train】 epoch:3 246/840 loss:0.1761
2022-06-23 08:11:13,914 - INFO - main.py - train - 58 - 【train】 epoch:3 247/840 loss:0.1873
2022-06-23 08:11:15,112 - INFO - main.py - train - 58 - 【train】 epoch:3 248/840 loss:0.1311
2022-06-23 08:11:16,321 - INFO - main.py - train - 58 - 【train】 epoch:3 249/840 loss:0.1975
2022-06-23 08:11:26,613 - INFO - main.py - train - 65 - [eval] loss:0.0000 precision=0.9301 recall=0.9301 f1_score=0.9301
2022-06-23 08:11:26,614 - INFO - train_utils.py - save_model - 77 - Saving model checkpoint to ./checkpoints/bert
2022-06-23 08:11:29,219 - INFO - main.py - train - 58 - 【train】 epoch:3 250/840 loss:0.0837
2022-06-23 08:11:30,416 - INFO - main.py - train - 58 - 【train】 epoch:3 251/840 loss:0.0683
2022-06-23 08:11:31,621 - INFO - main.py - train - 58 - 【train】 epoch:3 252/840 loss:0.1255
2022-06-23 08:11:32,827 - INFO - main.py - train - 58 - 【train】 epoch:3 253/840 loss:0.0531
2022-06-23 08:11:34,034 - INFO - main.py - train - 58 - 【train】 epoch:3 254/840 loss:0.1471
2022-06-23 08:11:35,242 - INFO - main.py - train - 58 - 【train】 epoch:3 255/840 loss:0.1426
2022-06-23 08:11:36,441 - INFO - main.py - train - 58 - 【train】 epoch:3 256/840 loss:0.1939
2022-06-23 08:11:37,691 - INFO - main.py - train - 58 - 【train】 epoch:3 257/840 loss:0.2333
2022-06-23 08:11:38,951 - INFO - main.py - train - 58 - 【train】 epoch:3 258/840 loss:0.2211
2022-06-23 08:11:40,215 - INFO - main.py - train - 58 - 【train】 epoch:3 259/840 loss:0.3125
2022-06-23 08:11:41,516 - INFO - main.py - train - 58 - 【train】 epoch:3 260/840 loss:0.1828
2022-06-23 08:11:42,841 - INFO - main.py - train - 58 - 【train】 epoch:3 261/840 loss:0.1716
2022-06-23 08:11:44,080 - INFO - main.py - train - 58 - 【train】 epoch:3 262/840 loss:0.2075
2022-06-23 08:11:45,346 - INFO - main.py - train - 58 - 【train】 epoch:3 263/840 loss:0.1419
2022-06-23 08:11:46,561 - INFO - main.py - train - 58 - 【train】 epoch:3 264/840 loss:0.1031
2022-06-23 08:11:47,776 - INFO - main.py - train - 58 - 【train】 epoch:3 265/840 loss:0.0508
2022-06-23 08:11:48,995 - INFO - main.py - train - 58 - 【train】 epoch:3 266/840 loss:0.0647
2022-06-23 08:11:50,221 - INFO - main.py - train - 58 - 【train】 epoch:3 267/840 loss:0.1849
2022-06-23 08:11:51,446 - INFO - main.py - train - 58 - 【train】 epoch:3 268/840 loss:0.0780
2022-06-23 08:11:52,657 - INFO - main.py - train - 58 - 【train】 epoch:3 269/840 loss:0.0906
2022-06-23 08:11:53,873 - INFO - main.py - train - 58 - 【train】 epoch:3 270/840 loss:0.1204
2022-06-23 08:11:55,103 - INFO - main.py - train - 58 - 【train】 epoch:3 271/840 loss:0.0608
2022-06-23 08:11:56,326 - INFO - main.py - train - 58 - 【train】 epoch:3 272/840 loss:0.1554
2022-06-23 08:11:57,556 - INFO - main.py - train - 58 - 【train】 epoch:3 273/840 loss:0.0728
2022-06-23 08:11:58,760 - INFO - main.py - train - 58 - 【train】 epoch:3 274/840 loss:0.1074
2022-06-23 08:11:59,981 - INFO - main.py - train - 58 - 【train】 epoch:3 275/840 loss:0.1484
2022-06-23 08:12:01,209 - INFO - main.py - train - 58 - 【train】 epoch:3 276/840 loss:0.1591
2022-06-23 08:12:02,427 - INFO - main.py - train - 58 - 【train】 epoch:3 277/840 loss:0.1207
2022-06-23 08:12:03,668 - INFO - main.py - train - 58 - 【train】 epoch:3 278/840 loss:0.0859
2022-06-23 08:12:04,892 - INFO - main.py - train - 58 - 【train】 epoch:3 279/840 loss:0.3148
2022-06-23 08:12:06,105 - INFO - main.py - train - 58 - 【train】 epoch:3 280/840 loss:0.0545
2022-06-23 08:12:07,324 - INFO - main.py - train - 58 - 【train】 epoch:3 281/840 loss:0.1757
2022-06-23 08:12:08,548 - INFO - main.py - train - 58 - 【train】 epoch:3 282/840 loss:0.1507
2022-06-23 08:12:09,782 - INFO - main.py - train - 58 - 【train】 epoch:3 283/840 loss:0.1300
2022-06-23 08:12:10,986 - INFO - main.py - train - 58 - 【train】 epoch:3 284/840 loss:0.0695
2022-06-23 08:12:12,198 - INFO - main.py - train - 58 - 【train】 epoch:3 285/840 loss:0.1079
2022-06-23 08:12:13,396 - INFO - main.py - train - 58 - 【train】 epoch:3 286/840 loss:0.1409
2022-06-23 08:12:14,603 - INFO - main.py - train - 58 - 【train】 epoch:3 287/840 loss:0.1355
2022-06-23 08:12:15,833 - INFO - main.py - train - 58 - 【train】 epoch:3 288/840 loss:0.1006
2022-06-23 08:12:17,040 - INFO - main.py - train - 58 - 【train】 epoch:3 289/840 loss:0.1570
2022-06-23 08:12:18,248 - INFO - main.py - train - 58 - 【train】 epoch:3 290/840 loss:0.0961
2022-06-23 08:12:19,452 - INFO - main.py - train - 58 - 【train】 epoch:3 291/840 loss:0.1690
2022-06-23 08:12:20,650 - INFO - main.py - train - 58 - 【train】 epoch:3 292/840 loss:0.1440
2022-06-23 08:12:21,860 - INFO - main.py - train - 58 - 【train】 epoch:3 293/840 loss:0.0885
2022-06-23 08:12:23,071 - INFO - main.py - train - 58 - 【train】 epoch:3 294/840 loss:0.1370
2022-06-23 08:12:24,279 - INFO - main.py - train - 58 - 【train】 epoch:3 295/840 loss:0.1180
2022-06-23 08:12:25,472 - INFO - main.py - train - 58 - 【train】 epoch:3 296/840 loss:0.0738
2022-06-23 08:12:26,667 - INFO - main.py - train - 58 - 【train】 epoch:3 297/840 loss:0.1478
2022-06-23 08:12:27,895 - INFO - main.py - train - 58 - 【train】 epoch:3 298/840 loss:0.1090
2022-06-23 08:12:29,100 - INFO - main.py - train - 58 - 【train】 epoch:3 299/840 loss:0.1646
2022-06-23 08:12:39,418 - INFO - main.py - train - 65 - [eval] loss:0.0000 precision=0.9351 recall=0.9440 f1_score=0.9395
2022-06-23 08:12:39,419 - INFO - train_utils.py - save_model - 77 - Saving model checkpoint to ./checkpoints/bert
2022-06-23 08:12:42,039 - INFO - main.py - train - 58 - 【train】 epoch:3 300/840 loss:0.0709
2022-06-23 08:12:43,261 - INFO - main.py - train - 58 - 【train】 epoch:3 301/840 loss:0.1925
2022-06-23 08:12:44,453 - INFO - main.py - train - 58 - 【train】 epoch:3 302/840 loss:0.1140
2022-06-23 08:12:45,661 - INFO - main.py - train - 58 - 【train】 epoch:3 303/840 loss:0.1213
2022-06-23 08:12:46,886 - INFO - main.py - train - 58 - 【train】 epoch:3 304/840 loss:0.1688
2022-06-23 08:12:48,302 - INFO - main.py - train - 58 - 【train】 epoch:3 305/840 loss:0.1030
2022-06-23 08:12:49,740 - INFO - main.py - train - 58 - 【train】 epoch:3 306/840 loss:0.2567
2022-06-23 08:12:51,115 - INFO - main.py - train - 58 - 【train】 epoch:3 307/840 loss:0.0633
2022-06-23 08:12:52,354 - INFO - main.py - train - 58 - 【train】 epoch:3 308/840 loss:0.0948
2022-06-23 08:12:53,572 - INFO - main.py - train - 58 - 【train】 epoch:3 309/840 loss:0.1044
2022-06-23 08:12:54,770 - INFO - main.py - train - 58 - 【train】 epoch:3 310/840 loss:0.1550
2022-06-23 08:12:56,003 - INFO - main.py - train - 58 - 【train】 epoch:3 311/840 loss:0.0975
2022-06-23 08:12:57,202 - INFO - main.py - train - 58 - 【train】 epoch:3 312/840 loss:0.0357
2022-06-23 08:12:58,406 - INFO - main.py - train - 58 - 【train】 epoch:3 313/840 loss:0.0747
2022-06-23 08:12:59,616 - INFO - main.py - train - 58 - 【train】 epoch:3 314/840 loss:0.1752
2022-06-23 08:13:00,824 - INFO - main.py - train - 58 - 【train】 epoch:3 315/840 loss:0.0515
2022-06-23 08:13:02,029 - INFO - main.py - train - 58 - 【train】 epoch:3 316/840 loss:0.0798
2022-06-23 08:13:03,238 - INFO - main.py - train - 58 - 【train】 epoch:3 317/840 loss:0.1340
2022-06-23 08:13:04,442 - INFO - main.py - train - 58 - 【train】 epoch:3 318/840 loss:0.0782
2022-06-23 08:13:05,667 - INFO - main.py - train - 58 - 【train】 epoch:3 319/840 loss:0.0678
2022-06-23 08:13:06,895 - INFO - main.py - train - 58 - 【train】 epoch:3 320/840 loss:0.1678
2022-06-23 08:13:08,109 - INFO - main.py - train - 58 - 【train】 epoch:3 321/840 loss:0.1580
2022-06-23 08:13:09,323 - INFO - main.py - train - 58 - 【train】 epoch:3 322/840 loss:0.1759
2022-06-23 08:13:10,539 - INFO - main.py - train - 58 - 【train】 epoch:3 323/840 loss:0.1718
2022-06-23 08:13:11,767 - INFO - main.py - train - 58 - 【train】 epoch:3 324/840 loss:0.1055
2022-06-23 08:13:13,001 - INFO - main.py - train - 58 - 【train】 epoch:3 325/840 loss:0.0794
2022-06-23 08:13:14,226 - INFO - main.py - train - 58 - 【train】 epoch:3 326/840 loss:0.1161
2022-06-23 08:13:15,442 - INFO - main.py - train - 58 - 【train】 epoch:3 327/840 loss:0.0971
2022-06-23 08:13:16,646 - INFO - main.py - train - 58 - 【train】 epoch:3 328/840 loss:0.1321
2022-06-23 08:13:17,859 - INFO - main.py - train - 58 - 【train】 epoch:3 329/840 loss:0.1616
2022-06-23 08:13:19,081 - INFO - main.py - train - 58 - 【train】 epoch:3 330/840 loss:0.2052
2022-06-23 08:13:20,303 - INFO - main.py - train - 58 - 【train】 epoch:3 331/840 loss:0.1494
2022-06-23 08:13:21,517 - INFO - main.py - train - 58 - 【train】 epoch:3 332/840 loss:0.1681
2022-06-23 08:13:22,717 - INFO - main.py - train - 58 - 【train】 epoch:3 333/840 loss:0.1474
2022-06-23 08:13:23,935 - INFO - main.py - train - 58 - 【train】 epoch:3 334/840 loss:0.1394
2022-06-23 08:13:25,171 - INFO - main.py - train - 58 - 【train】 epoch:3 335/840 loss:0.1893
2022-06-23 08:13:26,391 - INFO - main.py - train - 58 - 【train】 epoch:3 336/840 loss:0.1587
2022-06-23 08:13:27,601 - INFO - main.py - train - 58 - 【train】 epoch:3 337/840 loss:0.1588
2022-06-23 08:13:28,803 - INFO - main.py - train - 58 - 【train】 epoch:3 338/840 loss:0.0763
2022-06-23 08:13:30,023 - INFO - main.py - train - 58 - 【train】 epoch:3 339/840 loss:0.0434
2022-06-23 08:13:31,247 - INFO - main.py - train - 58 - 【train】 epoch:3 340/840 loss:0.1904
2022-06-23 08:13:32,454 - INFO - main.py - train - 58 - 【train】 epoch:3 341/840 loss:0.1253
2022-06-23 08:13:33,651 - INFO - main.py - train - 58 - 【train】 epoch:3 342/840 loss:0.0830
2022-06-23 08:13:34,852 - INFO - main.py - train - 58 - 【train】 epoch:3 343/840 loss:0.1177
2022-06-23 08:13:36,062 - INFO - main.py - train - 58 - 【train】 epoch:3 344/840 loss:0.1242
2022-06-23 08:13:37,271 - INFO - main.py - train - 58 - 【train】 epoch:3 345/840 loss:0.1104
2022-06-23 08:13:38,481 - INFO - main.py - train - 58 - 【train】 epoch:3 346/840 loss:0.0907
2022-06-23 08:13:39,681 - INFO - main.py - train - 58 - 【train】 epoch:3 347/840 loss:0.1425
2022-06-23 08:13:40,895 - INFO - main.py - train - 58 - 【train】 epoch:3 348/840 loss:0.0863
2022-06-23 08:13:42,104 - INFO - main.py - train - 58 - 【train】 epoch:3 349/840 loss:0.0715
2022-06-23 08:13:52,373 - INFO - main.py - train - 65 - [eval] loss:0.0000 precision=0.9607 recall=0.9074 f1_score=0.9333
2022-06-23 08:13:53,579 - INFO - main.py - train - 58 - 【train】 epoch:3 350/840 loss:0.1240
2022-06-23 08:13:54,783 - INFO - main.py - train - 58 - 【train】 epoch:3 351/840 loss:0.0765
2022-06-23 08:13:55,985 - INFO - main.py - train - 58 - 【train】 epoch:3 352/840 loss:0.1162
2022-06-23 08:13:57,179 - INFO - main.py - train - 58 - 【train】 epoch:3 353/840 loss:0.0995
2022-06-23 08:13:58,380 - INFO - main.py - train - 58 - 【train】 epoch:3 354/840 loss:0.1012
2022-06-23 08:13:59,582 - INFO - main.py - train - 58 - 【train】 epoch:3 355/840 loss:0.0609
2022-06-23 08:14:00,824 - INFO - main.py - train - 58 - 【train】 epoch:3 356/840 loss:0.0982
2022-06-23 08:14:02,034 - INFO - main.py - train - 58 - 【train】 epoch:3 357/840 loss:0.1593
2022-06-23 08:14:03,237 - INFO - main.py - train - 58 - 【train】 epoch:3 358/840 loss:0.1960
2022-06-23 08:14:03,754 - INFO - main.py - train - 58 - 【train】 epoch:3 359/840 loss:0.1273
2022-06-23 08:14:04,977 - INFO - main.py - train - 58 - 【train】 epoch:4 360/840 loss:0.1094
2022-06-23 08:14:06,182 - INFO - main.py - train - 58 - 【train】 epoch:4 361/840 loss:0.1004
2022-06-23 08:14:07,389 - INFO - main.py - train - 58 - 【train】 epoch:4 362/840 loss:0.0846
2022-06-23 08:14:08,595 - INFO - main.py - train - 58 - 【train】 epoch:4 363/840 loss:0.0720
2022-06-23 08:14:09,814 - INFO - main.py - train - 58 - 【train】 epoch:4 364/840 loss:0.0603
2022-06-23 08:14:11,035 - INFO - main.py - train - 58 - 【train】 epoch:4 365/840 loss:0.0462
2022-06-23 08:14:12,252 - INFO - main.py - train - 58 - 【train】 epoch:4 366/840 loss:0.0814
2022-06-23 08:14:13,467 - INFO - main.py - train - 58 - 【train】 epoch:4 367/840 loss:0.1684
2022-06-23 08:14:14,679 - INFO - main.py - train - 58 - 【train】 epoch:4 368/840 loss:0.0315
2022-06-23 08:14:15,894 - INFO - main.py - train - 58 - 【train】 epoch:4 369/840 loss:0.0671
2022-06-23 08:14:17,122 - INFO - main.py - train - 58 - 【train】 epoch:4 370/840 loss:0.0775
2022-06-23 08:14:18,334 - INFO - main.py - train - 58 - 【train】 epoch:4 371/840 loss:0.0804
2022-06-23 08:14:19,535 - INFO - main.py - train - 58 - 【train】 epoch:4 372/840 loss:0.0367
2022-06-23 08:14:20,749 - INFO - main.py - train - 58 - 【train】 epoch:4 373/840 loss:0.1038
2022-06-23 08:14:21,973 - INFO - main.py - train - 58 - 【train】 epoch:4 374/840 loss:0.0218
2022-06-23 08:14:23,212 - INFO - main.py - train - 58 - 【train】 epoch:4 375/840 loss:0.0730
2022-06-23 08:14:24,434 - INFO - main.py - train - 58 - 【train】 epoch:4 376/840 loss:0.0790
2022-06-23 08:14:25,643 - INFO - main.py - train - 58 - 【train】 epoch:4 377/840 loss:0.0753
2022-06-23 08:14:26,842 - INFO - main.py - train - 58 - 【train】 epoch:4 378/840 loss:0.1549
2022-06-23 08:14:28,050 - INFO - main.py - train - 58 - 【train】 epoch:4 379/840 loss:0.0611
2022-06-23 08:14:29,277 - INFO - main.py - train - 58 - 【train】 epoch:4 380/840 loss:0.0440
2022-06-23 08:14:30,490 - INFO - main.py - train - 58 - 【train】 epoch:4 381/840 loss:0.0577
2022-06-23 08:14:31,693 - INFO - main.py - train - 58 - 【train】 epoch:4 382/840 loss:0.0965
2022-06-23 08:14:32,899 - INFO - main.py - train - 58 - 【train】 epoch:4 383/840 loss:0.1332
2022-06-23 08:14:34,235 - INFO - main.py - train - 58 - 【train】 epoch:4 384/840 loss:0.0593
2022-06-23 08:14:35,847 - INFO - main.py - train - 58 - 【train】 epoch:4 385/840 loss:0.0355
2022-06-23 08:14:37,383 - INFO - main.py - train - 58 - 【train】 epoch:4 386/840 loss:0.1283
2022-06-23 08:14:38,589 - INFO - main.py - train - 58 - 【train】 epoch:4 387/840 loss:0.1385
2022-06-23 08:14:39,827 - INFO - main.py - train - 58 - 【train】 epoch:4 388/840 loss:0.0376
2022-06-23 08:14:41,033 - INFO - main.py - train - 58 - 【train】 epoch:4 389/840 loss:0.1273
2022-06-23 08:14:42,237 - INFO - main.py - train - 58 - 【train】 epoch:4 390/840 loss:0.0439
2022-06-23 08:14:43,442 - INFO - main.py - train - 58 - 【train】 epoch:4 391/840 loss:0.0238
2022-06-23 08:14:44,648 - INFO - main.py - train - 58 - 【train】 epoch:4 392/840 loss:0.0902
2022-06-23 08:14:45,860 - INFO - main.py - train - 58 - 【train】 epoch:4 393/840 loss:0.1378
2022-06-23 08:14:47,071 - INFO - main.py - train - 58 - 【train】 epoch:4 394/840 loss:0.0631
2022-06-23 08:14:48,282 - INFO - main.py - train - 58 - 【train】 epoch:4 395/840 loss:0.1012
2022-06-23 08:14:49,486 - INFO - main.py - train - 58 - 【train】 epoch:4 396/840 loss:0.0721
2022-06-23 08:14:50,690 - INFO - main.py - train - 58 - 【train】 epoch:4 397/840 loss:0.0293
2022-06-23 08:14:51,912 - INFO - main.py - train - 58 - 【train】 epoch:4 398/840 loss:0.1439
2022-06-23 08:14:53,122 - INFO - main.py - train - 58 - 【train】 epoch:4 399/840 loss:0.0783
2022-06-23 08:15:03,507 - INFO - main.py - train - 65 - [eval] loss:0.0000 precision=0.9407 recall=0.9490 f1_score=0.9448
2022-06-23 08:15:03,508 - INFO - train_utils.py - save_model - 77 - Saving model checkpoint to ./checkpoints/bert
2022-06-23 08:15:06,101 - INFO - main.py - train - 58 - 【train】 epoch:4 400/840 loss:0.1001
2022-06-23 08:15:07,312 - INFO - main.py - train - 58 - 【train】 epoch:4 401/840 loss:0.0828
2022-06-23 08:15:08,520 - INFO - main.py - train - 58 - 【train】 epoch:4 402/840 loss:0.0681
2022-06-23 08:15:09,713 - INFO - main.py - train - 58 - 【train】 epoch:4 403/840 loss:0.1281
2022-06-23 08:15:10,920 - INFO - main.py - train - 58 - 【train】 epoch:4 404/840 loss:0.0677
2022-06-23 08:15:12,261 - INFO - main.py - train - 58 - 【train】 epoch:4 405/840 loss:0.0511
2022-06-23 08:15:13,543 - INFO - main.py - train - 58 - 【train】 epoch:4 406/840 loss:0.1560
2022-06-23 08:15:14,820 - INFO - main.py - train - 58 - 【train】 epoch:4 407/840 loss:0.0701
2022-06-23 08:15:16,127 - INFO - main.py - train - 58 - 【train】 epoch:4 408/840 loss:0.0609
2022-06-23 08:15:17,371 - INFO - main.py - train - 58 - 【train】 epoch:4 409/840 loss:0.0811
2022-06-23 08:15:18,678 - INFO - main.py - train - 58 - 【train】 epoch:4 410/840 loss:0.0596
2022-06-23 08:15:19,946 - INFO - main.py - train - 58 - 【train】 epoch:4 411/840 loss:0.0158
2022-06-23 08:15:21,192 - INFO - main.py - train - 58 - 【train】 epoch:4 412/840 loss:0.0436
2022-06-23 08:15:22,439 - INFO - main.py - train - 58 - 【train】 epoch:4 413/840 loss:0.0639
2022-06-23 08:15:23,665 - INFO - main.py - train - 58 - 【train】 epoch:4 414/840 loss:0.0714
2022-06-23 08:15:24,894 - INFO - main.py - train - 58 - 【train】 epoch:4 415/840 loss:0.0485
2022-06-23 08:15:26,114 - INFO - main.py - train - 58 - 【train】 epoch:4 416/840 loss:0.1234
2022-06-23 08:15:27,356 - INFO - main.py - train - 58 - 【train】 epoch:4 417/840 loss:0.1106
2022-06-23 08:15:28,581 - INFO - main.py - train - 58 - 【train】 epoch:4 418/840 loss:0.0331
2022-06-23 08:15:29,824 - INFO - main.py - train - 58 - 【train】 epoch:4 419/840 loss:0.0532
2022-06-23 08:15:31,028 - INFO - main.py - train - 58 - 【train】 epoch:4 420/840 loss:0.0373
2022-06-23 08:15:32,261 - INFO - main.py - train - 58 - 【train】 epoch:4 421/840 loss:0.0589
2022-06-23 08:15:33,480 - INFO - main.py - train - 58 - 【train】 epoch:4 422/840 loss:0.1965
2022-06-23 08:15:34,690 - INFO - main.py - train - 58 - 【train】 epoch:4 423/840 loss:0.1734
2022-06-23 08:15:35,938 - INFO - main.py - train - 58 - 【train】 epoch:4 424/840 loss:0.0932
2022-06-23 08:15:37,162 - INFO - main.py - train - 58 - 【train】 epoch:4 425/840 loss:0.0602
2022-06-23 08:15:38,386 - INFO - main.py - train - 58 - 【train】 epoch:4 426/840 loss:0.0956
2022-06-23 08:15:39,623 - INFO - main.py - train - 58 - 【train】 epoch:4 427/840 loss:0.0380
2022-06-23 08:15:40,861 - INFO - main.py - train - 58 - 【train】 epoch:4 428/840 loss:0.0821
2022-06-23 08:15:42,066 - INFO - main.py - train - 58 - 【train】 epoch:4 429/840 loss:0.0718
2022-06-23 08:15:43,274 - INFO - main.py - train - 58 - 【train】 epoch:4 430/840 loss:0.0931
2022-06-23 08:15:44,476 - INFO - main.py - train - 58 - 【train】 epoch:4 431/840 loss:0.0593
2022-06-23 08:15:45,696 - INFO - main.py - train - 58 - 【train】 epoch:4 432/840 loss:0.0624
2022-06-23 08:15:46,905 - INFO - main.py - train - 58 - 【train】 epoch:4 433/840 loss:0.1002
2022-06-23 08:15:48,109 - INFO - main.py - train - 58 - 【train】 epoch:4 434/840 loss:0.0294
2022-06-23 08:15:49,307 - INFO - main.py - train - 58 - 【train】 epoch:4 435/840 loss:0.0525
2022-06-23 08:15:50,507 - INFO - main.py - train - 58 - 【train】 epoch:4 436/840 loss:0.0945
2022-06-23 08:15:51,720 - INFO - main.py - train - 58 - 【train】 epoch:4 437/840 loss:0.0709
2022-06-23 08:15:52,932 - INFO - main.py - train - 58 - 【train】 epoch:4 438/840 loss:0.0258
2022-06-23 08:15:54,142 - INFO - main.py - train - 58 - 【train】 epoch:4 439/840 loss:0.0584
2022-06-23 08:15:55,342 - INFO - main.py - train - 58 - 【train】 epoch:4 440/840 loss:0.0425
2022-06-23 08:15:56,550 - INFO - main.py - train - 58 - 【train】 epoch:4 441/840 loss:0.0840
2022-06-23 08:15:57,745 - INFO - main.py - train - 58 - 【train】 epoch:4 442/840 loss:0.1187
2022-06-23 08:15:58,953 - INFO - main.py - train - 58 - 【train】 epoch:4 443/840 loss:0.0960
2022-06-23 08:16:00,161 - INFO - main.py - train - 58 - 【train】 epoch:4 444/840 loss:0.1255
2022-06-23 08:16:01,364 - INFO - main.py - train - 58 - 【train】 epoch:4 445/840 loss:0.1012
2022-06-23 08:16:02,564 - INFO - main.py - train - 58 - 【train】 epoch:4 446/840 loss:0.1471
2022-06-23 08:16:03,756 - INFO - main.py - train - 58 - 【train】 epoch:4 447/840 loss:0.0634
2022-06-23 08:16:04,972 - INFO - main.py - train - 58 - 【train】 epoch:4 448/840 loss:0.0277
2022-06-23 08:16:06,181 - INFO - main.py - train - 58 - 【train】 epoch:4 449/840 loss:0.0683
2022-06-23 08:16:16,413 - INFO - main.py - train - 65 - [eval] loss:0.0000 precision=0.9559 recall=0.9427 f1_score=0.9493
2022-06-23 08:16:16,414 - INFO - train_utils.py - save_model - 77 - Saving model checkpoint to ./checkpoints/bert
2022-06-23 08:16:18,976 - INFO - main.py - train - 58 - 【train】 epoch:4 450/840 loss:0.0206
2022-06-23 08:16:20,181 - INFO - main.py - train - 58 - 【train】 epoch:4 451/840 loss:0.0560
2022-06-23 08:16:21,413 - INFO - main.py - train - 58 - 【train】 epoch:4 452/840 loss:0.1477
2022-06-23 08:16:22,623 - INFO - main.py - train - 58 - 【train】 epoch:4 453/840 loss:0.0816
2022-06-23 08:16:23,836 - INFO - main.py - train - 58 - 【train】 epoch:4 454/840 loss:0.0600
2022-06-23 08:16:25,039 - INFO - main.py - train - 58 - 【train】 epoch:4 455/840 loss:0.0851
2022-06-23 08:16:26,241 - INFO - main.py - train - 58 - 【train】 epoch:4 456/840 loss:0.0241
2022-06-23 08:16:27,659 - INFO - main.py - train - 58 - 【train】 epoch:4 457/840 loss:0.1033
2022-06-23 08:16:29,070 - INFO - main.py - train - 58 - 【train】 epoch:4 458/840 loss:0.0690
2022-06-23 08:16:30,480 - INFO - main.py - train - 58 - 【train】 epoch:4 459/840 loss:0.0491
2022-06-23 08:16:31,724 - INFO - main.py - train - 58 - 【train】 epoch:4 460/840 loss:0.1018
2022-06-23 08:16:32,937 - INFO - main.py - train - 58 - 【train】 epoch:4 461/840 loss:0.0534
2022-06-23 08:16:34,145 - INFO - main.py - train - 58 - 【train】 epoch:4 462/840 loss:0.0970
2022-06-23 08:16:35,354 - INFO - main.py - train - 58 - 【train】 epoch:4 463/840 loss:0.0301
2022-06-23 08:16:36,568 - INFO - main.py - train - 58 - 【train】 epoch:4 464/840 loss:0.0593
2022-06-23 08:16:37,790 - INFO - main.py - train - 58 - 【train】 epoch:4 465/840 loss:0.1614
2022-06-23 08:16:39,014 - INFO - main.py - train - 58 - 【train】 epoch:4 466/840 loss:0.0424
2022-06-23 08:16:40,223 - INFO - main.py - train - 58 - 【train】 epoch:4 467/840 loss:0.0351
2022-06-23 08:16:41,445 - INFO - main.py - train - 58 - 【train】 epoch:4 468/840 loss:0.1312
2022-06-23 08:16:42,655 - INFO - main.py - train - 58 - 【train】 epoch:4 469/840 loss:0.1115
2022-06-23 08:16:43,900 - INFO - main.py - train - 58 - 【train】 epoch:4 470/840 loss:0.0795
2022-06-23 08:16:45,132 - INFO - main.py - train - 58 - 【train】 epoch:4 471/840 loss:0.1403
2022-06-23 08:16:46,362 - INFO - main.py - train - 58 - 【train】 epoch:4 472/840 loss:0.0708
2022-06-23 08:16:47,589 - INFO - main.py - train - 58 - 【train】 epoch:4 473/840 loss:0.1508
2022-06-23 08:16:48,801 - INFO - main.py - train - 58 - 【train】 epoch:4 474/840 loss:0.0384
2022-06-23 08:16:50,023 - INFO - main.py - train - 58 - 【train】 epoch:4 475/840 loss:0.0129
2022-06-23 08:16:51,241 - INFO - main.py - train - 58 - 【train】 epoch:4 476/840 loss:0.0961
2022-06-23 08:16:52,444 - INFO - main.py - train - 58 - 【train】 epoch:4 477/840 loss:0.1103
2022-06-23 08:16:53,667 - INFO - main.py - train - 58 - 【train】 epoch:4 478/840 loss:0.0978
2022-06-23 08:16:54,181 - INFO - main.py - train - 58 - 【train】 epoch:4 479/840 loss:0.1084
2022-06-23 08:16:55,406 - INFO - main.py - train - 58 - 【train】 epoch:5 480/840 loss:0.0905
2022-06-23 08:16:56,611 - INFO - main.py - train - 58 - 【train】 epoch:5 481/840 loss:0.0274
2022-06-23 08:16:57,830 - INFO - main.py - train - 58 - 【train】 epoch:5 482/840 loss:0.0351
2022-06-23 08:16:59,027 - INFO - main.py - train - 58 - 【train】 epoch:5 483/840 loss:0.0627
2022-06-23 08:17:00,248 - INFO - main.py - train - 58 - 【train】 epoch:5 484/840 loss:0.1222
2022-06-23 08:17:01,459 - INFO - main.py - train - 58 - 【train】 epoch:5 485/840 loss:0.0646
2022-06-23 08:17:02,667 - INFO - main.py - train - 58 - 【train】 epoch:5 486/840 loss:0.0385
2022-06-23 08:17:03,867 - INFO - main.py - train - 58 - 【train】 epoch:5 487/840 loss:0.0549
2022-06-23 08:17:05,103 - INFO - main.py - train - 58 - 【train】 epoch:5 488/840 loss:0.0767
2022-06-23 08:17:06,326 - INFO - main.py - train - 58 - 【train】 epoch:5 489/840 loss:0.0465
2022-06-23 08:17:07,556 - INFO - main.py - train - 58 - 【train】 epoch:5 490/840 loss:0.0452
2022-06-23 08:17:08,768 - INFO - main.py - train - 58 - 【train】 epoch:5 491/840 loss:0.0522
2022-06-23 08:17:09,971 - INFO - main.py - train - 58 - 【train】 epoch:5 492/840 loss:0.1184
2022-06-23 08:17:11,188 - INFO - main.py - train - 58 - 【train】 epoch:5 493/840 loss:0.0395
2022-06-23 08:17:12,409 - INFO - main.py - train - 58 - 【train】 epoch:5 494/840 loss:0.0753
2022-06-23 08:17:13,623 - INFO - main.py - train - 58 - 【train】 epoch:5 495/840 loss:0.0596
2022-06-23 08:17:14,858 - INFO - main.py - train - 58 - 【train】 epoch:5 496/840 loss:0.0536
2022-06-23 08:17:16,056 - INFO - main.py - train - 58 - 【train】 epoch:5 497/840 loss:0.0103
2022-06-23 08:17:17,274 - INFO - main.py - train - 58 - 【train】 epoch:5 498/840 loss:0.0146
2022-06-23 08:17:18,483 - INFO - main.py - train - 58 - 【train】 epoch:5 499/840 loss:0.0369
2022-06-23 08:17:28,890 - INFO - main.py - train - 65 - [eval] loss:0.0000 precision=0.9395 recall=0.9584 f1_score=0.9489
2022-06-23 08:17:30,105 - INFO - main.py - train - 58 - 【train】 epoch:5 500/840 loss:0.0742
2022-06-23 08:17:31,320 - INFO - main.py - train - 58 - 【train】 epoch:5 501/840 loss:0.0404
2022-06-23 08:17:32,524 - INFO - main.py - train - 58 - 【train】 epoch:5 502/840 loss:0.0221
2022-06-23 08:17:33,743 - INFO - main.py - train - 58 - 【train】 epoch:5 503/840 loss:0.1687
2022-06-23 08:17:34,957 - INFO - main.py - train - 58 - 【train】 epoch:5 504/840 loss:0.0366
2022-06-23 08:17:36,166 - INFO - main.py - train - 58 - 【train】 epoch:5 505/840 loss:0.0233
2022-06-23 08:17:37,372 - INFO - main.py - train - 58 - 【train】 epoch:5 506/840 loss:0.0985
2022-06-23 08:17:38,576 - INFO - main.py - train - 58 - 【train】 epoch:5 507/840 loss:0.0798
2022-06-23 08:17:39,790 - INFO - main.py - train - 58 - 【train】 epoch:5 508/840 loss:0.0867
2022-06-23 08:17:41,013 - INFO - main.py - train - 58 - 【train】 epoch:5 509/840 loss:0.0230
2022-06-23 08:17:42,228 - INFO - main.py - train - 58 - 【train】 epoch:5 510/840 loss:0.1203
2022-06-23 08:17:43,424 - INFO - main.py - train - 58 - 【train】 epoch:5 511/840 loss:0.0229
2022-06-23 08:17:44,628 - INFO - main.py - train - 58 - 【train】 epoch:5 512/840 loss:0.0327
2022-06-23 08:17:45,827 - INFO - main.py - train - 58 - 【train】 epoch:5 513/840 loss:0.0364
2022-06-23 08:17:47,046 - INFO - main.py - train - 58 - 【train】 epoch:5 514/840 loss:0.0413
2022-06-23 08:17:48,281 - INFO - main.py - train - 58 - 【train】 epoch:5 515/840 loss:0.0156
2022-06-23 08:17:49,482 - INFO - main.py - train - 58 - 【train】 epoch:5 516/840 loss:0.0680
2022-06-23 08:17:50,688 - INFO - main.py - train - 58 - 【train】 epoch:5 517/840 loss:0.0185
2022-06-23 08:17:51,909 - INFO - main.py - train - 58 - 【train】 epoch:5 518/840 loss:0.0279
2022-06-23 08:17:53,131 - INFO - main.py - train - 58 - 【train】 epoch:5 519/840 loss:0.0647
2022-06-23 08:17:54,351 - INFO - main.py - train - 58 - 【train】 epoch:5 520/840 loss:0.0273
2022-06-23 08:17:55,572 - INFO - main.py - train - 58 - 【train】 epoch:5 521/840 loss:0.0905
2022-06-23 08:17:56,780 - INFO - main.py - train - 58 - 【train】 epoch:5 522/840 loss:0.0394
2022-06-23 08:17:57,988 - INFO - main.py - train - 58 - 【train】 epoch:5 523/840 loss:0.0188
2022-06-23 08:17:59,198 - INFO - main.py - train - 58 - 【train】 epoch:5 524/840 loss:0.0860
2022-06-23 08:18:00,418 - INFO - main.py - train - 58 - 【train】 epoch:5 525/840 loss:0.0646
2022-06-23 08:18:01,644 - INFO - main.py - train - 58 - 【train】 epoch:5 526/840 loss:0.1057
2022-06-23 08:18:02,853 - INFO - main.py - train - 58 - 【train】 epoch:5 527/840 loss:0.1642
2022-06-23 08:18:04,063 - INFO - main.py - train - 58 - 【train】 epoch:5 528/840 loss:0.0837
2022-06-23 08:18:05,281 - INFO - main.py - train - 58 - 【train】 epoch:5 529/840 loss:0.0478
2022-06-23 08:18:06,498 - INFO - main.py - train - 58 - 【train】 epoch:5 530/840 loss:0.0267
2022-06-23 08:18:07,723 - INFO - main.py - train - 58 - 【train】 epoch:5 531/840 loss:0.0191
2022-06-23 08:18:08,935 - INFO - main.py - train - 58 - 【train】 epoch:5 532/840 loss:0.0155
2022-06-23 08:18:10,137 - INFO - main.py - train - 58 - 【train】 epoch:5 533/840 loss:0.0326
2022-06-23 08:18:11,342 - INFO - main.py - train - 58 - 【train】 epoch:5 534/840 loss:0.0176
2022-06-23 08:18:12,554 - INFO - main.py - train - 58 - 【train】 epoch:5 535/840 loss:0.0414
2022-06-23 08:18:13,775 - INFO - main.py - train - 58 - 【train】 epoch:5 536/840 loss:0.0975
2022-06-23 08:18:14,991 - INFO - main.py - train - 58 - 【train】 epoch:5 537/840 loss:0.0199
2022-06-23 08:18:16,208 - INFO - main.py - train - 58 - 【train】 epoch:5 538/840 loss:0.1488
2022-06-23 08:18:17,436 - INFO - main.py - train - 58 - 【train】 epoch:5 539/840 loss:0.0505
2022-06-23 08:18:18,656 - INFO - main.py - train - 58 - 【train】 epoch:5 540/840 loss:0.0168
2022-06-23 08:18:19,871 - INFO - main.py - train - 58 - 【train】 epoch:5 541/840 loss:0.0355
2022-06-23 08:18:21,071 - INFO - main.py - train - 58 - 【train】 epoch:5 542/840 loss:0.0445
2022-06-23 08:18:22,269 - INFO - main.py - train - 58 - 【train】 epoch:5 543/840 loss:0.0344
2022-06-23 08:18:23,476 - INFO - main.py - train - 58 - 【train】 epoch:5 544/840 loss:0.0888
2022-06-23 08:18:24,667 - INFO - main.py - train - 58 - 【train】 epoch:5 545/840 loss:0.0569
2022-06-23 08:18:25,877 - INFO - main.py - train - 58 - 【train】 epoch:5 546/840 loss:0.1153
2022-06-23 08:18:27,094 - INFO - main.py - train - 58 - 【train】 epoch:5 547/840 loss:0.0154
2022-06-23 08:18:28,290 - INFO - main.py - train - 58 - 【train】 epoch:5 548/840 loss:0.0575
2022-06-23 08:18:29,508 - INFO - main.py - train - 58 - 【train】 epoch:5 549/840 loss:0.1158
2022-06-23 08:18:39,820 - INFO - main.py - train - 65 - [eval] loss:0.0000 precision=0.9429 recall=0.9565 f1_score=0.9497
2022-06-23 08:18:39,821 - INFO - train_utils.py - save_model - 77 - Saving model checkpoint to ./checkpoints/bert
2022-06-23 08:18:42,375 - INFO - main.py - train - 58 - 【train】 epoch:5 550/840 loss:0.0236
2022-06-23 08:18:43,571 - INFO - main.py - train - 58 - 【train】 epoch:5 551/840 loss:0.0345
2022-06-23 08:18:44,770 - INFO - main.py - train - 58 - 【train】 epoch:5 552/840 loss:0.0606
2022-06-23 08:18:45,986 - INFO - main.py - train - 58 - 【train】 epoch:5 553/840 loss:0.0587
2022-06-23 08:18:47,231 - INFO - main.py - train - 58 - 【train】 epoch:5 554/840 loss:0.0873
2022-06-23 08:18:48,439 - INFO - main.py - train - 58 - 【train】 epoch:5 555/840 loss:0.0133
2022-06-23 08:18:49,632 - INFO - main.py - train - 58 - 【train】 epoch:5 556/840 loss:0.0604
2022-06-23 08:18:50,829 - INFO - main.py - train - 58 - 【train】 epoch:5 557/840 loss:0.0791
2022-06-23 08:18:52,226 - INFO - main.py - train - 58 - 【train】 epoch:5 558/840 loss:0.0964
2022-06-23 08:18:53,506 - INFO - main.py - train - 58 - 【train】 epoch:5 559/840 loss:0.0810
2022-06-23 08:18:54,727 - INFO - main.py - train - 58 - 【train】 epoch:5 560/840 loss:0.1408
2022-06-23 08:18:55,950 - INFO - main.py - train - 58 - 【train】 epoch:5 561/840 loss:0.0363
2022-06-23 08:18:57,160 - INFO - main.py - train - 58 - 【train】 epoch:5 562/840 loss:0.0725
2022-06-23 08:18:58,467 - INFO - main.py - train - 58 - 【train】 epoch:5 563/840 loss:0.0346
2022-06-23 08:18:59,758 - INFO - main.py - train - 58 - 【train】 epoch:5 564/840 loss:0.0522
2022-06-23 08:19:00,965 - INFO - main.py - train - 58 - 【train】 epoch:5 565/840 loss:0.0101
2022-06-23 08:19:02,230 - INFO - main.py - train - 58 - 【train】 epoch:5 566/840 loss:0.0405
2022-06-23 08:19:03,464 - INFO - main.py - train - 58 - 【train】 epoch:5 567/840 loss:0.0218
2022-06-23 08:19:04,712 - INFO - main.py - train - 58 - 【train】 epoch:5 568/840 loss:0.0498
2022-06-23 08:19:05,984 - INFO - main.py - train - 58 - 【train】 epoch:5 569/840 loss:0.0479
2022-06-23 08:19:07,216 - INFO - main.py - train - 58 - 【train】 epoch:5 570/840 loss:0.0592
2022-06-23 08:19:08,424 - INFO - main.py - train - 58 - 【train】 epoch:5 571/840 loss:0.0335
2022-06-23 08:19:09,661 - INFO - main.py - train - 58 - 【train】 epoch:5 572/840 loss:0.0502
2022-06-23 08:19:10,902 - INFO - main.py - train - 58 - 【train】 epoch:5 573/840 loss:0.0204
2022-06-23 08:19:12,128 - INFO - main.py - train - 58 - 【train】 epoch:5 574/840 loss:0.1012
2022-06-23 08:19:13,347 - INFO - main.py - train - 58 - 【train】 epoch:5 575/840 loss:0.0789
2022-06-23 08:19:14,574 - INFO - main.py - train - 58 - 【train】 epoch:5 576/840 loss:0.1033
2022-06-23 08:19:15,792 - INFO - main.py - train - 58 - 【train】 epoch:5 577/840 loss:0.0355
2022-06-23 08:19:17,027 - INFO - main.py - train - 58 - 【train】 epoch:5 578/840 loss:0.0213
2022-06-23 08:19:18,240 - INFO - main.py - train - 58 - 【train】 epoch:5 579/840 loss:0.0281
2022-06-23 08:19:19,456 - INFO - main.py - train - 58 - 【train】 epoch:5 580/840 loss:0.1118
2022-06-23 08:19:20,661 - INFO - main.py - train - 58 - 【train】 epoch:5 581/840 loss:0.0274
2022-06-23 08:19:21,876 - INFO - main.py - train - 58 - 【train】 epoch:5 582/840 loss:0.0510
2022-06-23 08:19:23,099 - INFO - main.py - train - 58 - 【train】 epoch:5 583/840 loss:0.0246
2022-06-23 08:19:24,299 - INFO - main.py - train - 58 - 【train】 epoch:5 584/840 loss:0.0161
2022-06-23 08:19:25,505 - INFO - main.py - train - 58 - 【train】 epoch:5 585/840 loss:0.0453
2022-06-23 08:19:26,705 - INFO - main.py - train - 58 - 【train】 epoch:5 586/840 loss:0.0312
2022-06-23 08:19:27,931 - INFO - main.py - train - 58 - 【train】 epoch:5 587/840 loss:0.0210
2022-06-23 08:19:29,134 - INFO - main.py - train - 58 - 【train】 epoch:5 588/840 loss:0.0716
2022-06-23 08:19:30,349 - INFO - main.py - train - 58 - 【train】 epoch:5 589/840 loss:0.0304
2022-06-23 08:19:31,554 - INFO - main.py - train - 58 - 【train】 epoch:5 590/840 loss:0.0058
2022-06-23 08:19:32,784 - INFO - main.py - train - 58 - 【train】 epoch:5 591/840 loss:0.0085
2022-06-23 08:19:34,392 - INFO - main.py - train - 58 - 【train】 epoch:5 592/840 loss:0.0079
2022-06-23 08:19:36,024 - INFO - main.py - train - 58 - 【train】 epoch:5 593/840 loss:0.0366
2022-06-23 08:19:37,225 - INFO - main.py - train - 58 - 【train】 epoch:5 594/840 loss:0.0396
2022-06-23 08:19:38,437 - INFO - main.py - train - 58 - 【train】 epoch:5 595/840 loss:0.0187
2022-06-23 08:19:39,639 - INFO - main.py - train - 58 - 【train】 epoch:5 596/840 loss:0.0071
2022-06-23 08:19:40,852 - INFO - main.py - train - 58 - 【train】 epoch:5 597/840 loss:0.1142
2022-06-23 08:19:42,050 - INFO - main.py - train - 58 - 【train】 epoch:5 598/840 loss:0.0578
2022-06-23 08:19:42,564 - INFO - main.py - train - 58 - 【train】 epoch:5 599/840 loss:0.1979
2022-06-23 08:19:52,851 - INFO - main.py - train - 65 - [eval] loss:0.0000 precision=0.9437 recall=0.9503 f1_score=0.9470
2022-06-23 08:19:54,055 - INFO - main.py - train - 58 - 【train】 epoch:6 600/840 loss:0.0127
2022-06-23 08:19:55,261 - INFO - main.py - train - 58 - 【train】 epoch:6 601/840 loss:0.0128
2022-06-23 08:19:56,460 - INFO - main.py - train - 58 - 【train】 epoch:6 602/840 loss:0.0495
2022-06-23 08:19:57,678 - INFO - main.py - train - 58 - 【train】 epoch:6 603/840 loss:0.0266
2022-06-23 08:19:58,891 - INFO - main.py - train - 58 - 【train】 epoch:6 604/840 loss:0.0175
2022-06-23 08:20:00,097 - INFO - main.py - train - 58 - 【train】 epoch:6 605/840 loss:0.0402
2022-06-23 08:20:01,305 - INFO - main.py - train - 58 - 【train】 epoch:6 606/840 loss:0.0772
2022-06-23 08:20:02,498 - INFO - main.py - train - 58 - 【train】 epoch:6 607/840 loss:0.0116
2022-06-23 08:20:03,713 - INFO - main.py - train - 58 - 【train】 epoch:6 608/840 loss:0.0155
2022-06-23 08:20:04,930 - INFO - main.py - train - 58 - 【train】 epoch:6 609/840 loss:0.0653
2022-06-23 08:20:06,146 - INFO - main.py - train - 58 - 【train】 epoch:6 610/840 loss:0.0264
2022-06-23 08:20:07,348 - INFO - main.py - train - 58 - 【train】 epoch:6 611/840 loss:0.0181
2022-06-23 08:20:08,558 - INFO - main.py - train - 58 - 【train】 epoch:6 612/840 loss:0.0062
2022-06-23 08:20:09,756 - INFO - main.py - train - 58 - 【train】 epoch:6 613/840 loss:0.0166
2022-06-23 08:20:11,007 - INFO - main.py - train - 58 - 【train】 epoch:6 614/840 loss:0.0161
2022-06-23 08:20:12,228 - INFO - main.py - train - 58 - 【train】 epoch:6 615/840 loss:0.0105
2022-06-23 08:20:13,428 - INFO - main.py - train - 58 - 【train】 epoch:6 616/840 loss:0.0444
2022-06-23 08:20:14,631 - INFO - main.py - train - 58 - 【train】 epoch:6 617/840 loss:0.0277
2022-06-23 08:20:15,836 - INFO - main.py - train - 58 - 【train】 epoch:6 618/840 loss:0.0283
2022-06-23 08:20:17,059 - INFO - main.py - train - 58 - 【train】 epoch:6 619/840 loss:0.0807
2022-06-23 08:20:18,276 - INFO - main.py - train - 58 - 【train】 epoch:6 620/840 loss:0.0235
2022-06-23 08:20:19,484 - INFO - main.py - train - 58 - 【train】 epoch:6 621/840 loss:0.0549
2022-06-23 08:20:20,693 - INFO - main.py - train - 58 - 【train】 epoch:6 622/840 loss:0.0107
2022-06-23 08:20:21,898 - INFO - main.py - train - 58 - 【train】 epoch:6 623/840 loss:0.0642
2022-06-23 08:20:23,117 - INFO - main.py - train - 58 - 【train】 epoch:6 624/840 loss:0.0159
2022-06-23 08:20:24,341 - INFO - main.py - train - 58 - 【train】 epoch:6 625/840 loss:0.0544
2022-06-23 08:20:25,546 - INFO - main.py - train - 58 - 【train】 epoch:6 626/840 loss:0.0593
2022-06-23 08:20:26,754 - INFO - main.py - train - 58 - 【train】 epoch:6 627/840 loss:0.0609
2022-06-23 08:20:27,967 - INFO - main.py - train - 58 - 【train】 epoch:6 628/840 loss:0.0259
2022-06-23 08:20:29,184 - INFO - main.py - train - 58 - 【train】 epoch:6 629/840 loss:0.0343
2022-06-23 08:20:30,398 - INFO - main.py - train - 58 - 【train】 epoch:6 630/840 loss:0.0474
2022-06-23 08:20:31,612 - INFO - main.py - train - 58 - 【train】 epoch:6 631/840 loss:0.0849
2022-06-23 08:20:32,818 - INFO - main.py - train - 58 - 【train】 epoch:6 632/840 loss:0.0444
2022-06-23 08:20:34,024 - INFO - main.py - train - 58 - 【train】 epoch:6 633/840 loss:0.0478
2022-06-23 08:20:35,233 - INFO - main.py - train - 58 - 【train】 epoch:6 634/840 loss:0.0554
2022-06-23 08:20:36,453 - INFO - main.py - train - 58 - 【train】 epoch:6 635/840 loss:0.0269
2022-06-23 08:20:37,667 - INFO - main.py - train - 58 - 【train】 epoch:6 636/840 loss:0.0179
2022-06-23 08:20:38,872 - INFO - main.py - train - 58 - 【train】 epoch:6 637/840 loss:0.0487
2022-06-23 08:20:40,073 - INFO - main.py - train - 58 - 【train】 epoch:6 638/840 loss:0.0598
2022-06-23 08:20:41,275 - INFO - main.py - train - 58 - 【train】 epoch:6 639/840 loss:0.0267
2022-06-23 08:20:42,489 - INFO - main.py - train - 58 - 【train】 epoch:6 640/840 loss:0.0704
2022-06-23 08:20:43,704 - INFO - main.py - train - 58 - 【train】 epoch:6 641/840 loss:0.0287
2022-06-23 08:20:44,911 - INFO - main.py - train - 58 - 【train】 epoch:6 642/840 loss:0.0503
2022-06-23 08:20:46,139 - INFO - main.py - train - 58 - 【train】 epoch:6 643/840 loss:0.0612
2022-06-23 08:20:47,336 - INFO - main.py - train - 58 - 【train】 epoch:6 644/840 loss:0.0271
2022-06-23 08:20:48,541 - INFO - main.py - train - 58 - 【train】 epoch:6 645/840 loss:0.0573
2022-06-23 08:20:49,771 - INFO - main.py - train - 58 - 【train】 epoch:6 646/840 loss:0.0230
2022-06-23 08:20:50,980 - INFO - main.py - train - 58 - 【train】 epoch:6 647/840 loss:0.0510
2022-06-23 08:20:52,182 - INFO - main.py - train - 58 - 【train】 epoch:6 648/840 loss:0.0343
2022-06-23 08:20:53,376 - INFO - main.py - train - 58 - 【train】 epoch:6 649/840 loss:0.0094
2022-06-23 08:21:03,775 - INFO - main.py - train - 65 - [eval] loss:0.0000 precision=0.9505 recall=0.9547 f1_score=0.9526
2022-06-23 08:21:03,776 - INFO - train_utils.py - save_model - 77 - Saving model checkpoint to ./checkpoints/bert
2022-06-23 08:21:06,342 - INFO - main.py - train - 58 - 【train】 epoch:6 650/840 loss:0.0234
2022-06-23 08:21:07,541 - INFO - main.py - train - 58 - 【train】 epoch:6 651/840 loss:0.0235
2022-06-23 08:21:08,734 - INFO - main.py - train - 58 - 【train】 epoch:6 652/840 loss:0.0136
2022-06-23 08:21:09,991 - INFO - main.py - train - 58 - 【train】 epoch:6 653/840 loss:0.0215
2022-06-23 08:21:11,205 - INFO - main.py - train - 58 - 【train】 epoch:6 654/840 loss:0.0438
2022-06-23 08:21:12,687 - INFO - main.py - train - 58 - 【train】 epoch:6 655/840 loss:0.0517
2022-06-23 08:21:14,102 - INFO - main.py - train - 58 - 【train】 epoch:6 656/840 loss:0.0331
2022-06-23 08:21:15,451 - INFO - main.py - train - 58 - 【train】 epoch:6 657/840 loss:0.0322
2022-06-23 08:21:16,653 - INFO - main.py - train - 58 - 【train】 epoch:6 658/840 loss:0.0557
2022-06-23 08:21:17,867 - INFO - main.py - train - 58 - 【train】 epoch:6 659/840 loss:0.0149
2022-06-23 08:21:19,078 - INFO - main.py - train - 58 - 【train】 epoch:6 660/840 loss:0.0600
2022-06-23 08:21:20,290 - INFO - main.py - train - 58 - 【train】 epoch:6 661/840 loss:0.0095
2022-06-23 08:21:21,523 - INFO - main.py - train - 58 - 【train】 epoch:6 662/840 loss:0.0307
2022-06-23 08:21:22,724 - INFO - main.py - train - 58 - 【train】 epoch:6 663/840 loss:0.0063
2022-06-23 08:21:23,940 - INFO - main.py - train - 58 - 【train】 epoch:6 664/840 loss:0.0221
2022-06-23 08:21:25,174 - INFO - main.py - train - 58 - 【train】 epoch:6 665/840 loss:0.0342
2022-06-23 08:21:26,389 - INFO - main.py - train - 58 - 【train】 epoch:6 666/840 loss:0.0083
2022-06-23 08:21:27,614 - INFO - main.py - train - 58 - 【train】 epoch:6 667/840 loss:0.0431
2022-06-23 08:21:28,822 - INFO - main.py - train - 58 - 【train】 epoch:6 668/840 loss:0.0122
2022-06-23 08:21:30,050 - INFO - main.py - train - 58 - 【train】 epoch:6 669/840 loss:0.0228
2022-06-23 08:21:31,254 - INFO - main.py - train - 58 - 【train】 epoch:6 670/840 loss:0.0077
2022-06-23 08:21:32,500 - INFO - main.py - train - 58 - 【train】 epoch:6 671/840 loss:0.0307
2022-06-23 08:21:33,720 - INFO - main.py - train - 58 - 【train】 epoch:6 672/840 loss:0.0142
2022-06-23 08:21:34,935 - INFO - main.py - train - 58 - 【train】 epoch:6 673/840 loss:0.0923
2022-06-23 08:21:36,151 - INFO - main.py - train - 58 - 【train】 epoch:6 674/840 loss:0.0264
2022-06-23 08:21:37,378 - INFO - main.py - train - 58 - 【train】 epoch:6 675/840 loss:0.1198
2022-06-23 08:21:38,589 - INFO - main.py - train - 58 - 【train】 epoch:6 676/840 loss:0.0246
2022-06-23 08:21:39,804 - INFO - main.py - train - 58 - 【train】 epoch:6 677/840 loss:0.0088
2022-06-23 08:21:41,014 - INFO - main.py - train - 58 - 【train】 epoch:6 678/840 loss:0.0650
2022-06-23 08:21:42,228 - INFO - main.py - train - 58 - 【train】 epoch:6 679/840 loss:0.0340
2022-06-23 08:21:43,427 - INFO - main.py - train - 58 - 【train】 epoch:6 680/840 loss:0.0228
2022-06-23 08:21:44,644 - INFO - main.py - train - 58 - 【train】 epoch:6 681/840 loss:0.0215
2022-06-23 08:21:45,857 - INFO - main.py - train - 58 - 【train】 epoch:6 682/840 loss:0.0368
2022-06-23 08:21:47,073 - INFO - main.py - train - 58 - 【train】 epoch:6 683/840 loss:0.0428
2022-06-23 08:21:48,279 - INFO - main.py - train - 58 - 【train】 epoch:6 684/840 loss:0.0781
2022-06-23 08:21:49,492 - INFO - main.py - train - 58 - 【train】 epoch:6 685/840 loss:0.0215
2022-06-23 08:21:50,694 - INFO - main.py - train - 58 - 【train】 epoch:6 686/840 loss:0.0166
2022-06-23 08:21:51,922 - INFO - main.py - train - 58 - 【train】 epoch:6 687/840 loss:0.0135
2022-06-23 08:21:53,145 - INFO - main.py - train - 58 - 【train】 epoch:6 688/840 loss:0.1667
2022-06-23 08:21:54,362 - INFO - main.py - train - 58 - 【train】 epoch:6 689/840 loss:0.0335
2022-06-23 08:21:55,568 - INFO - main.py - train - 58 - 【train】 epoch:6 690/840 loss:0.0440
2022-06-23 08:21:56,780 - INFO - main.py - train - 58 - 【train】 epoch:6 691/840 loss:0.0498
2022-06-23 08:21:57,999 - INFO - main.py - train - 58 - 【train】 epoch:6 692/840 loss:0.0257
2022-06-23 08:21:59,209 - INFO - main.py - train - 58 - 【train】 epoch:6 693/840 loss:0.1083
2022-06-23 08:22:00,418 - INFO - main.py - train - 58 - 【train】 epoch:6 694/840 loss:0.0037
2022-06-23 08:22:01,622 - INFO - main.py - train - 58 - 【train】 epoch:6 695/840 loss:0.0603
2022-06-23 08:22:02,849 - INFO - main.py - train - 58 - 【train】 epoch:6 696/840 loss:0.0474
2022-06-23 08:22:04,064 - INFO - main.py - train - 58 - 【train】 epoch:6 697/840 loss:0.0239
2022-06-23 08:22:05,277 - INFO - main.py - train - 58 - 【train】 epoch:6 698/840 loss:0.0690
2022-06-23 08:22:06,482 - INFO - main.py - train - 58 - 【train】 epoch:6 699/840 loss:0.0279
2022-06-23 08:22:16,916 - INFO - main.py - train - 65 - [eval] loss:0.0000 precision=0.9559 recall=0.9565 f1_score=0.9562
2022-06-23 08:22:16,917 - INFO - train_utils.py - save_model - 77 - Saving model checkpoint to ./checkpoints/bert
2022-06-23 08:22:19,416 - INFO - main.py - train - 58 - 【train】 epoch:6 700/840 loss:0.0349
2022-06-23 08:22:20,616 - INFO - main.py - train - 58 - 【train】 epoch:6 701/840 loss:0.0188
2022-06-23 08:22:21,816 - INFO - main.py - train - 58 - 【train】 epoch:6 702/840 loss:0.0678
2022-06-23 08:22:23,023 - INFO - main.py - train - 58 - 【train】 epoch:6 703/840 loss:0.0431
2022-06-23 08:22:24,224 - INFO - main.py - train - 58 - 【train】 epoch:6 704/840 loss:0.0094
2022-06-23 08:22:25,423 - INFO - main.py - train - 58 - 【train】 epoch:6 705/840 loss:0.0186
2022-06-23 08:22:26,633 - INFO - main.py - train - 58 - 【train】 epoch:6 706/840 loss:0.0432
2022-06-23 08:22:27,882 - INFO - main.py - train - 58 - 【train】 epoch:6 707/840 loss:0.0341
2022-06-23 08:22:29,174 - INFO - main.py - train - 58 - 【train】 epoch:6 708/840 loss:0.0768
2022-06-23 08:22:30,463 - INFO - main.py - train - 58 - 【train】 epoch:6 709/840 loss:0.0212
2022-06-23 08:22:31,689 - INFO - main.py - train - 58 - 【train】 epoch:6 710/840 loss:0.0205
2022-06-23 08:22:33,072 - INFO - main.py - train - 58 - 【train】 epoch:6 711/840 loss:0.0168
2022-06-23 08:22:34,322 - INFO - main.py - train - 58 - 【train】 epoch:6 712/840 loss:0.0378
2022-06-23 08:22:35,709 - INFO - main.py - train - 58 - 【train】 epoch:6 713/840 loss:0.0166
2022-06-23 08:22:36,939 - INFO - main.py - train - 58 - 【train】 epoch:6 714/840 loss:0.0301
2022-06-23 08:22:38,154 - INFO - main.py - train - 58 - 【train】 epoch:6 715/840 loss:0.0291
2022-06-23 08:22:39,370 - INFO - main.py - train - 58 - 【train】 epoch:6 716/840 loss:0.0502
2022-06-23 08:22:40,583 - INFO - main.py - train - 58 - 【train】 epoch:6 717/840 loss:0.0199
2022-06-23 08:22:41,808 - INFO - main.py - train - 58 - 【train】 epoch:6 718/840 loss:0.1192
2022-06-23 08:22:42,344 - INFO - main.py - train - 58 - 【train】 epoch:6 719/840 loss:0.0116
2022-06-23 08:22:43,566 - INFO - main.py - train - 58 - 【train】 epoch:7 720/840 loss:0.0369
2022-06-23 08:22:44,793 - INFO - main.py - train - 58 - 【train】 epoch:7 721/840 loss:0.0226
2022-06-23 08:22:46,039 - INFO - main.py - train - 58 - 【train】 epoch:7 722/840 loss:0.0105
2022-06-23 08:22:47,256 - INFO - main.py - train - 58 - 【train】 epoch:7 723/840 loss:0.0184
2022-06-23 08:22:48,465 - INFO - main.py - train - 58 - 【train】 epoch:7 724/840 loss:0.0139
2022-06-23 08:22:49,673 - INFO - main.py - train - 58 - 【train】 epoch:7 725/840 loss:0.0036
2022-06-23 08:22:50,889 - INFO - main.py - train - 58 - 【train】 epoch:7 726/840 loss:0.0133
2022-06-23 08:22:52,115 - INFO - main.py - train - 58 - 【train】 epoch:7 727/840 loss:0.0095
2022-06-23 08:22:53,333 - INFO - main.py - train - 58 - 【train】 epoch:7 728/840 loss:0.0988
2022-06-23 08:22:54,553 - INFO - main.py - train - 58 - 【train】 epoch:7 729/840 loss:0.0120
2022-06-23 08:22:55,769 - INFO - main.py - train - 58 - 【train】 epoch:7 730/840 loss:0.0518
2022-06-23 08:22:56,976 - INFO - main.py - train - 58 - 【train】 epoch:7 731/840 loss:0.0042
2022-06-23 08:22:58,196 - INFO - main.py - train - 58 - 【train】 epoch:7 732/840 loss:0.0180
2022-06-23 08:22:59,418 - INFO - main.py - train - 58 - 【train】 epoch:7 733/840 loss:0.0422
2022-06-23 08:23:00,622 - INFO - main.py - train - 58 - 【train】 epoch:7 734/840 loss:0.0224
2022-06-23 08:23:01,824 - INFO - main.py - train - 58 - 【train】 epoch:7 735/840 loss:0.0084
2022-06-23 08:23:03,053 - INFO - main.py - train - 58 - 【train】 epoch:7 736/840 loss:0.0318
2022-06-23 08:23:04,272 - INFO - main.py - train - 58 - 【train】 epoch:7 737/840 loss:0.0264
2022-06-23 08:23:05,482 - INFO - main.py - train - 58 - 【train】 epoch:7 738/840 loss:0.0121
2022-06-23 08:23:06,697 - INFO - main.py - train - 58 - 【train】 epoch:7 739/840 loss:0.0223
2022-06-23 08:23:07,899 - INFO - main.py - train - 58 - 【train】 epoch:7 740/840 loss:0.0340
2022-06-23 08:23:09,109 - INFO - main.py - train - 58 - 【train】 epoch:7 741/840 loss:0.0059
2022-06-23 08:23:10,323 - INFO - main.py - train - 58 - 【train】 epoch:7 742/840 loss:0.0610
2022-06-23 08:23:11,543 - INFO - main.py - train - 58 - 【train】 epoch:7 743/840 loss:0.0142
2022-06-23 08:23:12,752 - INFO - main.py - train - 58 - 【train】 epoch:7 744/840 loss:0.0096
2022-06-23 08:23:13,960 - INFO - main.py - train - 58 - 【train】 epoch:7 745/840 loss:0.0249
2022-06-23 08:23:15,167 - INFO - main.py - train - 58 - 【train】 epoch:7 746/840 loss:0.0135
2022-06-23 08:23:16,378 - INFO - main.py - train - 58 - 【train】 epoch:7 747/840 loss:0.0291
2022-06-23 08:23:17,594 - INFO - main.py - train - 58 - 【train】 epoch:7 748/840 loss:0.0245
2022-06-23 08:23:18,818 - INFO - main.py - train - 58 - 【train】 epoch:7 749/840 loss:0.0085
2022-06-23 08:23:29,232 - INFO - main.py - train - 65 - [eval] loss:0.0000 precision=0.9576 recall=0.9521 f1_score=0.9548
2022-06-23 08:23:30,436 - INFO - main.py - train - 58 - 【train】 epoch:7 750/840 loss:0.0574
2022-06-23 08:23:31,659 - INFO - main.py - train - 58 - 【train】 epoch:7 751/840 loss:0.0660
2022-06-23 08:23:32,864 - INFO - main.py - train - 58 - 【train】 epoch:7 752/840 loss:0.0261
2022-06-23 08:23:34,105 - INFO - main.py - train - 58 - 【train】 epoch:7 753/840 loss:0.0106
2022-06-23 08:23:35,305 - INFO - main.py - train - 58 - 【train】 epoch:7 754/840 loss:0.1020
2022-06-23 08:23:36,499 - INFO - main.py - train - 58 - 【train】 epoch:7 755/840 loss:0.0119
2022-06-23 08:23:37,695 - INFO - main.py - train - 58 - 【train】 epoch:7 756/840 loss:0.0420
2022-06-23 08:23:38,904 - INFO - main.py - train - 58 - 【train】 epoch:7 757/840 loss:0.0321
2022-06-23 08:23:40,133 - INFO - main.py - train - 58 - 【train】 epoch:7 758/840 loss:0.0163
2022-06-23 08:23:41,333 - INFO - main.py - train - 58 - 【train】 epoch:7 759/840 loss:0.0124
2022-06-23 08:23:42,535 - INFO - main.py - train - 58 - 【train】 epoch:7 760/840 loss:0.0257
2022-06-23 08:23:43,737 - INFO - main.py - train - 58 - 【train】 epoch:7 761/840 loss:0.0096
2022-06-23 08:23:44,952 - INFO - main.py - train - 58 - 【train】 epoch:7 762/840 loss:0.0301
2022-06-23 08:23:46,199 - INFO - main.py - train - 58 - 【train】 epoch:7 763/840 loss:0.0043
2022-06-23 08:23:47,404 - INFO - main.py - train - 58 - 【train】 epoch:7 764/840 loss:0.0076
2022-06-23 08:23:48,612 - INFO - main.py - train - 58 - 【train】 epoch:7 765/840 loss:0.0202
2022-06-23 08:23:49,816 - INFO - main.py - train - 58 - 【train】 epoch:7 766/840 loss:0.0146
2022-06-23 08:23:51,040 - INFO - main.py - train - 58 - 【train】 epoch:7 767/840 loss:0.0075
2022-06-23 08:23:52,280 - INFO - main.py - train - 58 - 【train】 epoch:7 768/840 loss:0.0108
2022-06-23 08:23:53,502 - INFO - main.py - train - 58 - 【train】 epoch:7 769/840 loss:0.0330
2022-06-23 08:23:54,721 - INFO - main.py - train - 58 - 【train】 epoch:7 770/840 loss:0.0162
2022-06-23 08:23:55,949 - INFO - main.py - train - 58 - 【train】 epoch:7 771/840 loss:0.0044
2022-06-23 08:23:57,171 - INFO - main.py - train - 58 - 【train】 epoch:7 772/840 loss:0.0284
2022-06-23 08:23:58,394 - INFO - main.py - train - 58 - 【train】 epoch:7 773/840 loss:0.0036
2022-06-23 08:23:59,622 - INFO - main.py - train - 58 - 【train】 epoch:7 774/840 loss:0.0233
2022-06-23 08:24:00,834 - INFO - main.py - train - 58 - 【train】 epoch:7 775/840 loss:0.0428
2022-06-23 08:24:02,072 - INFO - main.py - train - 58 - 【train】 epoch:7 776/840 loss:0.0407
2022-06-23 08:24:03,302 - INFO - main.py - train - 58 - 【train】 epoch:7 777/840 loss:0.0137
2022-06-23 08:24:04,522 - INFO - main.py - train - 58 - 【train】 epoch:7 778/840 loss:0.0065
2022-06-23 08:24:05,733 - INFO - main.py - train - 58 - 【train】 epoch:7 779/840 loss:0.0256
2022-06-23 08:24:06,953 - INFO - main.py - train - 58 - 【train】 epoch:7 780/840 loss:0.0476
2022-06-23 08:24:08,175 - INFO - main.py - train - 58 - 【train】 epoch:7 781/840 loss:0.0118
2022-06-23 08:24:09,383 - INFO - main.py - train - 58 - 【train】 epoch:7 782/840 loss:0.0063
2022-06-23 08:24:10,602 - INFO - main.py - train - 58 - 【train】 epoch:7 783/840 loss:0.0228
2022-06-23 08:24:11,840 - INFO - main.py - train - 58 - 【train】 epoch:7 784/840 loss:0.0065
2022-06-23 08:24:13,038 - INFO - main.py - train - 58 - 【train】 epoch:7 785/840 loss:0.0043
2022-06-23 08:24:14,248 - INFO - main.py - train - 58 - 【train】 epoch:7 786/840 loss:0.0119
2022-06-23 08:24:15,451 - INFO - main.py - train - 58 - 【train】 epoch:7 787/840 loss:0.0728
2022-06-23 08:24:16,673 - INFO - main.py - train - 58 - 【train】 epoch:7 788/840 loss:0.0393
2022-06-23 08:24:17,886 - INFO - main.py - train - 58 - 【train】 epoch:7 789/840 loss:0.0133
2022-06-23 08:24:19,094 - INFO - main.py - train - 58 - 【train】 epoch:7 790/840 loss:0.0494
2022-06-23 08:24:20,293 - INFO - main.py - train - 58 - 【train】 epoch:7 791/840 loss:0.0214
2022-06-23 08:24:21,490 - INFO - main.py - train - 58 - 【train】 epoch:7 792/840 loss:0.0054
2022-06-23 08:24:22,705 - INFO - main.py - train - 58 - 【train】 epoch:7 793/840 loss:0.0434
2022-06-23 08:24:23,915 - INFO - main.py - train - 58 - 【train】 epoch:7 794/840 loss:0.0062
2022-06-23 08:24:25,137 - INFO - main.py - train - 58 - 【train】 epoch:7 795/840 loss:0.0125
2022-06-23 08:24:26,344 - INFO - main.py - train - 58 - 【train】 epoch:7 796/840 loss:0.0759
2022-06-23 08:24:27,564 - INFO - main.py - train - 58 - 【train】 epoch:7 797/840 loss:0.0252
2022-06-23 08:24:28,778 - INFO - main.py - train - 58 - 【train】 epoch:7 798/840 loss:0.0680
2022-06-23 08:24:30,016 - INFO - main.py - train - 58 - 【train】 epoch:7 799/840 loss:0.0515
2022-06-23 08:24:42,130 - INFO - main.py - train - 65 - [eval] loss:0.0000 precision=0.9536 recall=0.9584 f1_score=0.9560
2022-06-23 08:24:43,330 - INFO - main.py - train - 58 - 【train】 epoch:7 800/840 loss:0.0112
2022-06-23 08:24:44,539 - INFO - main.py - train - 58 - 【train】 epoch:7 801/840 loss:0.0048
2022-06-23 08:24:45,738 - INFO - main.py - train - 58 - 【train】 epoch:7 802/840 loss:0.0626
2022-06-23 08:24:46,940 - INFO - main.py - train - 58 - 【train】 epoch:7 803/840 loss:0.0678
2022-06-23 08:24:48,138 - INFO - main.py - train - 58 - 【train】 epoch:7 804/840 loss:0.0370
2022-06-23 08:24:49,351 - INFO - main.py - train - 58 - 【train】 epoch:7 805/840 loss:0.0139
2022-06-23 08:24:50,566 - INFO - main.py - train - 58 - 【train】 epoch:7 806/840 loss:0.0067
2022-06-23 08:24:51,783 - INFO - main.py - train - 58 - 【train】 epoch:7 807/840 loss:0.0067
2022-06-23 08:24:53,015 - INFO - main.py - train - 58 - 【train】 epoch:7 808/840 loss:0.0563
2022-06-23 08:24:54,224 - INFO - main.py - train - 58 - 【train】 epoch:7 809/840 loss:0.0631
2022-06-23 08:24:55,446 - INFO - main.py - train - 58 - 【train】 epoch:7 810/840 loss:0.0082
2022-06-23 08:24:56,664 - INFO - main.py - train - 58 - 【train】 epoch:7 811/840 loss:0.0519
2022-06-23 08:24:57,877 - INFO - main.py - train - 58 - 【train】 epoch:7 812/840 loss:0.0322
2022-06-23 08:24:59,089 - INFO - main.py - train - 58 - 【train】 epoch:7 813/840 loss:0.0545
2022-06-23 08:25:00,294 - INFO - main.py - train - 58 - 【train】 epoch:7 814/840 loss:0.0638
2022-06-23 08:25:01,520 - INFO - main.py - train - 58 - 【train】 epoch:7 815/840 loss:0.0183
2022-06-23 08:25:02,742 - INFO - main.py - train - 58 - 【train】 epoch:7 816/840 loss:0.0177
2022-06-23 08:25:03,973 - INFO - main.py - train - 58 - 【train】 epoch:7 817/840 loss:0.0360
2022-06-23 08:25:05,187 - INFO - main.py - train - 58 - 【train】 epoch:7 818/840 loss:0.0043
2022-06-23 08:25:06,416 - INFO - main.py - train - 58 - 【train】 epoch:7 819/840 loss:0.0066
2022-06-23 08:25:07,633 - INFO - main.py - train - 58 - 【train】 epoch:7 820/840 loss:0.0062
2022-06-23 08:25:08,875 - INFO - main.py - train - 58 - 【train】 epoch:7 821/840 loss:0.0268
2022-06-23 08:25:10,094 - INFO - main.py - train - 58 - 【train】 epoch:7 822/840 loss:0.0337
2022-06-23 08:25:11,321 - INFO - main.py - train - 58 - 【train】 epoch:7 823/840 loss:0.0983
2022-06-23 08:25:12,537 - INFO - main.py - train - 58 - 【train】 epoch:7 824/840 loss:0.0088
2022-06-23 08:25:13,772 - INFO - main.py - train - 58 - 【train】 epoch:7 825/840 loss:0.0194
2022-06-23 08:25:15,005 - INFO - main.py - train - 58 - 【train】 epoch:7 826/840 loss:0.0155
2022-06-23 08:25:16,241 - INFO - main.py - train - 58 - 【train】 epoch:7 827/840 loss:0.0596
2022-06-23 08:25:17,453 - INFO - main.py - train - 58 - 【train】 epoch:7 828/840 loss:0.0251
2022-06-23 08:25:18,654 - INFO - main.py - train - 58 - 【train】 epoch:7 829/840 loss:0.0175
2022-06-23 08:25:19,895 - INFO - main.py - train - 58 - 【train】 epoch:7 830/840 loss:0.0080
2022-06-23 08:25:21,120 - INFO - main.py - train - 58 - 【train】 epoch:7 831/840 loss:0.0263
2022-06-23 08:25:22,335 - INFO - main.py - train - 58 - 【train】 epoch:7 832/840 loss:0.0197
2022-06-23 08:25:23,558 - INFO - main.py - train - 58 - 【train】 epoch:7 833/840 loss:0.0079
2022-06-23 08:25:24,763 - INFO - main.py - train - 58 - 【train】 epoch:7 834/840 loss:0.0234
2022-06-23 08:25:25,985 - INFO - main.py - train - 58 - 【train】 epoch:7 835/840 loss:0.0550
2022-06-23 08:25:27,209 - INFO - main.py - train - 58 - 【train】 epoch:7 836/840 loss:0.0295
2022-06-23 08:25:28,421 - INFO - main.py - train - 58 - 【train】 epoch:7 837/840 loss:0.0416
2022-06-23 08:25:29,620 - INFO - main.py - train - 58 - 【train】 epoch:7 838/840 loss:0.0677
2022-06-23 08:25:30,139 - INFO - main.py - train - 58 - 【train】 epoch:7 839/840 loss:0.0085
2022-06-23 08:25:30,141 - INFO - main.py - train - 69 - best f1:0.9562480327352849
2022-06-23 08:25:32,356 - INFO - train_utils.py - load_model_and_parallel - 103 - Load ckpt from ./checkpoints/bert/model.pt
2022-06-23 08:25:33,212 - INFO - train_utils.py - load_model_and_parallel - 113 - Use single gpu in: ['0']
2022-06-23 08:25:44,075 - INFO - main.py - test - 170 -           precision    recall  f1-score   support

   TITLE       0.96      0.96      0.96       762
    RACE       1.00      0.93      0.97        15
    CONT       1.00      1.00      1.00        33
     ORG       0.94      0.94      0.94       539
    NAME       0.99      1.00      1.00       110
     EDU       0.97      0.99      0.98       109
     PRO       0.82      1.00      0.90        18
     LOC       1.00      1.00      1.00         2

micro-f1       0.96      0.96      0.96      1588

2022-06-23 08:25:44,076 - INFO - main.py - <module> - 249 - 虞兔良先生：1963年12月出生，汉族，中国国籍，无境外永久居留权，浙江绍兴人，中共党员，MBA，经济师。
2022-06-23 08:25:46,273 - INFO - train_utils.py - load_model_and_parallel - 103 - Load ckpt from ./checkpoints/bert/model.pt
2022-06-23 08:25:47,060 - INFO - train_utils.py - load_model_and_parallel - 113 - Use single gpu in: ['0']
2022-06-23 08:25:47,120 - INFO - main.py - predict - 201 - {'TITLE': [['中共党员', 41], ['经济师', 50]], 'RACE': [['汉族', 18]], 'CONT': [['中国国籍', 21]], 'NAME': [['虞兔良', 1]], 'EDU': [['MBA', 46]], 'LOC': [['浙江绍兴人', 35]]}