2022-06-23 08:26:51,158 - INFO - main.py - <module> - 219 - Namespace(adam_epsilon=1e-08, bert_dir='model_hub/chinese-bert-wwm-ext/', data_dir='./data/cner', dropout_prob=0.1, eval_batch_size=8, eval_steps=50, gpu_ids='0', head_size=64, log_dir='./logs/', lr=5e-05, max_grad_norm=1.0, max_seq_len=150, num_tags=8, other_lr=5e-05, output_dir='./checkpoints/', seed=123, train_batch_size=32, train_epochs=7, use_tensorboard='True', warmup_proportion=0.1, weight_decay=0.01)
2022-06-23 08:26:57,750 - INFO - train_utils.py - load_model_and_parallel - 113 - Use single gpu in: ['0']
2022-06-23 08:26:59,207 - INFO - main.py - train - 58 - 【train】 epoch:1 0/840 loss:6.5621
2022-06-23 08:27:00,365 - INFO - main.py - train - 58 - 【train】 epoch:1 1/840 loss:6.3741
2022-06-23 08:27:01,540 - INFO - main.py - train - 58 - 【train】 epoch:1 2/840 loss:6.3686
2022-06-23 08:27:02,710 - INFO - main.py - train - 58 - 【train】 epoch:1 3/840 loss:6.2089
2022-06-23 08:27:03,891 - INFO - main.py - train - 58 - 【train】 epoch:1 4/840 loss:6.2787
2022-06-23 08:27:05,063 - INFO - main.py - train - 58 - 【train】 epoch:1 5/840 loss:5.6465
2022-06-23 08:27:06,252 - INFO - main.py - train - 58 - 【train】 epoch:1 6/840 loss:5.8833
2022-06-23 08:27:07,425 - INFO - main.py - train - 58 - 【train】 epoch:1 7/840 loss:5.8637
2022-06-23 08:27:08,620 - INFO - main.py - train - 58 - 【train】 epoch:1 8/840 loss:6.1726
2022-06-23 08:27:09,802 - INFO - main.py - train - 58 - 【train】 epoch:1 9/840 loss:6.0861
2022-06-23 08:27:10,989 - INFO - main.py - train - 58 - 【train】 epoch:1 10/840 loss:6.3769
2022-06-23 08:27:12,161 - INFO - main.py - train - 58 - 【train】 epoch:1 11/840 loss:5.7132
2022-06-23 08:27:13,344 - INFO - main.py - train - 58 - 【train】 epoch:1 12/840 loss:6.1381
2022-06-23 08:27:14,521 - INFO - main.py - train - 58 - 【train】 epoch:1 13/840 loss:5.9416
2022-06-23 08:27:15,704 - INFO - main.py - train - 58 - 【train】 epoch:1 14/840 loss:6.0660
2022-06-23 08:27:16,895 - INFO - main.py - train - 58 - 【train】 epoch:1 15/840 loss:6.0471
2022-06-23 08:27:18,091 - INFO - main.py - train - 58 - 【train】 epoch:1 16/840 loss:6.5585
2022-06-23 08:27:19,270 - INFO - main.py - train - 58 - 【train】 epoch:1 17/840 loss:5.5932
2022-06-23 08:27:20,475 - INFO - main.py - train - 58 - 【train】 epoch:1 18/840 loss:6.0342
2022-06-23 08:27:21,655 - INFO - main.py - train - 58 - 【train】 epoch:1 19/840 loss:5.7503
2022-06-23 08:27:22,840 - INFO - main.py - train - 58 - 【train】 epoch:1 20/840 loss:6.0231
2022-06-23 08:27:24,034 - INFO - main.py - train - 58 - 【train】 epoch:1 21/840 loss:5.4383
2022-06-23 08:27:25,232 - INFO - main.py - train - 58 - 【train】 epoch:1 22/840 loss:5.7468
2022-06-23 08:27:26,423 - INFO - main.py - train - 58 - 【train】 epoch:1 23/840 loss:5.6996
2022-06-23 08:27:27,631 - INFO - main.py - train - 58 - 【train】 epoch:1 24/840 loss:6.1064
2022-06-23 08:27:28,814 - INFO - main.py - train - 58 - 【train】 epoch:1 25/840 loss:5.3782
2022-06-23 08:27:30,008 - INFO - main.py - train - 58 - 【train】 epoch:1 26/840 loss:5.4473
2022-06-23 08:27:31,203 - INFO - main.py - train - 58 - 【train】 epoch:1 27/840 loss:5.1773
2022-06-23 08:27:32,405 - INFO - main.py - train - 58 - 【train】 epoch:1 28/840 loss:5.0607
2022-06-23 08:27:33,593 - INFO - main.py - train - 58 - 【train】 epoch:1 29/840 loss:5.4220
2022-06-23 08:27:34,783 - INFO - main.py - train - 58 - 【train】 epoch:1 30/840 loss:4.8924
2022-06-23 08:27:35,999 - INFO - main.py - train - 58 - 【train】 epoch:1 31/840 loss:4.9363
2022-06-23 08:27:37,212 - INFO - main.py - train - 58 - 【train】 epoch:1 32/840 loss:5.0110
2022-06-23 08:27:38,438 - INFO - main.py - train - 58 - 【train】 epoch:1 33/840 loss:5.2404
2022-06-23 08:27:39,638 - INFO - main.py - train - 58 - 【train】 epoch:1 34/840 loss:4.9673
2022-06-23 08:27:40,857 - INFO - main.py - train - 58 - 【train】 epoch:1 35/840 loss:4.9442
2022-06-23 08:27:42,075 - INFO - main.py - train - 58 - 【train】 epoch:1 36/840 loss:4.7196
2022-06-23 08:27:43,292 - INFO - main.py - train - 58 - 【train】 epoch:1 37/840 loss:4.8373
2022-06-23 08:27:44,500 - INFO - main.py - train - 58 - 【train】 epoch:1 38/840 loss:4.8015
2022-06-23 08:27:45,728 - INFO - main.py - train - 58 - 【train】 epoch:1 39/840 loss:4.5973
2022-06-23 08:27:46,939 - INFO - main.py - train - 58 - 【train】 epoch:1 40/840 loss:4.2718
2022-06-23 08:27:48,154 - INFO - main.py - train - 58 - 【train】 epoch:1 41/840 loss:4.1532
2022-06-23 08:27:49,381 - INFO - main.py - train - 58 - 【train】 epoch:1 42/840 loss:4.3057
2022-06-23 08:27:50,591 - INFO - main.py - train - 58 - 【train】 epoch:1 43/840 loss:3.6861
2022-06-23 08:27:51,807 - INFO - main.py - train - 58 - 【train】 epoch:1 44/840 loss:3.7134
2022-06-23 08:27:53,020 - INFO - main.py - train - 58 - 【train】 epoch:1 45/840 loss:3.6307
2022-06-23 08:27:54,247 - INFO - main.py - train - 58 - 【train】 epoch:1 46/840 loss:3.4752
2022-06-23 08:27:55,455 - INFO - main.py - train - 58 - 【train】 epoch:1 47/840 loss:3.5230
2022-06-23 08:27:56,678 - INFO - main.py - train - 58 - 【train】 epoch:1 48/840 loss:3.6882
2022-06-23 08:27:57,894 - INFO - main.py - train - 58 - 【train】 epoch:1 49/840 loss:3.3329
2022-06-23 08:28:08,293 - INFO - main.py - train - 65 - [eval] loss:0.0000 precision=0.0000 recall=0.0000 f1_score=0.0000
2022-06-23 08:28:09,512 - INFO - main.py - train - 58 - 【train】 epoch:1 50/840 loss:3.3505
2022-06-23 08:28:10,735 - INFO - main.py - train - 58 - 【train】 epoch:1 51/840 loss:3.5976
2022-06-23 08:28:11,946 - INFO - main.py - train - 58 - 【train】 epoch:1 52/840 loss:3.2792
2022-06-23 08:28:13,174 - INFO - main.py - train - 58 - 【train】 epoch:1 53/840 loss:3.0538
2022-06-23 08:28:14,375 - INFO - main.py - train - 58 - 【train】 epoch:1 54/840 loss:2.9812
2022-06-23 08:28:15,588 - INFO - main.py - train - 58 - 【train】 epoch:1 55/840 loss:2.4614
2022-06-23 08:28:16,803 - INFO - main.py - train - 58 - 【train】 epoch:1 56/840 loss:2.7359
2022-06-23 08:28:18,027 - INFO - main.py - train - 58 - 【train】 epoch:1 57/840 loss:2.5713
2022-06-23 08:28:19,253 - INFO - main.py - train - 58 - 【train】 epoch:1 58/840 loss:2.5857
2022-06-23 08:28:20,454 - INFO - main.py - train - 58 - 【train】 epoch:1 59/840 loss:2.4216
2022-06-23 08:28:21,692 - INFO - main.py - train - 58 - 【train】 epoch:1 60/840 loss:2.3264
2022-06-23 08:28:22,895 - INFO - main.py - train - 58 - 【train】 epoch:1 61/840 loss:2.3195
2022-06-23 08:28:24,102 - INFO - main.py - train - 58 - 【train】 epoch:1 62/840 loss:2.0388
2022-06-23 08:28:25,336 - INFO - main.py - train - 58 - 【train】 epoch:1 63/840 loss:2.3273
2022-06-23 08:28:26,538 - INFO - main.py - train - 58 - 【train】 epoch:1 64/840 loss:1.8535
2022-06-23 08:28:27,753 - INFO - main.py - train - 58 - 【train】 epoch:1 65/840 loss:1.8568
2022-06-23 08:28:28,949 - INFO - main.py - train - 58 - 【train】 epoch:1 66/840 loss:1.4732
2022-06-23 08:28:30,148 - INFO - main.py - train - 58 - 【train】 epoch:1 67/840 loss:1.8220
2022-06-23 08:28:31,353 - INFO - main.py - train - 58 - 【train】 epoch:1 68/840 loss:1.6991
2022-06-23 08:28:32,562 - INFO - main.py - train - 58 - 【train】 epoch:1 69/840 loss:1.4967
2022-06-23 08:28:33,766 - INFO - main.py - train - 58 - 【train】 epoch:1 70/840 loss:1.6449
2022-06-23 08:28:34,977 - INFO - main.py - train - 58 - 【train】 epoch:1 71/840 loss:1.3710
2022-06-23 08:28:36,203 - INFO - main.py - train - 58 - 【train】 epoch:1 72/840 loss:1.4430
2022-06-23 08:28:37,444 - INFO - main.py - train - 58 - 【train】 epoch:1 73/840 loss:1.3672
2022-06-23 08:28:38,654 - INFO - main.py - train - 58 - 【train】 epoch:1 74/840 loss:0.8215
2022-06-23 08:28:39,860 - INFO - main.py - train - 58 - 【train】 epoch:1 75/840 loss:1.2493
2022-06-23 08:28:41,070 - INFO - main.py - train - 58 - 【train】 epoch:1 76/840 loss:1.0699
2022-06-23 08:28:42,284 - INFO - main.py - train - 58 - 【train】 epoch:1 77/840 loss:1.0549
2022-06-23 08:28:43,498 - INFO - main.py - train - 58 - 【train】 epoch:1 78/840 loss:0.7228
2022-06-23 08:28:44,704 - INFO - main.py - train - 58 - 【train】 epoch:1 79/840 loss:0.8142
2022-06-23 08:28:45,903 - INFO - main.py - train - 58 - 【train】 epoch:1 80/840 loss:0.7254
2022-06-23 08:28:47,107 - INFO - main.py - train - 58 - 【train】 epoch:1 81/840 loss:0.6846
2022-06-23 08:28:48,311 - INFO - main.py - train - 58 - 【train】 epoch:1 82/840 loss:0.7696
2022-06-23 08:28:49,511 - INFO - main.py - train - 58 - 【train】 epoch:1 83/840 loss:0.6153
2022-06-23 08:28:50,719 - INFO - main.py - train - 58 - 【train】 epoch:1 84/840 loss:0.7317
2022-06-23 08:28:51,922 - INFO - main.py - train - 58 - 【train】 epoch:1 85/840 loss:0.5446
2022-06-23 08:28:53,140 - INFO - main.py - train - 58 - 【train】 epoch:1 86/840 loss:0.5632
2022-06-23 08:28:54,349 - INFO - main.py - train - 58 - 【train】 epoch:1 87/840 loss:0.6223
2022-06-23 08:28:55,548 - INFO - main.py - train - 58 - 【train】 epoch:1 88/840 loss:0.6352
2022-06-23 08:28:56,753 - INFO - main.py - train - 58 - 【train】 epoch:1 89/840 loss:0.5281
2022-06-23 08:28:57,962 - INFO - main.py - train - 58 - 【train】 epoch:1 90/840 loss:0.5309
2022-06-23 08:28:59,165 - INFO - main.py - train - 58 - 【train】 epoch:1 91/840 loss:0.5394
2022-06-23 08:29:00,368 - INFO - main.py - train - 58 - 【train】 epoch:1 92/840 loss:0.3996
2022-06-23 08:29:01,574 - INFO - main.py - train - 58 - 【train】 epoch:1 93/840 loss:0.4831
2022-06-23 08:29:02,791 - INFO - main.py - train - 58 - 【train】 epoch:1 94/840 loss:0.5361
2022-06-23 08:29:04,006 - INFO - main.py - train - 58 - 【train】 epoch:1 95/840 loss:0.5315
2022-06-23 08:29:05,211 - INFO - main.py - train - 58 - 【train】 epoch:1 96/840 loss:0.5658
2022-06-23 08:29:06,410 - INFO - main.py - train - 58 - 【train】 epoch:1 97/840 loss:0.4387
2022-06-23 08:29:07,620 - INFO - main.py - train - 58 - 【train】 epoch:1 98/840 loss:0.4991
2022-06-23 08:29:08,828 - INFO - main.py - train - 58 - 【train】 epoch:1 99/840 loss:0.5424
2022-06-23 08:29:19,286 - INFO - main.py - train - 65 - [eval] loss:0.0000 precision=0.6776 recall=0.8445 f1_score=0.7519
2022-06-23 08:29:19,289 - INFO - train_utils.py - save_model - 77 - Saving model checkpoint to ./checkpoints/bert-1
2022-06-23 08:29:21,942 - INFO - main.py - train - 58 - 【train】 epoch:1 100/840 loss:0.5232
2022-06-23 08:29:23,160 - INFO - main.py - train - 58 - 【train】 epoch:1 101/840 loss:0.3925
2022-06-23 08:29:24,365 - INFO - main.py - train - 58 - 【train】 epoch:1 102/840 loss:0.4014
2022-06-23 08:29:25,572 - INFO - main.py - train - 58 - 【train】 epoch:1 103/840 loss:0.3643
2022-06-23 08:29:27,120 - INFO - main.py - train - 58 - 【train】 epoch:1 104/840 loss:0.3471
2022-06-23 08:29:28,842 - INFO - main.py - train - 58 - 【train】 epoch:1 105/840 loss:0.3721
2022-06-23 08:29:30,139 - INFO - main.py - train - 58 - 【train】 epoch:1 106/840 loss:0.3509
2022-06-23 08:29:31,574 - INFO - main.py - train - 58 - 【train】 epoch:1 107/840 loss:0.4571
2022-06-23 08:29:32,906 - INFO - main.py - train - 58 - 【train】 epoch:1 108/840 loss:0.2832
2022-06-23 08:29:34,130 - INFO - main.py - train - 58 - 【train】 epoch:1 109/840 loss:0.3295
2022-06-23 08:29:35,339 - INFO - main.py - train - 58 - 【train】 epoch:1 110/840 loss:0.4202
2022-06-23 08:29:36,542 - INFO - main.py - train - 58 - 【train】 epoch:1 111/840 loss:0.4858
2022-06-23 08:29:37,758 - INFO - main.py - train - 58 - 【train】 epoch:1 112/840 loss:0.4756
2022-06-23 08:29:38,971 - INFO - main.py - train - 58 - 【train】 epoch:1 113/840 loss:0.3971
2022-06-23 08:29:40,180 - INFO - main.py - train - 58 - 【train】 epoch:1 114/840 loss:0.2494
2022-06-23 08:29:41,401 - INFO - main.py - train - 58 - 【train】 epoch:1 115/840 loss:0.5323
2022-06-23 08:29:42,614 - INFO - main.py - train - 58 - 【train】 epoch:1 116/840 loss:0.2908
2022-06-23 08:29:43,827 - INFO - main.py - train - 58 - 【train】 epoch:1 117/840 loss:0.2533
2022-06-23 08:29:45,081 - INFO - main.py - train - 58 - 【train】 epoch:1 118/840 loss:0.3690
2022-06-23 08:29:45,604 - INFO - main.py - train - 58 - 【train】 epoch:1 119/840 loss:0.2820
2022-06-23 08:29:46,822 - INFO - main.py - train - 58 - 【train】 epoch:2 120/840 loss:0.4122
2022-06-23 08:29:48,069 - INFO - main.py - train - 58 - 【train】 epoch:2 121/840 loss:0.3119
2022-06-23 08:29:49,317 - INFO - main.py - train - 58 - 【train】 epoch:2 122/840 loss:0.4070
2022-06-23 08:29:50,524 - INFO - main.py - train - 58 - 【train】 epoch:2 123/840 loss:0.3005
2022-06-23 08:29:51,747 - INFO - main.py - train - 58 - 【train】 epoch:2 124/840 loss:0.4911
2022-06-23 08:29:52,970 - INFO - main.py - train - 58 - 【train】 epoch:2 125/840 loss:0.3796
2022-06-23 08:29:54,193 - INFO - main.py - train - 58 - 【train】 epoch:2 126/840 loss:0.3966
2022-06-23 08:29:55,421 - INFO - main.py - train - 58 - 【train】 epoch:2 127/840 loss:0.3305
2022-06-23 08:29:56,628 - INFO - main.py - train - 58 - 【train】 epoch:2 128/840 loss:0.3844
2022-06-23 08:29:57,828 - INFO - main.py - train - 58 - 【train】 epoch:2 129/840 loss:0.1789
2022-06-23 08:29:59,047 - INFO - main.py - train - 58 - 【train】 epoch:2 130/840 loss:0.3462
2022-06-23 08:30:00,273 - INFO - main.py - train - 58 - 【train】 epoch:2 131/840 loss:0.2935
2022-06-23 08:30:01,482 - INFO - main.py - train - 58 - 【train】 epoch:2 132/840 loss:0.3880
2022-06-23 08:30:02,684 - INFO - main.py - train - 58 - 【train】 epoch:2 133/840 loss:0.3323
2022-06-23 08:30:03,891 - INFO - main.py - train - 58 - 【train】 epoch:2 134/840 loss:0.3091
2022-06-23 08:30:05,095 - INFO - main.py - train - 58 - 【train】 epoch:2 135/840 loss:0.3022
2022-06-23 08:30:06,310 - INFO - main.py - train - 58 - 【train】 epoch:2 136/840 loss:0.2670
2022-06-23 08:30:07,518 - INFO - main.py - train - 58 - 【train】 epoch:2 137/840 loss:0.2329
2022-06-23 08:30:08,722 - INFO - main.py - train - 58 - 【train】 epoch:2 138/840 loss:0.2602
2022-06-23 08:30:09,951 - INFO - main.py - train - 58 - 【train】 epoch:2 139/840 loss:0.3931
2022-06-23 08:30:11,148 - INFO - main.py - train - 58 - 【train】 epoch:2 140/840 loss:0.2200
2022-06-23 08:30:12,353 - INFO - main.py - train - 58 - 【train】 epoch:2 141/840 loss:0.1737
2022-06-23 08:30:13,563 - INFO - main.py - train - 58 - 【train】 epoch:2 142/840 loss:0.2686
2022-06-23 08:30:14,761 - INFO - main.py - train - 58 - 【train】 epoch:2 143/840 loss:0.2696
2022-06-23 08:30:15,969 - INFO - main.py - train - 58 - 【train】 epoch:2 144/840 loss:0.2653
2022-06-23 08:30:17,169 - INFO - main.py - train - 58 - 【train】 epoch:2 145/840 loss:0.3243
2022-06-23 08:30:18,374 - INFO - main.py - train - 58 - 【train】 epoch:2 146/840 loss:0.2563
2022-06-23 08:30:19,585 - INFO - main.py - train - 58 - 【train】 epoch:2 147/840 loss:0.3648
2022-06-23 08:30:20,793 - INFO - main.py - train - 58 - 【train】 epoch:2 148/840 loss:0.1902
2022-06-23 08:30:22,008 - INFO - main.py - train - 58 - 【train】 epoch:2 149/840 loss:0.2677
2022-06-23 08:30:32,295 - INFO - main.py - train - 65 - [eval] loss:0.0000 precision=0.9195 recall=0.7053 f1_score=0.7983
2022-06-23 08:30:32,295 - INFO - train_utils.py - save_model - 77 - Saving model checkpoint to ./checkpoints/bert-1
2022-06-23 08:30:34,919 - INFO - main.py - train - 58 - 【train】 epoch:2 150/840 loss:0.4393
2022-06-23 08:30:36,133 - INFO - main.py - train - 58 - 【train】 epoch:2 151/840 loss:0.1697
2022-06-23 08:30:37,331 - INFO - main.py - train - 58 - 【train】 epoch:2 152/840 loss:0.2367
2022-06-23 08:30:38,526 - INFO - main.py - train - 58 - 【train】 epoch:2 153/840 loss:0.3174
2022-06-23 08:30:39,724 - INFO - main.py - train - 58 - 【train】 epoch:2 154/840 loss:0.1594
2022-06-23 08:30:40,943 - INFO - main.py - train - 58 - 【train】 epoch:2 155/840 loss:0.1807
2022-06-23 08:30:42,166 - INFO - main.py - train - 58 - 【train】 epoch:2 156/840 loss:0.1753
2022-06-23 08:30:43,485 - INFO - main.py - train - 58 - 【train】 epoch:2 157/840 loss:0.2948
2022-06-23 08:30:45,017 - INFO - main.py - train - 58 - 【train】 epoch:2 158/840 loss:0.3832
2022-06-23 08:30:46,549 - INFO - main.py - train - 58 - 【train】 epoch:2 159/840 loss:0.2256
2022-06-23 08:30:47,797 - INFO - main.py - train - 58 - 【train】 epoch:2 160/840 loss:0.2629
2022-06-23 08:30:49,017 - INFO - main.py - train - 58 - 【train】 epoch:2 161/840 loss:0.2833
2022-06-23 08:30:50,254 - INFO - main.py - train - 58 - 【train】 epoch:2 162/840 loss:0.3339
2022-06-23 08:30:51,471 - INFO - main.py - train - 58 - 【train】 epoch:2 163/840 loss:0.3175
2022-06-23 08:30:52,672 - INFO - main.py - train - 58 - 【train】 epoch:2 164/840 loss:0.2180
2022-06-23 08:30:53,904 - INFO - main.py - train - 58 - 【train】 epoch:2 165/840 loss:0.2354
2022-06-23 08:30:55,142 - INFO - main.py - train - 58 - 【train】 epoch:2 166/840 loss:0.2890
2022-06-23 08:30:56,368 - INFO - main.py - train - 58 - 【train】 epoch:2 167/840 loss:0.3152
2022-06-23 08:30:57,594 - INFO - main.py - train - 58 - 【train】 epoch:2 168/840 loss:0.3049
2022-06-23 08:30:58,816 - INFO - main.py - train - 58 - 【train】 epoch:2 169/840 loss:0.2744
2022-06-23 08:31:00,043 - INFO - main.py - train - 58 - 【train】 epoch:2 170/840 loss:0.3753
2022-06-23 08:31:01,279 - INFO - main.py - train - 58 - 【train】 epoch:2 171/840 loss:0.2491
2022-06-23 08:31:02,498 - INFO - main.py - train - 58 - 【train】 epoch:2 172/840 loss:0.2787
2022-06-23 08:31:03,741 - INFO - main.py - train - 58 - 【train】 epoch:2 173/840 loss:0.2488
2022-06-23 08:31:04,969 - INFO - main.py - train - 58 - 【train】 epoch:2 174/840 loss:0.3412
2022-06-23 08:31:06,201 - INFO - main.py - train - 58 - 【train】 epoch:2 175/840 loss:0.2915
2022-06-23 08:31:07,418 - INFO - main.py - train - 58 - 【train】 epoch:2 176/840 loss:0.1949
2022-06-23 08:31:08,634 - INFO - main.py - train - 58 - 【train】 epoch:2 177/840 loss:0.4327
2022-06-23 08:31:09,854 - INFO - main.py - train - 58 - 【train】 epoch:2 178/840 loss:0.1730
2022-06-23 08:31:11,082 - INFO - main.py - train - 58 - 【train】 epoch:2 179/840 loss:0.1000
2022-06-23 08:31:12,292 - INFO - main.py - train - 58 - 【train】 epoch:2 180/840 loss:0.1911
2022-06-23 08:31:13,507 - INFO - main.py - train - 58 - 【train】 epoch:2 181/840 loss:0.3940
2022-06-23 08:31:14,728 - INFO - main.py - train - 58 - 【train】 epoch:2 182/840 loss:0.2515
2022-06-23 08:31:15,940 - INFO - main.py - train - 58 - 【train】 epoch:2 183/840 loss:0.2664
2022-06-23 08:31:17,148 - INFO - main.py - train - 58 - 【train】 epoch:2 184/840 loss:0.1813
2022-06-23 08:31:18,353 - INFO - main.py - train - 58 - 【train】 epoch:2 185/840 loss:0.1639
2022-06-23 08:31:19,571 - INFO - main.py - train - 58 - 【train】 epoch:2 186/840 loss:0.2329
2022-06-23 08:31:20,789 - INFO - main.py - train - 58 - 【train】 epoch:2 187/840 loss:0.2572
2022-06-23 08:31:22,003 - INFO - main.py - train - 58 - 【train】 epoch:2 188/840 loss:0.2602
2022-06-23 08:31:23,220 - INFO - main.py - train - 58 - 【train】 epoch:2 189/840 loss:0.3111
2022-06-23 08:31:24,445 - INFO - main.py - train - 58 - 【train】 epoch:2 190/840 loss:0.4177
2022-06-23 08:31:25,649 - INFO - main.py - train - 58 - 【train】 epoch:2 191/840 loss:0.3777
2022-06-23 08:31:26,856 - INFO - main.py - train - 58 - 【train】 epoch:2 192/840 loss:0.0863
2022-06-23 08:31:28,088 - INFO - main.py - train - 58 - 【train】 epoch:2 193/840 loss:0.1970
2022-06-23 08:31:29,298 - INFO - main.py - train - 58 - 【train】 epoch:2 194/840 loss:0.3271
2022-06-23 08:31:30,501 - INFO - main.py - train - 58 - 【train】 epoch:2 195/840 loss:0.1784
2022-06-23 08:31:31,695 - INFO - main.py - train - 58 - 【train】 epoch:2 196/840 loss:0.1736
2022-06-23 08:31:32,907 - INFO - main.py - train - 58 - 【train】 epoch:2 197/840 loss:0.2720
2022-06-23 08:31:34,130 - INFO - main.py - train - 58 - 【train】 epoch:2 198/840 loss:0.1480
2022-06-23 08:31:35,348 - INFO - main.py - train - 58 - 【train】 epoch:2 199/840 loss:0.1315
2022-06-23 08:31:45,724 - INFO - main.py - train - 65 - [eval] loss:0.0000 precision=0.9059 recall=0.8728 f1_score=0.8890
2022-06-23 08:31:45,725 - INFO - train_utils.py - save_model - 77 - Saving model checkpoint to ./checkpoints/bert-1
2022-06-23 08:31:48,386 - INFO - main.py - train - 58 - 【train】 epoch:2 200/840 loss:0.3512
2022-06-23 08:31:49,581 - INFO - main.py - train - 58 - 【train】 epoch:2 201/840 loss:0.1575
2022-06-23 08:31:50,779 - INFO - main.py - train - 58 - 【train】 epoch:2 202/840 loss:0.1981
2022-06-23 08:31:51,975 - INFO - main.py - train - 58 - 【train】 epoch:2 203/840 loss:0.1523
2022-06-23 08:31:53,197 - INFO - main.py - train - 58 - 【train】 epoch:2 204/840 loss:0.1763
2022-06-23 08:31:54,774 - INFO - main.py - train - 58 - 【train】 epoch:2 205/840 loss:0.2104
2022-06-23 08:31:56,444 - INFO - main.py - train - 58 - 【train】 epoch:2 206/840 loss:0.2747
2022-06-23 08:31:57,690 - INFO - main.py - train - 58 - 【train】 epoch:2 207/840 loss:0.2731
2022-06-23 08:31:58,904 - INFO - main.py - train - 58 - 【train】 epoch:2 208/840 loss:0.1577
2022-06-23 08:32:00,122 - INFO - main.py - train - 58 - 【train】 epoch:2 209/840 loss:0.0948
2022-06-23 08:32:01,326 - INFO - main.py - train - 58 - 【train】 epoch:2 210/840 loss:0.2578
2022-06-23 08:32:02,544 - INFO - main.py - train - 58 - 【train】 epoch:2 211/840 loss:0.1839
2022-06-23 08:32:03,764 - INFO - main.py - train - 58 - 【train】 epoch:2 212/840 loss:0.2797
2022-06-23 08:32:04,968 - INFO - main.py - train - 58 - 【train】 epoch:2 213/840 loss:0.2093
2022-06-23 08:32:06,196 - INFO - main.py - train - 58 - 【train】 epoch:2 214/840 loss:0.3240
2022-06-23 08:32:07,418 - INFO - main.py - train - 58 - 【train】 epoch:2 215/840 loss:0.3581
2022-06-23 08:32:08,636 - INFO - main.py - train - 58 - 【train】 epoch:2 216/840 loss:0.1419
2022-06-23 08:32:09,868 - INFO - main.py - train - 58 - 【train】 epoch:2 217/840 loss:0.2919
2022-06-23 08:32:11,097 - INFO - main.py - train - 58 - 【train】 epoch:2 218/840 loss:0.1442
2022-06-23 08:32:12,310 - INFO - main.py - train - 58 - 【train】 epoch:2 219/840 loss:0.2085
2022-06-23 08:32:13,538 - INFO - main.py - train - 58 - 【train】 epoch:2 220/840 loss:0.3590
2022-06-23 08:32:14,769 - INFO - main.py - train - 58 - 【train】 epoch:2 221/840 loss:0.1865
2022-06-23 08:32:16,013 - INFO - main.py - train - 58 - 【train】 epoch:2 222/840 loss:0.1296
2022-06-23 08:32:17,229 - INFO - main.py - train - 58 - 【train】 epoch:2 223/840 loss:0.2167
2022-06-23 08:32:18,465 - INFO - main.py - train - 58 - 【train】 epoch:2 224/840 loss:0.3536
2022-06-23 08:32:19,686 - INFO - main.py - train - 58 - 【train】 epoch:2 225/840 loss:0.2727
2022-06-23 08:32:20,908 - INFO - main.py - train - 58 - 【train】 epoch:2 226/840 loss:0.1721
2022-06-23 08:32:22,143 - INFO - main.py - train - 58 - 【train】 epoch:2 227/840 loss:0.2045
2022-06-23 08:32:23,385 - INFO - main.py - train - 58 - 【train】 epoch:2 228/840 loss:0.3053
2022-06-23 08:32:24,606 - INFO - main.py - train - 58 - 【train】 epoch:2 229/840 loss:0.1555
2022-06-23 08:32:25,818 - INFO - main.py - train - 58 - 【train】 epoch:2 230/840 loss:0.1434
2022-06-23 08:32:27,034 - INFO - main.py - train - 58 - 【train】 epoch:2 231/840 loss:0.1339
2022-06-23 08:32:28,253 - INFO - main.py - train - 58 - 【train】 epoch:2 232/840 loss:0.1645
2022-06-23 08:32:29,480 - INFO - main.py - train - 58 - 【train】 epoch:2 233/840 loss:0.2558
2022-06-23 08:32:30,692 - INFO - main.py - train - 58 - 【train】 epoch:2 234/840 loss:0.1584
2022-06-23 08:32:31,910 - INFO - main.py - train - 58 - 【train】 epoch:2 235/840 loss:0.2613
2022-06-23 08:32:33,138 - INFO - main.py - train - 58 - 【train】 epoch:2 236/840 loss:0.1907
2022-06-23 08:32:34,351 - INFO - main.py - train - 58 - 【train】 epoch:2 237/840 loss:0.2197
2022-06-23 08:32:35,562 - INFO - main.py - train - 58 - 【train】 epoch:2 238/840 loss:0.3701
2022-06-23 08:32:36,078 - INFO - main.py - train - 58 - 【train】 epoch:2 239/840 loss:0.2330
2022-06-23 08:32:37,290 - INFO - main.py - train - 58 - 【train】 epoch:3 240/840 loss:0.1171
2022-06-23 08:32:38,499 - INFO - main.py - train - 58 - 【train】 epoch:3 241/840 loss:0.2764
2022-06-23 08:32:39,720 - INFO - main.py - train - 58 - 【train】 epoch:3 242/840 loss:0.1158
2022-06-23 08:32:40,946 - INFO - main.py - train - 58 - 【train】 epoch:3 243/840 loss:0.2456
2022-06-23 08:32:42,142 - INFO - main.py - train - 58 - 【train】 epoch:3 244/840 loss:0.1593
2022-06-23 08:32:43,352 - INFO - main.py - train - 58 - 【train】 epoch:3 245/840 loss:0.1245
2022-06-23 08:32:44,559 - INFO - main.py - train - 58 - 【train】 epoch:3 246/840 loss:0.2443
2022-06-23 08:32:45,761 - INFO - main.py - train - 58 - 【train】 epoch:3 247/840 loss:0.2161
2022-06-23 08:32:46,970 - INFO - main.py - train - 58 - 【train】 epoch:3 248/840 loss:0.1579
2022-06-23 08:32:48,179 - INFO - main.py - train - 58 - 【train】 epoch:3 249/840 loss:0.2207
2022-06-23 08:32:58,418 - INFO - main.py - train - 65 - [eval] loss:0.0000 precision=0.9336 recall=0.8678 f1_score=0.8995
2022-06-23 08:32:58,419 - INFO - train_utils.py - save_model - 77 - Saving model checkpoint to ./checkpoints/bert-1
2022-06-23 08:33:01,004 - INFO - main.py - train - 58 - 【train】 epoch:3 250/840 loss:0.1227
2022-06-23 08:33:02,222 - INFO - main.py - train - 58 - 【train】 epoch:3 251/840 loss:0.1095
2022-06-23 08:33:03,438 - INFO - main.py - train - 58 - 【train】 epoch:3 252/840 loss:0.1527
2022-06-23 08:33:04,637 - INFO - main.py - train - 58 - 【train】 epoch:3 253/840 loss:0.0763
2022-06-23 08:33:05,847 - INFO - main.py - train - 58 - 【train】 epoch:3 254/840 loss:0.1476
2022-06-23 08:33:07,073 - INFO - main.py - train - 58 - 【train】 epoch:3 255/840 loss:0.1167
2022-06-23 08:33:08,307 - INFO - main.py - train - 58 - 【train】 epoch:3 256/840 loss:0.1665
2022-06-23 08:33:09,911 - INFO - main.py - train - 58 - 【train】 epoch:3 257/840 loss:0.2702
2022-06-23 08:33:11,590 - INFO - main.py - train - 58 - 【train】 epoch:3 258/840 loss:0.2166
2022-06-23 08:33:12,804 - INFO - main.py - train - 58 - 【train】 epoch:3 259/840 loss:0.3443
2022-06-23 08:33:14,036 - INFO - main.py - train - 58 - 【train】 epoch:3 260/840 loss:0.2384
2022-06-23 08:33:15,253 - INFO - main.py - train - 58 - 【train】 epoch:3 261/840 loss:0.2267
2022-06-23 08:33:16,462 - INFO - main.py - train - 58 - 【train】 epoch:3 262/840 loss:0.2622
2022-06-23 08:33:17,671 - INFO - main.py - train - 58 - 【train】 epoch:3 263/840 loss:0.1547
2022-06-23 08:33:18,878 - INFO - main.py - train - 58 - 【train】 epoch:3 264/840 loss:0.1445
2022-06-23 08:33:20,111 - INFO - main.py - train - 58 - 【train】 epoch:3 265/840 loss:0.0798
2022-06-23 08:33:21,338 - INFO - main.py - train - 58 - 【train】 epoch:3 266/840 loss:0.0969
2022-06-23 08:33:22,539 - INFO - main.py - train - 58 - 【train】 epoch:3 267/840 loss:0.1919
2022-06-23 08:33:23,743 - INFO - main.py - train - 58 - 【train】 epoch:3 268/840 loss:0.1039
2022-06-23 08:33:24,968 - INFO - main.py - train - 58 - 【train】 epoch:3 269/840 loss:0.1068
2022-06-23 08:33:26,212 - INFO - main.py - train - 58 - 【train】 epoch:3 270/840 loss:0.1266
2022-06-23 08:33:27,437 - INFO - main.py - train - 58 - 【train】 epoch:3 271/840 loss:0.0832
2022-06-23 08:33:28,645 - INFO - main.py - train - 58 - 【train】 epoch:3 272/840 loss:0.1172
2022-06-23 08:33:29,853 - INFO - main.py - train - 58 - 【train】 epoch:3 273/840 loss:0.0998
2022-06-23 08:33:31,061 - INFO - main.py - train - 58 - 【train】 epoch:3 274/840 loss:0.1891
2022-06-23 08:33:32,286 - INFO - main.py - train - 58 - 【train】 epoch:3 275/840 loss:0.1767
2022-06-23 08:33:33,523 - INFO - main.py - train - 58 - 【train】 epoch:3 276/840 loss:0.3064
2022-06-23 08:33:34,732 - INFO - main.py - train - 58 - 【train】 epoch:3 277/840 loss:0.1744
2022-06-23 08:33:35,942 - INFO - main.py - train - 58 - 【train】 epoch:3 278/840 loss:0.1359
2022-06-23 08:33:37,154 - INFO - main.py - train - 58 - 【train】 epoch:3 279/840 loss:0.3519
2022-06-23 08:33:38,388 - INFO - main.py - train - 58 - 【train】 epoch:3 280/840 loss:0.0752
2022-06-23 08:33:39,597 - INFO - main.py - train - 58 - 【train】 epoch:3 281/840 loss:0.2083
2022-06-23 08:33:40,821 - INFO - main.py - train - 58 - 【train】 epoch:3 282/840 loss:0.2031
2022-06-23 08:33:42,065 - INFO - main.py - train - 58 - 【train】 epoch:3 283/840 loss:0.1884
2022-06-23 08:33:43,268 - INFO - main.py - train - 58 - 【train】 epoch:3 284/840 loss:0.1083
2022-06-23 08:33:44,489 - INFO - main.py - train - 58 - 【train】 epoch:3 285/840 loss:0.1732
2022-06-23 08:33:45,698 - INFO - main.py - train - 58 - 【train】 epoch:3 286/840 loss:0.1465
2022-06-23 08:33:46,907 - INFO - main.py - train - 58 - 【train】 epoch:3 287/840 loss:0.1841
2022-06-23 08:33:48,114 - INFO - main.py - train - 58 - 【train】 epoch:3 288/840 loss:0.1183
2022-06-23 08:33:49,324 - INFO - main.py - train - 58 - 【train】 epoch:3 289/840 loss:0.1965
2022-06-23 08:33:50,531 - INFO - main.py - train - 58 - 【train】 epoch:3 290/840 loss:0.1527
2022-06-23 08:33:51,746 - INFO - main.py - train - 58 - 【train】 epoch:3 291/840 loss:0.2273
2022-06-23 08:33:52,957 - INFO - main.py - train - 58 - 【train】 epoch:3 292/840 loss:0.1527
2022-06-23 08:33:54,183 - INFO - main.py - train - 58 - 【train】 epoch:3 293/840 loss:0.1385
2022-06-23 08:33:55,394 - INFO - main.py - train - 58 - 【train】 epoch:3 294/840 loss:0.1699
2022-06-23 08:33:56,594 - INFO - main.py - train - 58 - 【train】 epoch:3 295/840 loss:0.1557
2022-06-23 08:33:57,811 - INFO - main.py - train - 58 - 【train】 epoch:3 296/840 loss:0.1023
2022-06-23 08:33:59,028 - INFO - main.py - train - 58 - 【train】 epoch:3 297/840 loss:0.2274
2022-06-23 08:34:00,244 - INFO - main.py - train - 58 - 【train】 epoch:3 298/840 loss:0.1509
2022-06-23 08:34:01,460 - INFO - main.py - train - 58 - 【train】 epoch:3 299/840 loss:0.2066
2022-06-23 08:34:11,865 - INFO - main.py - train - 65 - [eval] loss:0.0000 precision=0.9558 recall=0.8312 f1_score=0.8892
2022-06-23 08:34:13,070 - INFO - main.py - train - 58 - 【train】 epoch:3 300/840 loss:0.1068
2022-06-23 08:34:14,273 - INFO - main.py - train - 58 - 【train】 epoch:3 301/840 loss:0.2308
2022-06-23 08:34:15,475 - INFO - main.py - train - 58 - 【train】 epoch:3 302/840 loss:0.1211
2022-06-23 08:34:16,674 - INFO - main.py - train - 58 - 【train】 epoch:3 303/840 loss:0.1754
2022-06-23 08:34:17,883 - INFO - main.py - train - 58 - 【train】 epoch:3 304/840 loss:0.1581
2022-06-23 08:34:19,081 - INFO - main.py - train - 58 - 【train】 epoch:3 305/840 loss:0.1262
2022-06-23 08:34:20,304 - INFO - main.py - train - 58 - 【train】 epoch:3 306/840 loss:0.2844
2022-06-23 08:34:21,509 - INFO - main.py - train - 58 - 【train】 epoch:3 307/840 loss:0.1213
2022-06-23 08:34:22,716 - INFO - main.py - train - 58 - 【train】 epoch:3 308/840 loss:0.1625
2022-06-23 08:34:23,936 - INFO - main.py - train - 58 - 【train】 epoch:3 309/840 loss:0.1666
2022-06-23 08:34:25,155 - INFO - main.py - train - 58 - 【train】 epoch:3 310/840 loss:0.1510
2022-06-23 08:34:26,370 - INFO - main.py - train - 58 - 【train】 epoch:3 311/840 loss:0.1624
2022-06-23 08:34:27,755 - INFO - main.py - train - 58 - 【train】 epoch:3 312/840 loss:0.0803
2022-06-23 08:34:29,381 - INFO - main.py - train - 58 - 【train】 epoch:3 313/840 loss:0.1511
2022-06-23 08:34:30,889 - INFO - main.py - train - 58 - 【train】 epoch:3 314/840 loss:0.2364
2022-06-23 08:34:32,091 - INFO - main.py - train - 58 - 【train】 epoch:3 315/840 loss:0.0805
2022-06-23 08:34:33,312 - INFO - main.py - train - 58 - 【train】 epoch:3 316/840 loss:0.1250
2022-06-23 08:34:34,530 - INFO - main.py - train - 58 - 【train】 epoch:3 317/840 loss:0.1854
2022-06-23 08:34:35,758 - INFO - main.py - train - 58 - 【train】 epoch:3 318/840 loss:0.0831
2022-06-23 08:34:36,976 - INFO - main.py - train - 58 - 【train】 epoch:3 319/840 loss:0.1037
2022-06-23 08:34:38,186 - INFO - main.py - train - 58 - 【train】 epoch:3 320/840 loss:0.1755
2022-06-23 08:34:39,415 - INFO - main.py - train - 58 - 【train】 epoch:3 321/840 loss:0.2422
2022-06-23 08:34:40,642 - INFO - main.py - train - 58 - 【train】 epoch:3 322/840 loss:0.2416
2022-06-23 08:34:41,872 - INFO - main.py - train - 58 - 【train】 epoch:3 323/840 loss:0.1696
2022-06-23 08:34:43,092 - INFO - main.py - train - 58 - 【train】 epoch:3 324/840 loss:0.1111
2022-06-23 08:34:44,302 - INFO - main.py - train - 58 - 【train】 epoch:3 325/840 loss:0.0915
2022-06-23 08:34:45,519 - INFO - main.py - train - 58 - 【train】 epoch:3 326/840 loss:0.1453
2022-06-23 08:34:46,722 - INFO - main.py - train - 58 - 【train】 epoch:3 327/840 loss:0.1209
2022-06-23 08:34:47,962 - INFO - main.py - train - 58 - 【train】 epoch:3 328/840 loss:0.2556
2022-06-23 08:34:49,199 - INFO - main.py - train - 58 - 【train】 epoch:3 329/840 loss:0.1483
2022-06-23 08:34:50,403 - INFO - main.py - train - 58 - 【train】 epoch:3 330/840 loss:0.2104
2022-06-23 08:34:51,601 - INFO - main.py - train - 58 - 【train】 epoch:3 331/840 loss:0.1816
2022-06-23 08:34:52,811 - INFO - main.py - train - 58 - 【train】 epoch:3 332/840 loss:0.2443
2022-06-23 08:34:54,028 - INFO - main.py - train - 58 - 【train】 epoch:3 333/840 loss:0.1448
2022-06-23 08:34:55,256 - INFO - main.py - train - 58 - 【train】 epoch:3 334/840 loss:0.1217
2022-06-23 08:34:56,463 - INFO - main.py - train - 58 - 【train】 epoch:3 335/840 loss:0.2449
2022-06-23 08:34:57,661 - INFO - main.py - train - 58 - 【train】 epoch:3 336/840 loss:0.1831
2022-06-23 08:34:58,859 - INFO - main.py - train - 58 - 【train】 epoch:3 337/840 loss:0.1745
2022-06-23 08:35:00,072 - INFO - main.py - train - 58 - 【train】 epoch:3 338/840 loss:0.1128
2022-06-23 08:35:01,288 - INFO - main.py - train - 58 - 【train】 epoch:3 339/840 loss:0.0524
2022-06-23 08:35:02,490 - INFO - main.py - train - 58 - 【train】 epoch:3 340/840 loss:0.2333
2022-06-23 08:35:03,685 - INFO - main.py - train - 58 - 【train】 epoch:3 341/840 loss:0.1887
2022-06-23 08:35:04,889 - INFO - main.py - train - 58 - 【train】 epoch:3 342/840 loss:0.1120
2022-06-23 08:35:06,087 - INFO - main.py - train - 58 - 【train】 epoch:3 343/840 loss:0.1554
2022-06-23 08:35:07,316 - INFO - main.py - train - 58 - 【train】 epoch:3 344/840 loss:0.1787
2022-06-23 08:35:08,521 - INFO - main.py - train - 58 - 【train】 epoch:3 345/840 loss:0.1172
2022-06-23 08:35:09,728 - INFO - main.py - train - 58 - 【train】 epoch:3 346/840 loss:0.1253
2022-06-23 08:35:10,954 - INFO - main.py - train - 58 - 【train】 epoch:3 347/840 loss:0.1777
2022-06-23 08:35:12,154 - INFO - main.py - train - 58 - 【train】 epoch:3 348/840 loss:0.1020
2022-06-23 08:35:13,366 - INFO - main.py - train - 58 - 【train】 epoch:3 349/840 loss:0.0992
2022-06-23 08:35:23,649 - INFO - main.py - train - 65 - [eval] loss:0.0000 precision=0.9382 recall=0.8986 f1_score=0.9180
2022-06-23 08:35:23,650 - INFO - train_utils.py - save_model - 77 - Saving model checkpoint to ./checkpoints/bert-1
2022-06-23 08:35:26,212 - INFO - main.py - train - 58 - 【train】 epoch:3 350/840 loss:0.1418
2022-06-23 08:35:27,411 - INFO - main.py - train - 58 - 【train】 epoch:3 351/840 loss:0.0613
2022-06-23 08:35:28,615 - INFO - main.py - train - 58 - 【train】 epoch:3 352/840 loss:0.1669
2022-06-23 08:35:29,819 - INFO - main.py - train - 58 - 【train】 epoch:3 353/840 loss:0.1556
2022-06-23 08:35:31,020 - INFO - main.py - train - 58 - 【train】 epoch:3 354/840 loss:0.1427
2022-06-23 08:35:32,226 - INFO - main.py - train - 58 - 【train】 epoch:3 355/840 loss:0.0904
2022-06-23 08:35:33,458 - INFO - main.py - train - 58 - 【train】 epoch:3 356/840 loss:0.1432
2022-06-23 08:35:35,080 - INFO - main.py - train - 58 - 【train】 epoch:3 357/840 loss:0.1962
2022-06-23 08:35:36,617 - INFO - main.py - train - 58 - 【train】 epoch:3 358/840 loss:0.2475
2022-06-23 08:35:37,156 - INFO - main.py - train - 58 - 【train】 epoch:3 359/840 loss:0.1266
2022-06-23 08:35:38,380 - INFO - main.py - train - 58 - 【train】 epoch:4 360/840 loss:0.2073
2022-06-23 08:35:39,590 - INFO - main.py - train - 58 - 【train】 epoch:4 361/840 loss:0.1611
2022-06-23 08:35:40,790 - INFO - main.py - train - 58 - 【train】 epoch:4 362/840 loss:0.1492
2022-06-23 08:35:42,017 - INFO - main.py - train - 58 - 【train】 epoch:4 363/840 loss:0.1149
2022-06-23 08:35:43,267 - INFO - main.py - train - 58 - 【train】 epoch:4 364/840 loss:0.0803
2022-06-23 08:35:44,473 - INFO - main.py - train - 58 - 【train】 epoch:4 365/840 loss:0.0468
2022-06-23 08:35:45,675 - INFO - main.py - train - 58 - 【train】 epoch:4 366/840 loss:0.1043
2022-06-23 08:35:46,887 - INFO - main.py - train - 58 - 【train】 epoch:4 367/840 loss:0.2011
2022-06-23 08:35:48,132 - INFO - main.py - train - 58 - 【train】 epoch:4 368/840 loss:0.0522
2022-06-23 08:35:49,374 - INFO - main.py - train - 58 - 【train】 epoch:4 369/840 loss:0.1261
2022-06-23 08:35:50,577 - INFO - main.py - train - 58 - 【train】 epoch:4 370/840 loss:0.1105
2022-06-23 08:35:51,804 - INFO - main.py - train - 58 - 【train】 epoch:4 371/840 loss:0.1008
2022-06-23 08:35:53,019 - INFO - main.py - train - 58 - 【train】 epoch:4 372/840 loss:0.0752
2022-06-23 08:35:54,240 - INFO - main.py - train - 58 - 【train】 epoch:4 373/840 loss:0.2199
2022-06-23 08:35:55,457 - INFO - main.py - train - 58 - 【train】 epoch:4 374/840 loss:0.0603
2022-06-23 08:35:56,659 - INFO - main.py - train - 58 - 【train】 epoch:4 375/840 loss:0.1050
2022-06-23 08:35:57,866 - INFO - main.py - train - 58 - 【train】 epoch:4 376/840 loss:0.0707
2022-06-23 08:35:59,070 - INFO - main.py - train - 58 - 【train】 epoch:4 377/840 loss:0.1042
2022-06-23 08:36:00,312 - INFO - main.py - train - 58 - 【train】 epoch:4 378/840 loss:0.1870
2022-06-23 08:36:01,529 - INFO - main.py - train - 58 - 【train】 epoch:4 379/840 loss:0.0895
2022-06-23 08:36:02,733 - INFO - main.py - train - 58 - 【train】 epoch:4 380/840 loss:0.1011
2022-06-23 08:36:03,961 - INFO - main.py - train - 58 - 【train】 epoch:4 381/840 loss:0.0834
2022-06-23 08:36:05,166 - INFO - main.py - train - 58 - 【train】 epoch:4 382/840 loss:0.1605
2022-06-23 08:36:06,384 - INFO - main.py - train - 58 - 【train】 epoch:4 383/840 loss:0.1783
2022-06-23 08:36:07,617 - INFO - main.py - train - 58 - 【train】 epoch:4 384/840 loss:0.1191
2022-06-23 08:36:08,813 - INFO - main.py - train - 58 - 【train】 epoch:4 385/840 loss:0.0681
2022-06-23 08:36:10,045 - INFO - main.py - train - 58 - 【train】 epoch:4 386/840 loss:0.1632
2022-06-23 08:36:11,247 - INFO - main.py - train - 58 - 【train】 epoch:4 387/840 loss:0.1587
2022-06-23 08:36:12,455 - INFO - main.py - train - 58 - 【train】 epoch:4 388/840 loss:0.0499
2022-06-23 08:36:13,676 - INFO - main.py - train - 58 - 【train】 epoch:4 389/840 loss:0.1887
2022-06-23 08:36:14,888 - INFO - main.py - train - 58 - 【train】 epoch:4 390/840 loss:0.0813
2022-06-23 08:36:16,091 - INFO - main.py - train - 58 - 【train】 epoch:4 391/840 loss:0.0659
2022-06-23 08:36:17,316 - INFO - main.py - train - 58 - 【train】 epoch:4 392/840 loss:0.1466
2022-06-23 08:36:18,520 - INFO - main.py - train - 58 - 【train】 epoch:4 393/840 loss:0.1633
2022-06-23 08:36:19,724 - INFO - main.py - train - 58 - 【train】 epoch:4 394/840 loss:0.1113
2022-06-23 08:36:20,936 - INFO - main.py - train - 58 - 【train】 epoch:4 395/840 loss:0.0812
2022-06-23 08:36:22,137 - INFO - main.py - train - 58 - 【train】 epoch:4 396/840 loss:0.1131
2022-06-23 08:36:23,364 - INFO - main.py - train - 58 - 【train】 epoch:4 397/840 loss:0.0535
2022-06-23 08:36:24,565 - INFO - main.py - train - 58 - 【train】 epoch:4 398/840 loss:0.1665
2022-06-23 08:36:25,790 - INFO - main.py - train - 58 - 【train】 epoch:4 399/840 loss:0.1100
2022-06-23 08:36:36,082 - INFO - main.py - train - 65 - [eval] loss:0.0000 precision=0.9162 recall=0.9496 f1_score=0.9326
2022-06-23 08:36:36,082 - INFO - train_utils.py - save_model - 77 - Saving model checkpoint to ./checkpoints/bert-1
2022-06-23 08:36:38,653 - INFO - main.py - train - 58 - 【train】 epoch:4 400/840 loss:0.1594
2022-06-23 08:36:39,873 - INFO - main.py - train - 58 - 【train】 epoch:4 401/840 loss:0.1315
2022-06-23 08:36:41,081 - INFO - main.py - train - 58 - 【train】 epoch:4 402/840 loss:0.0760
2022-06-23 08:36:42,282 - INFO - main.py - train - 58 - 【train】 epoch:4 403/840 loss:0.1363
2022-06-23 08:36:43,555 - INFO - main.py - train - 58 - 【train】 epoch:4 404/840 loss:0.0720
2022-06-23 08:36:45,145 - INFO - main.py - train - 58 - 【train】 epoch:4 405/840 loss:0.0998
2022-06-23 08:36:46,756 - INFO - main.py - train - 58 - 【train】 epoch:4 406/840 loss:0.1867
2022-06-23 08:36:47,991 - INFO - main.py - train - 58 - 【train】 epoch:4 407/840 loss:0.1138
2022-06-23 08:36:49,199 - INFO - main.py - train - 58 - 【train】 epoch:4 408/840 loss:0.0790
2022-06-23 08:36:50,418 - INFO - main.py - train - 58 - 【train】 epoch:4 409/840 loss:0.1309
2022-06-23 08:36:51,622 - INFO - main.py - train - 58 - 【train】 epoch:4 410/840 loss:0.0927
2022-06-23 08:36:52,855 - INFO - main.py - train - 58 - 【train】 epoch:4 411/840 loss:0.0415
2022-06-23 08:36:54,055 - INFO - main.py - train - 58 - 【train】 epoch:4 412/840 loss:0.0591
2022-06-23 08:36:55,276 - INFO - main.py - train - 58 - 【train】 epoch:4 413/840 loss:0.0988
2022-06-23 08:36:56,486 - INFO - main.py - train - 58 - 【train】 epoch:4 414/840 loss:0.1438
2022-06-23 08:36:57,716 - INFO - main.py - train - 58 - 【train】 epoch:4 415/840 loss:0.0607
2022-06-23 08:36:58,930 - INFO - main.py - train - 58 - 【train】 epoch:4 416/840 loss:0.1818
2022-06-23 08:37:00,136 - INFO - main.py - train - 58 - 【train】 epoch:4 417/840 loss:0.1487
2022-06-23 08:37:01,363 - INFO - main.py - train - 58 - 【train】 epoch:4 418/840 loss:0.0836
2022-06-23 08:37:02,585 - INFO - main.py - train - 58 - 【train】 epoch:4 419/840 loss:0.1169
2022-06-23 08:37:03,797 - INFO - main.py - train - 58 - 【train】 epoch:4 420/840 loss:0.0705
2022-06-23 08:37:05,017 - INFO - main.py - train - 58 - 【train】 epoch:4 421/840 loss:0.1073
2022-06-23 08:37:06,251 - INFO - main.py - train - 58 - 【train】 epoch:4 422/840 loss:0.1481
2022-06-23 08:37:07,481 - INFO - main.py - train - 58 - 【train】 epoch:4 423/840 loss:0.2015
2022-06-23 08:37:08,702 - INFO - main.py - train - 58 - 【train】 epoch:4 424/840 loss:0.1489
2022-06-23 08:37:09,935 - INFO - main.py - train - 58 - 【train】 epoch:4 425/840 loss:0.0956
2022-06-23 08:37:11,156 - INFO - main.py - train - 58 - 【train】 epoch:4 426/840 loss:0.1279
2022-06-23 08:37:12,363 - INFO - main.py - train - 58 - 【train】 epoch:4 427/840 loss:0.0657
2022-06-23 08:37:13,574 - INFO - main.py - train - 58 - 【train】 epoch:4 428/840 loss:0.1083
2022-06-23 08:37:14,777 - INFO - main.py - train - 58 - 【train】 epoch:4 429/840 loss:0.0627
2022-06-23 08:37:16,011 - INFO - main.py - train - 58 - 【train】 epoch:4 430/840 loss:0.1111
2022-06-23 08:37:17,214 - INFO - main.py - train - 58 - 【train】 epoch:4 431/840 loss:0.0740
2022-06-23 08:37:18,420 - INFO - main.py - train - 58 - 【train】 epoch:4 432/840 loss:0.0871
2022-06-23 08:37:19,621 - INFO - main.py - train - 58 - 【train】 epoch:4 433/840 loss:0.1507
2022-06-23 08:37:20,832 - INFO - main.py - train - 58 - 【train】 epoch:4 434/840 loss:0.0385
2022-06-23 08:37:22,081 - INFO - main.py - train - 58 - 【train】 epoch:4 435/840 loss:0.0582
2022-06-23 08:37:23,300 - INFO - main.py - train - 58 - 【train】 epoch:4 436/840 loss:0.1043
2022-06-23 08:37:24,508 - INFO - main.py - train - 58 - 【train】 epoch:4 437/840 loss:0.1238
2022-06-23 08:37:25,715 - INFO - main.py - train - 58 - 【train】 epoch:4 438/840 loss:0.0814
2022-06-23 08:37:26,931 - INFO - main.py - train - 58 - 【train】 epoch:4 439/840 loss:0.0932
2022-06-23 08:37:28,140 - INFO - main.py - train - 58 - 【train】 epoch:4 440/840 loss:0.0577
2022-06-23 08:37:29,378 - INFO - main.py - train - 58 - 【train】 epoch:4 441/840 loss:0.1055
2022-06-23 08:37:30,578 - INFO - main.py - train - 58 - 【train】 epoch:4 442/840 loss:0.1599
2022-06-23 08:37:31,807 - INFO - main.py - train - 58 - 【train】 epoch:4 443/840 loss:0.1308
2022-06-23 08:37:33,033 - INFO - main.py - train - 58 - 【train】 epoch:4 444/840 loss:0.2287
2022-06-23 08:37:34,248 - INFO - main.py - train - 58 - 【train】 epoch:4 445/840 loss:0.1087
2022-06-23 08:37:35,445 - INFO - main.py - train - 58 - 【train】 epoch:4 446/840 loss:0.1525
2022-06-23 08:37:36,641 - INFO - main.py - train - 58 - 【train】 epoch:4 447/840 loss:0.0902
2022-06-23 08:37:37,844 - INFO - main.py - train - 58 - 【train】 epoch:4 448/840 loss:0.0869
2022-06-23 08:37:39,037 - INFO - main.py - train - 58 - 【train】 epoch:4 449/840 loss:0.0883
2022-06-23 08:37:49,339 - INFO - main.py - train - 65 - [eval] loss:0.0000 precision=0.9291 recall=0.9490 f1_score=0.9389
2022-06-23 08:37:49,340 - INFO - train_utils.py - save_model - 77 - Saving model checkpoint to ./checkpoints/bert-1
2022-06-23 08:37:52,025 - INFO - main.py - train - 58 - 【train】 epoch:4 450/840 loss:0.0290
2022-06-23 08:37:53,222 - INFO - main.py - train - 58 - 【train】 epoch:4 451/840 loss:0.0815
2022-06-23 08:37:54,437 - INFO - main.py - train - 58 - 【train】 epoch:4 452/840 loss:0.1295
2022-06-23 08:37:55,651 - INFO - main.py - train - 58 - 【train】 epoch:4 453/840 loss:0.0969
2022-06-23 08:37:56,869 - INFO - main.py - train - 58 - 【train】 epoch:4 454/840 loss:0.0875
2022-06-23 08:37:58,083 - INFO - main.py - train - 58 - 【train】 epoch:4 455/840 loss:0.1072
2022-06-23 08:37:59,585 - INFO - main.py - train - 58 - 【train】 epoch:4 456/840 loss:0.0556
2022-06-23 08:38:01,241 - INFO - main.py - train - 58 - 【train】 epoch:4 457/840 loss:0.1617
2022-06-23 08:38:02,453 - INFO - main.py - train - 58 - 【train】 epoch:4 458/840 loss:0.0845
2022-06-23 08:38:03,662 - INFO - main.py - train - 58 - 【train】 epoch:4 459/840 loss:0.1044
2022-06-23 08:38:04,874 - INFO - main.py - train - 58 - 【train】 epoch:4 460/840 loss:0.1962
2022-06-23 08:38:06,074 - INFO - main.py - train - 58 - 【train】 epoch:4 461/840 loss:0.1347
2022-06-23 08:38:07,279 - INFO - main.py - train - 58 - 【train】 epoch:4 462/840 loss:0.1661
2022-06-23 08:38:08,492 - INFO - main.py - train - 58 - 【train】 epoch:4 463/840 loss:0.0551
2022-06-23 08:38:09,695 - INFO - main.py - train - 58 - 【train】 epoch:4 464/840 loss:0.1129
2022-06-23 08:38:10,935 - INFO - main.py - train - 58 - 【train】 epoch:4 465/840 loss:0.2090
2022-06-23 08:38:12,163 - INFO - main.py - train - 58 - 【train】 epoch:4 466/840 loss:0.1014
2022-06-23 08:38:13,377 - INFO - main.py - train - 58 - 【train】 epoch:4 467/840 loss:0.0761
2022-06-23 08:38:14,579 - INFO - main.py - train - 58 - 【train】 epoch:4 468/840 loss:0.1139
2022-06-23 08:38:15,788 - INFO - main.py - train - 58 - 【train】 epoch:4 469/840 loss:0.1450
2022-06-23 08:38:17,011 - INFO - main.py - train - 58 - 【train】 epoch:4 470/840 loss:0.0720
2022-06-23 08:38:18,258 - INFO - main.py - train - 58 - 【train】 epoch:4 471/840 loss:0.1501
2022-06-23 08:38:19,467 - INFO - main.py - train - 58 - 【train】 epoch:4 472/840 loss:0.0621
2022-06-23 08:38:20,677 - INFO - main.py - train - 58 - 【train】 epoch:4 473/840 loss:0.1886
2022-06-23 08:38:21,904 - INFO - main.py - train - 58 - 【train】 epoch:4 474/840 loss:0.0763
2022-06-23 08:38:23,117 - INFO - main.py - train - 58 - 【train】 epoch:4 475/840 loss:0.0275
2022-06-23 08:38:24,333 - INFO - main.py - train - 58 - 【train】 epoch:4 476/840 loss:0.1062
2022-06-23 08:38:25,544 - INFO - main.py - train - 58 - 【train】 epoch:4 477/840 loss:0.1495
2022-06-23 08:38:26,742 - INFO - main.py - train - 58 - 【train】 epoch:4 478/840 loss:0.1568
2022-06-23 08:38:27,265 - INFO - main.py - train - 58 - 【train】 epoch:4 479/840 loss:0.1471
2022-06-23 08:38:28,481 - INFO - main.py - train - 58 - 【train】 epoch:5 480/840 loss:0.1311
2022-06-23 08:38:29,683 - INFO - main.py - train - 58 - 【train】 epoch:5 481/840 loss:0.0488
2022-06-23 08:38:30,885 - INFO - main.py - train - 58 - 【train】 epoch:5 482/840 loss:0.0508
2022-06-23 08:38:32,082 - INFO - main.py - train - 58 - 【train】 epoch:5 483/840 loss:0.0738
2022-06-23 08:38:33,310 - INFO - main.py - train - 58 - 【train】 epoch:5 484/840 loss:0.1757
2022-06-23 08:38:34,522 - INFO - main.py - train - 58 - 【train】 epoch:5 485/840 loss:0.0841
2022-06-23 08:38:35,738 - INFO - main.py - train - 58 - 【train】 epoch:5 486/840 loss:0.0698
2022-06-23 08:38:36,960 - INFO - main.py - train - 58 - 【train】 epoch:5 487/840 loss:0.1035
2022-06-23 08:38:38,194 - INFO - main.py - train - 58 - 【train】 epoch:5 488/840 loss:0.1897
2022-06-23 08:38:39,414 - INFO - main.py - train - 58 - 【train】 epoch:5 489/840 loss:0.0641
2022-06-23 08:38:40,637 - INFO - main.py - train - 58 - 【train】 epoch:5 490/840 loss:0.0950
2022-06-23 08:38:41,841 - INFO - main.py - train - 58 - 【train】 epoch:5 491/840 loss:0.1001
2022-06-23 08:38:43,075 - INFO - main.py - train - 58 - 【train】 epoch:5 492/840 loss:0.1552
2022-06-23 08:38:44,284 - INFO - main.py - train - 58 - 【train】 epoch:5 493/840 loss:0.0795
2022-06-23 08:38:45,495 - INFO - main.py - train - 58 - 【train】 epoch:5 494/840 loss:0.1307
2022-06-23 08:38:46,708 - INFO - main.py - train - 58 - 【train】 epoch:5 495/840 loss:0.0839
2022-06-23 08:38:47,912 - INFO - main.py - train - 58 - 【train】 epoch:5 496/840 loss:0.0799
2022-06-23 08:38:49,139 - INFO - main.py - train - 58 - 【train】 epoch:5 497/840 loss:0.0348
2022-06-23 08:38:50,363 - INFO - main.py - train - 58 - 【train】 epoch:5 498/840 loss:0.0432
2022-06-23 08:38:51,574 - INFO - main.py - train - 58 - 【train】 epoch:5 499/840 loss:0.0571
2022-06-23 08:39:01,986 - INFO - main.py - train - 65 - [eval] loss:0.0000 precision=0.9411 recall=0.9452 f1_score=0.9431
2022-06-23 08:39:01,986 - INFO - train_utils.py - save_model - 77 - Saving model checkpoint to ./checkpoints/bert-1
2022-06-23 08:39:04,816 - INFO - main.py - train - 58 - 【train】 epoch:5 500/840 loss:0.1243
2022-06-23 08:39:06,024 - INFO - main.py - train - 58 - 【train】 epoch:5 501/840 loss:0.0954
2022-06-23 08:39:07,230 - INFO - main.py - train - 58 - 【train】 epoch:5 502/840 loss:0.0420
2022-06-23 08:39:08,431 - INFO - main.py - train - 58 - 【train】 epoch:5 503/840 loss:0.2110
2022-06-23 08:39:09,643 - INFO - main.py - train - 58 - 【train】 epoch:5 504/840 loss:0.0721
2022-06-23 08:39:10,860 - INFO - main.py - train - 58 - 【train】 epoch:5 505/840 loss:0.0270
2022-06-23 08:39:12,096 - INFO - main.py - train - 58 - 【train】 epoch:5 506/840 loss:0.1141
2022-06-23 08:39:13,335 - INFO - main.py - train - 58 - 【train】 epoch:5 507/840 loss:0.1279
2022-06-23 08:39:14,682 - INFO - main.py - train - 58 - 【train】 epoch:5 508/840 loss:0.1233
2022-06-23 08:39:15,895 - INFO - main.py - train - 58 - 【train】 epoch:5 509/840 loss:0.0358
2022-06-23 08:39:17,191 - INFO - main.py - train - 58 - 【train】 epoch:5 510/840 loss:0.1234
2022-06-23 08:39:18,478 - INFO - main.py - train - 58 - 【train】 epoch:5 511/840 loss:0.0354
2022-06-23 08:39:19,889 - INFO - main.py - train - 58 - 【train】 epoch:5 512/840 loss:0.0533
2022-06-23 08:39:21,184 - INFO - main.py - train - 58 - 【train】 epoch:5 513/840 loss:0.0520
2022-06-23 08:39:22,396 - INFO - main.py - train - 58 - 【train】 epoch:5 514/840 loss:0.0619
2022-06-23 08:39:23,623 - INFO - main.py - train - 58 - 【train】 epoch:5 515/840 loss:0.0414
2022-06-23 08:39:24,858 - INFO - main.py - train - 58 - 【train】 epoch:5 516/840 loss:0.0741
2022-06-23 08:39:26,505 - INFO - main.py - train - 58 - 【train】 epoch:5 517/840 loss:0.0355
2022-06-23 08:39:28,150 - INFO - main.py - train - 58 - 【train】 epoch:5 518/840 loss:0.0699
2022-06-23 08:39:29,370 - INFO - main.py - train - 58 - 【train】 epoch:5 519/840 loss:0.0708
2022-06-23 08:39:30,608 - INFO - main.py - train - 58 - 【train】 epoch:5 520/840 loss:0.0375
2022-06-23 08:39:31,842 - INFO - main.py - train - 58 - 【train】 epoch:5 521/840 loss:0.1225
2022-06-23 08:39:33,052 - INFO - main.py - train - 58 - 【train】 epoch:5 522/840 loss:0.0343
2022-06-23 08:39:34,286 - INFO - main.py - train - 58 - 【train】 epoch:5 523/840 loss:0.0185
2022-06-23 08:39:35,523 - INFO - main.py - train - 58 - 【train】 epoch:5 524/840 loss:0.1286
2022-06-23 08:39:36,747 - INFO - main.py - train - 58 - 【train】 epoch:5 525/840 loss:0.0578
2022-06-23 08:39:37,979 - INFO - main.py - train - 58 - 【train】 epoch:5 526/840 loss:0.1263
2022-06-23 08:39:39,187 - INFO - main.py - train - 58 - 【train】 epoch:5 527/840 loss:0.1994
2022-06-23 08:39:40,397 - INFO - main.py - train - 58 - 【train】 epoch:5 528/840 loss:0.1052
2022-06-23 08:39:41,609 - INFO - main.py - train - 58 - 【train】 epoch:5 529/840 loss:0.0776
2022-06-23 08:39:42,825 - INFO - main.py - train - 58 - 【train】 epoch:5 530/840 loss:0.0587
2022-06-23 08:39:44,038 - INFO - main.py - train - 58 - 【train】 epoch:5 531/840 loss:0.0491
2022-06-23 08:39:45,259 - INFO - main.py - train - 58 - 【train】 epoch:5 532/840 loss:0.0454
2022-06-23 08:39:46,463 - INFO - main.py - train - 58 - 【train】 epoch:5 533/840 loss:0.0492
2022-06-23 08:39:47,664 - INFO - main.py - train - 58 - 【train】 epoch:5 534/840 loss:0.0375
2022-06-23 08:39:48,873 - INFO - main.py - train - 58 - 【train】 epoch:5 535/840 loss:0.0352
2022-06-23 08:39:50,097 - INFO - main.py - train - 58 - 【train】 epoch:5 536/840 loss:0.1126
2022-06-23 08:39:51,311 - INFO - main.py - train - 58 - 【train】 epoch:5 537/840 loss:0.0397
2022-06-23 08:39:52,511 - INFO - main.py - train - 58 - 【train】 epoch:5 538/840 loss:0.1009
2022-06-23 08:39:53,725 - INFO - main.py - train - 58 - 【train】 epoch:5 539/840 loss:0.1237
2022-06-23 08:39:54,947 - INFO - main.py - train - 58 - 【train】 epoch:5 540/840 loss:0.0363
2022-06-23 08:39:56,152 - INFO - main.py - train - 58 - 【train】 epoch:5 541/840 loss:0.0259
2022-06-23 08:39:57,346 - INFO - main.py - train - 58 - 【train】 epoch:5 542/840 loss:0.0715
2022-06-23 08:39:58,543 - INFO - main.py - train - 58 - 【train】 epoch:5 543/840 loss:0.0274
2022-06-23 08:39:59,749 - INFO - main.py - train - 58 - 【train】 epoch:5 544/840 loss:0.1255
2022-06-23 08:40:00,952 - INFO - main.py - train - 58 - 【train】 epoch:5 545/840 loss:0.0572
2022-06-23 08:40:02,175 - INFO - main.py - train - 58 - 【train】 epoch:5 546/840 loss:0.1353
2022-06-23 08:40:03,379 - INFO - main.py - train - 58 - 【train】 epoch:5 547/840 loss:0.0530
2022-06-23 08:40:04,575 - INFO - main.py - train - 58 - 【train】 epoch:5 548/840 loss:0.0630
2022-06-23 08:40:05,805 - INFO - main.py - train - 58 - 【train】 epoch:5 549/840 loss:0.1401
2022-06-23 08:40:16,141 - INFO - main.py - train - 65 - [eval] loss:0.0000 precision=0.9527 recall=0.9263 f1_score=0.9393
2022-06-23 08:40:17,338 - INFO - main.py - train - 58 - 【train】 epoch:5 550/840 loss:0.0641
2022-06-23 08:40:18,539 - INFO - main.py - train - 58 - 【train】 epoch:5 551/840 loss:0.0622
2022-06-23 08:40:19,744 - INFO - main.py - train - 58 - 【train】 epoch:5 552/840 loss:0.0698
2022-06-23 08:40:20,939 - INFO - main.py - train - 58 - 【train】 epoch:5 553/840 loss:0.0628
2022-06-23 08:40:22,133 - INFO - main.py - train - 58 - 【train】 epoch:5 554/840 loss:0.1456
2022-06-23 08:40:23,354 - INFO - main.py - train - 58 - 【train】 epoch:5 555/840 loss:0.0315
2022-06-23 08:40:24,553 - INFO - main.py - train - 58 - 【train】 epoch:5 556/840 loss:0.0958
2022-06-23 08:40:25,758 - INFO - main.py - train - 58 - 【train】 epoch:5 557/840 loss:0.1146
2022-06-23 08:40:26,960 - INFO - main.py - train - 58 - 【train】 epoch:5 558/840 loss:0.1014
2022-06-23 08:40:28,188 - INFO - main.py - train - 58 - 【train】 epoch:5 559/840 loss:0.1028
2022-06-23 08:40:29,389 - INFO - main.py - train - 58 - 【train】 epoch:5 560/840 loss:0.2078
2022-06-23 08:40:30,594 - INFO - main.py - train - 58 - 【train】 epoch:5 561/840 loss:0.0506
2022-06-23 08:40:31,803 - INFO - main.py - train - 58 - 【train】 epoch:5 562/840 loss:0.0898
2022-06-23 08:40:33,013 - INFO - main.py - train - 58 - 【train】 epoch:5 563/840 loss:0.0663
2022-06-23 08:40:34,216 - INFO - main.py - train - 58 - 【train】 epoch:5 564/840 loss:0.1046
2022-06-23 08:40:35,416 - INFO - main.py - train - 58 - 【train】 epoch:5 565/840 loss:0.0574
2022-06-23 08:40:36,615 - INFO - main.py - train - 58 - 【train】 epoch:5 566/840 loss:0.0448
2022-06-23 08:40:37,830 - INFO - main.py - train - 58 - 【train】 epoch:5 567/840 loss:0.0803
2022-06-23 08:40:39,045 - INFO - main.py - train - 58 - 【train】 epoch:5 568/840 loss:0.1121
2022-06-23 08:40:40,279 - INFO - main.py - train - 58 - 【train】 epoch:5 569/840 loss:0.1047
2022-06-23 08:40:41,497 - INFO - main.py - train - 58 - 【train】 epoch:5 570/840 loss:0.0630
2022-06-23 08:40:42,703 - INFO - main.py - train - 58 - 【train】 epoch:5 571/840 loss:0.0541
2022-06-23 08:40:43,933 - INFO - main.py - train - 58 - 【train】 epoch:5 572/840 loss:0.1066
2022-06-23 08:40:45,147 - INFO - main.py - train - 58 - 【train】 epoch:5 573/840 loss:0.0600
2022-06-23 08:40:46,355 - INFO - main.py - train - 58 - 【train】 epoch:5 574/840 loss:0.1026
2022-06-23 08:40:47,566 - INFO - main.py - train - 58 - 【train】 epoch:5 575/840 loss:0.1375
2022-06-23 08:40:48,781 - INFO - main.py - train - 58 - 【train】 epoch:5 576/840 loss:0.1250
2022-06-23 08:40:49,998 - INFO - main.py - train - 58 - 【train】 epoch:5 577/840 loss:0.0522
2022-06-23 08:40:51,223 - INFO - main.py - train - 58 - 【train】 epoch:5 578/840 loss:0.0460
2022-06-23 08:40:52,426 - INFO - main.py - train - 58 - 【train】 epoch:5 579/840 loss:0.0376
2022-06-23 08:40:53,641 - INFO - main.py - train - 58 - 【train】 epoch:5 580/840 loss:0.1869
2022-06-23 08:40:54,857 - INFO - main.py - train - 58 - 【train】 epoch:5 581/840 loss:0.0632
2022-06-23 08:40:56,078 - INFO - main.py - train - 58 - 【train】 epoch:5 582/840 loss:0.0542
2022-06-23 08:40:57,290 - INFO - main.py - train - 58 - 【train】 epoch:5 583/840 loss:0.0458
2022-06-23 08:40:58,495 - INFO - main.py - train - 58 - 【train】 epoch:5 584/840 loss:0.0244
2022-06-23 08:40:59,698 - INFO - main.py - train - 58 - 【train】 epoch:5 585/840 loss:0.0867
2022-06-23 08:41:00,893 - INFO - main.py - train - 58 - 【train】 epoch:5 586/840 loss:0.0482
2022-06-23 08:41:02,090 - INFO - main.py - train - 58 - 【train】 epoch:5 587/840 loss:0.0626
2022-06-23 08:41:03,304 - INFO - main.py - train - 58 - 【train】 epoch:5 588/840 loss:0.0821
2022-06-23 08:41:04,508 - INFO - main.py - train - 58 - 【train】 epoch:5 589/840 loss:0.0758
2022-06-23 08:41:05,712 - INFO - main.py - train - 58 - 【train】 epoch:5 590/840 loss:0.0253
2022-06-23 08:41:06,923 - INFO - main.py - train - 58 - 【train】 epoch:5 591/840 loss:0.0241
2022-06-23 08:41:08,143 - INFO - main.py - train - 58 - 【train】 epoch:5 592/840 loss:0.0633
2022-06-23 08:41:09,355 - INFO - main.py - train - 58 - 【train】 epoch:5 593/840 loss:0.0770
2022-06-23 08:41:10,571 - INFO - main.py - train - 58 - 【train】 epoch:5 594/840 loss:0.0428
2022-06-23 08:41:11,779 - INFO - main.py - train - 58 - 【train】 epoch:5 595/840 loss:0.0581
2022-06-23 08:41:12,976 - INFO - main.py - train - 58 - 【train】 epoch:5 596/840 loss:0.0207
2022-06-23 08:41:14,175 - INFO - main.py - train - 58 - 【train】 epoch:5 597/840 loss:0.1459
2022-06-23 08:41:15,374 - INFO - main.py - train - 58 - 【train】 epoch:5 598/840 loss:0.1087
2022-06-23 08:41:15,908 - INFO - main.py - train - 58 - 【train】 epoch:5 599/840 loss:0.2723
2022-06-23 08:41:26,147 - INFO - main.py - train - 65 - [eval] loss:0.0000 precision=0.9512 recall=0.9452 f1_score=0.9482
2022-06-23 08:41:26,148 - INFO - train_utils.py - save_model - 77 - Saving model checkpoint to ./checkpoints/bert-1
2022-06-23 08:41:28,849 - INFO - main.py - train - 58 - 【train】 epoch:6 600/840 loss:0.0354
2022-06-23 08:41:30,084 - INFO - main.py - train - 58 - 【train】 epoch:6 601/840 loss:0.0460
2022-06-23 08:41:31,283 - INFO - main.py - train - 58 - 【train】 epoch:6 602/840 loss:0.0663
2022-06-23 08:41:32,477 - INFO - main.py - train - 58 - 【train】 epoch:6 603/840 loss:0.0782
2022-06-23 08:41:33,708 - INFO - main.py - train - 58 - 【train】 epoch:6 604/840 loss:0.0688
2022-06-23 08:41:34,910 - INFO - main.py - train - 58 - 【train】 epoch:6 605/840 loss:0.1095
2022-06-23 08:41:36,119 - INFO - main.py - train - 58 - 【train】 epoch:6 606/840 loss:0.1378
2022-06-23 08:41:37,334 - INFO - main.py - train - 58 - 【train】 epoch:6 607/840 loss:0.0440
2022-06-23 08:41:38,532 - INFO - main.py - train - 58 - 【train】 epoch:6 608/840 loss:0.0205
2022-06-23 08:41:40,049 - INFO - main.py - train - 58 - 【train】 epoch:6 609/840 loss:0.0890
2022-06-23 08:41:41,444 - INFO - main.py - train - 58 - 【train】 epoch:6 610/840 loss:0.0617
2022-06-23 08:41:42,644 - INFO - main.py - train - 58 - 【train】 epoch:6 611/840 loss:0.0280
2022-06-23 08:41:43,843 - INFO - main.py - train - 58 - 【train】 epoch:6 612/840 loss:0.0338
2022-06-23 08:41:45,058 - INFO - main.py - train - 58 - 【train】 epoch:6 613/840 loss:0.0315
2022-06-23 08:41:46,292 - INFO - main.py - train - 58 - 【train】 epoch:6 614/840 loss:0.0267
2022-06-23 08:41:47,498 - INFO - main.py - train - 58 - 【train】 epoch:6 615/840 loss:0.0361
2022-06-23 08:41:48,710 - INFO - main.py - train - 58 - 【train】 epoch:6 616/840 loss:0.0659
2022-06-23 08:41:49,920 - INFO - main.py - train - 58 - 【train】 epoch:6 617/840 loss:0.0514
2022-06-23 08:41:51,136 - INFO - main.py - train - 58 - 【train】 epoch:6 618/840 loss:0.0791
2022-06-23 08:41:52,356 - INFO - main.py - train - 58 - 【train】 epoch:6 619/840 loss:0.0987
2022-06-23 08:41:53,605 - INFO - main.py - train - 58 - 【train】 epoch:6 620/840 loss:0.0657
2022-06-23 08:41:54,809 - INFO - main.py - train - 58 - 【train】 epoch:6 621/840 loss:0.0500
2022-06-23 08:41:56,047 - INFO - main.py - train - 58 - 【train】 epoch:6 622/840 loss:0.0251
2022-06-23 08:41:57,295 - INFO - main.py - train - 58 - 【train】 epoch:6 623/840 loss:0.0841
2022-06-23 08:41:58,530 - INFO - main.py - train - 58 - 【train】 epoch:6 624/840 loss:0.0184
2022-06-23 08:41:59,739 - INFO - main.py - train - 58 - 【train】 epoch:6 625/840 loss:0.0938
2022-06-23 08:42:00,969 - INFO - main.py - train - 58 - 【train】 epoch:6 626/840 loss:0.0583
2022-06-23 08:42:02,179 - INFO - main.py - train - 58 - 【train】 epoch:6 627/840 loss:0.1083
2022-06-23 08:42:03,418 - INFO - main.py - train - 58 - 【train】 epoch:6 628/840 loss:0.0676
2022-06-23 08:42:04,663 - INFO - main.py - train - 58 - 【train】 epoch:6 629/840 loss:0.0549
2022-06-23 08:42:05,868 - INFO - main.py - train - 58 - 【train】 epoch:6 630/840 loss:0.0554
2022-06-23 08:42:07,077 - INFO - main.py - train - 58 - 【train】 epoch:6 631/840 loss:0.0675
2022-06-23 08:42:08,300 - INFO - main.py - train - 58 - 【train】 epoch:6 632/840 loss:0.0622
2022-06-23 08:42:09,520 - INFO - main.py - train - 58 - 【train】 epoch:6 633/840 loss:0.0670
2022-06-23 08:42:10,744 - INFO - main.py - train - 58 - 【train】 epoch:6 634/840 loss:0.0544
2022-06-23 08:42:11,949 - INFO - main.py - train - 58 - 【train】 epoch:6 635/840 loss:0.0353
2022-06-23 08:42:13,162 - INFO - main.py - train - 58 - 【train】 epoch:6 636/840 loss:0.0290
2022-06-23 08:42:14,370 - INFO - main.py - train - 58 - 【train】 epoch:6 637/840 loss:0.0663
2022-06-23 08:42:15,588 - INFO - main.py - train - 58 - 【train】 epoch:6 638/840 loss:0.0911
2022-06-23 08:42:16,802 - INFO - main.py - train - 58 - 【train】 epoch:6 639/840 loss:0.0376
2022-06-23 08:42:18,010 - INFO - main.py - train - 58 - 【train】 epoch:6 640/840 loss:0.0947
2022-06-23 08:42:19,235 - INFO - main.py - train - 58 - 【train】 epoch:6 641/840 loss:0.0522
2022-06-23 08:42:20,438 - INFO - main.py - train - 58 - 【train】 epoch:6 642/840 loss:0.0869
2022-06-23 08:42:21,641 - INFO - main.py - train - 58 - 【train】 epoch:6 643/840 loss:0.1000
2022-06-23 08:42:22,844 - INFO - main.py - train - 58 - 【train】 epoch:6 644/840 loss:0.0597
2022-06-23 08:42:24,069 - INFO - main.py - train - 58 - 【train】 epoch:6 645/840 loss:0.0837
2022-06-23 08:42:25,282 - INFO - main.py - train - 58 - 【train】 epoch:6 646/840 loss:0.0502
2022-06-23 08:42:26,481 - INFO - main.py - train - 58 - 【train】 epoch:6 647/840 loss:0.0509
2022-06-23 08:42:27,684 - INFO - main.py - train - 58 - 【train】 epoch:6 648/840 loss:0.0706
2022-06-23 08:42:28,898 - INFO - main.py - train - 58 - 【train】 epoch:6 649/840 loss:0.0425
2022-06-23 08:42:39,247 - INFO - main.py - train - 65 - [eval] loss:0.0000 precision=0.9449 recall=0.9496 f1_score=0.9472
2022-06-23 08:42:40,445 - INFO - main.py - train - 58 - 【train】 epoch:6 650/840 loss:0.0818
2022-06-23 08:42:41,651 - INFO - main.py - train - 58 - 【train】 epoch:6 651/840 loss:0.0547
2022-06-23 08:42:42,843 - INFO - main.py - train - 58 - 【train】 epoch:6 652/840 loss:0.0373
2022-06-23 08:42:44,053 - INFO - main.py - train - 58 - 【train】 epoch:6 653/840 loss:0.0290
2022-06-23 08:42:45,260 - INFO - main.py - train - 58 - 【train】 epoch:6 654/840 loss:0.0513
2022-06-23 08:42:46,480 - INFO - main.py - train - 58 - 【train】 epoch:6 655/840 loss:0.1077
2022-06-23 08:42:47,677 - INFO - main.py - train - 58 - 【train】 epoch:6 656/840 loss:0.0222
2022-06-23 08:42:48,876 - INFO - main.py - train - 58 - 【train】 epoch:6 657/840 loss:0.0998
2022-06-23 08:42:50,105 - INFO - main.py - train - 58 - 【train】 epoch:6 658/840 loss:0.0941
2022-06-23 08:42:51,334 - INFO - main.py - train - 58 - 【train】 epoch:6 659/840 loss:0.0603
2022-06-23 08:42:52,542 - INFO - main.py - train - 58 - 【train】 epoch:6 660/840 loss:0.0856
2022-06-23 08:42:53,775 - INFO - main.py - train - 58 - 【train】 epoch:6 661/840 loss:0.0285
2022-06-23 08:42:54,987 - INFO - main.py - train - 58 - 【train】 epoch:6 662/840 loss:0.0671
2022-06-23 08:42:56,190 - INFO - main.py - train - 58 - 【train】 epoch:6 663/840 loss:0.0121
2022-06-23 08:42:57,417 - INFO - main.py - train - 58 - 【train】 epoch:6 664/840 loss:0.0830
2022-06-23 08:42:58,630 - INFO - main.py - train - 58 - 【train】 epoch:6 665/840 loss:0.0778
2022-06-23 08:42:59,834 - INFO - main.py - train - 58 - 【train】 epoch:6 666/840 loss:0.0418
2022-06-23 08:43:01,039 - INFO - main.py - train - 58 - 【train】 epoch:6 667/840 loss:0.0654
2022-06-23 08:43:02,258 - INFO - main.py - train - 58 - 【train】 epoch:6 668/840 loss:0.0199
2022-06-23 08:43:03,493 - INFO - main.py - train - 58 - 【train】 epoch:6 669/840 loss:0.0449
2022-06-23 08:43:04,699 - INFO - main.py - train - 58 - 【train】 epoch:6 670/840 loss:0.0210
2022-06-23 08:43:05,929 - INFO - main.py - train - 58 - 【train】 epoch:6 671/840 loss:0.0855
2022-06-23 08:43:07,135 - INFO - main.py - train - 58 - 【train】 epoch:6 672/840 loss:0.0632
2022-06-23 08:43:08,364 - INFO - main.py - train - 58 - 【train】 epoch:6 673/840 loss:0.1016
2022-06-23 08:43:09,580 - INFO - main.py - train - 58 - 【train】 epoch:6 674/840 loss:0.0370
2022-06-23 08:43:10,801 - INFO - main.py - train - 58 - 【train】 epoch:6 675/840 loss:0.1013
2022-06-23 08:43:12,014 - INFO - main.py - train - 58 - 【train】 epoch:6 676/840 loss:0.0485
2022-06-23 08:43:13,238 - INFO - main.py - train - 58 - 【train】 epoch:6 677/840 loss:0.0233
2022-06-23 08:43:14,442 - INFO - main.py - train - 58 - 【train】 epoch:6 678/840 loss:0.1062
2022-06-23 08:43:15,653 - INFO - main.py - train - 58 - 【train】 epoch:6 679/840 loss:0.0578
2022-06-23 08:43:16,868 - INFO - main.py - train - 58 - 【train】 epoch:6 680/840 loss:0.0454
2022-06-23 08:43:18,101 - INFO - main.py - train - 58 - 【train】 epoch:6 681/840 loss:0.0705
2022-06-23 08:43:19,304 - INFO - main.py - train - 58 - 【train】 epoch:6 682/840 loss:0.0585
2022-06-23 08:43:20,508 - INFO - main.py - train - 58 - 【train】 epoch:6 683/840 loss:0.0677
2022-06-23 08:43:21,712 - INFO - main.py - train - 58 - 【train】 epoch:6 684/840 loss:0.1120
2022-06-23 08:43:22,920 - INFO - main.py - train - 58 - 【train】 epoch:6 685/840 loss:0.0133
2022-06-23 08:43:24,152 - INFO - main.py - train - 58 - 【train】 epoch:6 686/840 loss:0.0305
2022-06-23 08:43:25,347 - INFO - main.py - train - 58 - 【train】 epoch:6 687/840 loss:0.0148
2022-06-23 08:43:26,554 - INFO - main.py - train - 58 - 【train】 epoch:6 688/840 loss:0.1195
2022-06-23 08:43:27,759 - INFO - main.py - train - 58 - 【train】 epoch:6 689/840 loss:0.0319
2022-06-23 08:43:28,983 - INFO - main.py - train - 58 - 【train】 epoch:6 690/840 loss:0.0833
2022-06-23 08:43:30,185 - INFO - main.py - train - 58 - 【train】 epoch:6 691/840 loss:0.0448
2022-06-23 08:43:31,402 - INFO - main.py - train - 58 - 【train】 epoch:6 692/840 loss:0.0614
2022-06-23 08:43:32,602 - INFO - main.py - train - 58 - 【train】 epoch:6 693/840 loss:0.1310
2022-06-23 08:43:33,801 - INFO - main.py - train - 58 - 【train】 epoch:6 694/840 loss:0.0220
2022-06-23 08:43:34,996 - INFO - main.py - train - 58 - 【train】 epoch:6 695/840 loss:0.0637
2022-06-23 08:43:36,204 - INFO - main.py - train - 58 - 【train】 epoch:6 696/840 loss:0.0443
2022-06-23 08:43:37,418 - INFO - main.py - train - 58 - 【train】 epoch:6 697/840 loss:0.0807
2022-06-23 08:43:38,617 - INFO - main.py - train - 58 - 【train】 epoch:6 698/840 loss:0.1018
2022-06-23 08:43:39,818 - INFO - main.py - train - 58 - 【train】 epoch:6 699/840 loss:0.0823
2022-06-23 08:43:50,065 - INFO - main.py - train - 65 - [eval] loss:0.0000 precision=0.9528 recall=0.9534 f1_score=0.9531
2022-06-23 08:43:50,066 - INFO - train_utils.py - save_model - 77 - Saving model checkpoint to ./checkpoints/bert-1
2022-06-23 08:43:52,716 - INFO - main.py - train - 58 - 【train】 epoch:6 700/840 loss:0.0970
2022-06-23 08:43:53,919 - INFO - main.py - train - 58 - 【train】 epoch:6 701/840 loss:0.0409
2022-06-23 08:43:55,128 - INFO - main.py - train - 58 - 【train】 epoch:6 702/840 loss:0.0857
2022-06-23 08:43:56,327 - INFO - main.py - train - 58 - 【train】 epoch:6 703/840 loss:0.0473
2022-06-23 08:43:57,531 - INFO - main.py - train - 58 - 【train】 epoch:6 704/840 loss:0.0297
2022-06-23 08:43:58,808 - INFO - main.py - train - 58 - 【train】 epoch:6 705/840 loss:0.0372
2022-06-23 08:44:00,198 - INFO - main.py - train - 58 - 【train】 epoch:6 706/840 loss:0.0578
2022-06-23 08:44:01,892 - INFO - main.py - train - 58 - 【train】 epoch:6 707/840 loss:0.0632
2022-06-23 08:44:03,206 - INFO - main.py - train - 58 - 【train】 epoch:6 708/840 loss:0.1250
2022-06-23 08:44:04,447 - INFO - main.py - train - 58 - 【train】 epoch:6 709/840 loss:0.0733
2022-06-23 08:44:05,658 - INFO - main.py - train - 58 - 【train】 epoch:6 710/840 loss:0.0369
2022-06-23 08:44:06,872 - INFO - main.py - train - 58 - 【train】 epoch:6 711/840 loss:0.0508
2022-06-23 08:44:08,089 - INFO - main.py - train - 58 - 【train】 epoch:6 712/840 loss:0.0747
2022-06-23 08:44:09,292 - INFO - main.py - train - 58 - 【train】 epoch:6 713/840 loss:0.0528
2022-06-23 08:44:10,506 - INFO - main.py - train - 58 - 【train】 epoch:6 714/840 loss:0.0631
2022-06-23 08:44:11,704 - INFO - main.py - train - 58 - 【train】 epoch:6 715/840 loss:0.0613
2022-06-23 08:44:12,917 - INFO - main.py - train - 58 - 【train】 epoch:6 716/840 loss:0.0472
2022-06-23 08:44:14,139 - INFO - main.py - train - 58 - 【train】 epoch:6 717/840 loss:0.0423
2022-06-23 08:44:15,350 - INFO - main.py - train - 58 - 【train】 epoch:6 718/840 loss:0.1448
2022-06-23 08:44:15,874 - INFO - main.py - train - 58 - 【train】 epoch:6 719/840 loss:0.0400
2022-06-23 08:44:17,109 - INFO - main.py - train - 58 - 【train】 epoch:7 720/840 loss:0.0825
2022-06-23 08:44:18,364 - INFO - main.py - train - 58 - 【train】 epoch:7 721/840 loss:0.0253
2022-06-23 08:44:20,027 - INFO - main.py - train - 58 - 【train】 epoch:7 722/840 loss:0.0236
2022-06-23 08:44:21,636 - INFO - main.py - train - 58 - 【train】 epoch:7 723/840 loss:0.0547
2022-06-23 08:44:22,842 - INFO - main.py - train - 58 - 【train】 epoch:7 724/840 loss:0.0335
2022-06-23 08:44:24,045 - INFO - main.py - train - 58 - 【train】 epoch:7 725/840 loss:0.0052
2022-06-23 08:44:25,287 - INFO - main.py - train - 58 - 【train】 epoch:7 726/840 loss:0.0446
2022-06-23 08:44:26,500 - INFO - main.py - train - 58 - 【train】 epoch:7 727/840 loss:0.0181
2022-06-23 08:44:27,704 - INFO - main.py - train - 58 - 【train】 epoch:7 728/840 loss:0.1137
2022-06-23 08:44:28,918 - INFO - main.py - train - 58 - 【train】 epoch:7 729/840 loss:0.0644
2022-06-23 08:44:30,150 - INFO - main.py - train - 58 - 【train】 epoch:7 730/840 loss:0.1104
2022-06-23 08:44:31,380 - INFO - main.py - train - 58 - 【train】 epoch:7 731/840 loss:0.0105
2022-06-23 08:44:32,595 - INFO - main.py - train - 58 - 【train】 epoch:7 732/840 loss:0.0738
2022-06-23 08:44:33,801 - INFO - main.py - train - 58 - 【train】 epoch:7 733/840 loss:0.1247
2022-06-23 08:44:35,009 - INFO - main.py - train - 58 - 【train】 epoch:7 734/840 loss:0.0404
2022-06-23 08:44:36,220 - INFO - main.py - train - 58 - 【train】 epoch:7 735/840 loss:0.0132
2022-06-23 08:44:37,440 - INFO - main.py - train - 58 - 【train】 epoch:7 736/840 loss:0.0758
2022-06-23 08:44:38,658 - INFO - main.py - train - 58 - 【train】 epoch:7 737/840 loss:0.0720
2022-06-23 08:44:39,875 - INFO - main.py - train - 58 - 【train】 epoch:7 738/840 loss:0.0324
2022-06-23 08:44:41,078 - INFO - main.py - train - 58 - 【train】 epoch:7 739/840 loss:0.0699
2022-06-23 08:44:42,277 - INFO - main.py - train - 58 - 【train】 epoch:7 740/840 loss:0.0603
2022-06-23 08:44:43,501 - INFO - main.py - train - 58 - 【train】 epoch:7 741/840 loss:0.0248
2022-06-23 08:44:44,707 - INFO - main.py - train - 58 - 【train】 epoch:7 742/840 loss:0.0945
2022-06-23 08:44:45,921 - INFO - main.py - train - 58 - 【train】 epoch:7 743/840 loss:0.0458
2022-06-23 08:44:47,133 - INFO - main.py - train - 58 - 【train】 epoch:7 744/840 loss:0.0330
2022-06-23 08:44:48,336 - INFO - main.py - train - 58 - 【train】 epoch:7 745/840 loss:0.0619
2022-06-23 08:44:49,539 - INFO - main.py - train - 58 - 【train】 epoch:7 746/840 loss:0.0216
2022-06-23 08:44:50,752 - INFO - main.py - train - 58 - 【train】 epoch:7 747/840 loss:0.0188
2022-06-23 08:44:51,966 - INFO - main.py - train - 58 - 【train】 epoch:7 748/840 loss:0.0747
2022-06-23 08:44:53,173 - INFO - main.py - train - 58 - 【train】 epoch:7 749/840 loss:0.0264
2022-06-23 08:45:03,380 - INFO - main.py - train - 65 - [eval] loss:0.0000 precision=0.9538 recall=0.9496 f1_score=0.9517
2022-06-23 08:45:04,570 - INFO - main.py - train - 58 - 【train】 epoch:7 750/840 loss:0.0484
2022-06-23 08:45:05,774 - INFO - main.py - train - 58 - 【train】 epoch:7 751/840 loss:0.0900
2022-06-23 08:45:06,986 - INFO - main.py - train - 58 - 【train】 epoch:7 752/840 loss:0.0507
2022-06-23 08:45:08,213 - INFO - main.py - train - 58 - 【train】 epoch:7 753/840 loss:0.0273
2022-06-23 08:45:09,414 - INFO - main.py - train - 58 - 【train】 epoch:7 754/840 loss:0.0188
2022-06-23 08:45:10,612 - INFO - main.py - train - 58 - 【train】 epoch:7 755/840 loss:0.0252
2022-06-23 08:45:11,806 - INFO - main.py - train - 58 - 【train】 epoch:7 756/840 loss:0.0616
2022-06-23 08:45:13,005 - INFO - main.py - train - 58 - 【train】 epoch:7 757/840 loss:0.0601
2022-06-23 08:45:14,231 - INFO - main.py - train - 58 - 【train】 epoch:7 758/840 loss:0.0364
2022-06-23 08:45:15,444 - INFO - main.py - train - 58 - 【train】 epoch:7 759/840 loss:0.0264
2022-06-23 08:45:16,640 - INFO - main.py - train - 58 - 【train】 epoch:7 760/840 loss:0.0323
2022-06-23 08:45:17,840 - INFO - main.py - train - 58 - 【train】 epoch:7 761/840 loss:0.0193
2022-06-23 08:45:19,040 - INFO - main.py - train - 58 - 【train】 epoch:7 762/840 loss:0.0550
2022-06-23 08:45:20,258 - INFO - main.py - train - 58 - 【train】 epoch:7 763/840 loss:0.0127
2022-06-23 08:45:21,476 - INFO - main.py - train - 58 - 【train】 epoch:7 764/840 loss:0.0257
2022-06-23 08:45:22,674 - INFO - main.py - train - 58 - 【train】 epoch:7 765/840 loss:0.0409
2022-06-23 08:45:23,881 - INFO - main.py - train - 58 - 【train】 epoch:7 766/840 loss:0.0197
2022-06-23 08:45:25,092 - INFO - main.py - train - 58 - 【train】 epoch:7 767/840 loss:0.0147
2022-06-23 08:45:26,324 - INFO - main.py - train - 58 - 【train】 epoch:7 768/840 loss:0.0289
2022-06-23 08:45:27,547 - INFO - main.py - train - 58 - 【train】 epoch:7 769/840 loss:0.0510
2022-06-23 08:45:28,755 - INFO - main.py - train - 58 - 【train】 epoch:7 770/840 loss:0.0372
2022-06-23 08:45:29,958 - INFO - main.py - train - 58 - 【train】 epoch:7 771/840 loss:0.0177
2022-06-23 08:45:31,185 - INFO - main.py - train - 58 - 【train】 epoch:7 772/840 loss:0.0370
2022-06-23 08:45:32,427 - INFO - main.py - train - 58 - 【train】 epoch:7 773/840 loss:0.0182
2022-06-23 08:45:33,653 - INFO - main.py - train - 58 - 【train】 epoch:7 774/840 loss:0.0407
2022-06-23 08:45:34,889 - INFO - main.py - train - 58 - 【train】 epoch:7 775/840 loss:0.0747
2022-06-23 08:45:36,109 - INFO - main.py - train - 58 - 【train】 epoch:7 776/840 loss:0.1204
2022-06-23 08:45:37,332 - INFO - main.py - train - 58 - 【train】 epoch:7 777/840 loss:0.0588
2022-06-23 08:45:38,550 - INFO - main.py - train - 58 - 【train】 epoch:7 778/840 loss:0.0292
2022-06-23 08:45:39,759 - INFO - main.py - train - 58 - 【train】 epoch:7 779/840 loss:0.0330
2022-06-23 08:45:40,979 - INFO - main.py - train - 58 - 【train】 epoch:7 780/840 loss:0.0867
2022-06-23 08:45:42,180 - INFO - main.py - train - 58 - 【train】 epoch:7 781/840 loss:0.0378
2022-06-23 08:45:43,380 - INFO - main.py - train - 58 - 【train】 epoch:7 782/840 loss:0.0462
2022-06-23 08:45:44,580 - INFO - main.py - train - 58 - 【train】 epoch:7 783/840 loss:0.0394
2022-06-23 08:45:45,782 - INFO - main.py - train - 58 - 【train】 epoch:7 784/840 loss:0.0193
2022-06-23 08:45:46,992 - INFO - main.py - train - 58 - 【train】 epoch:7 785/840 loss:0.0196
2022-06-23 08:45:48,203 - INFO - main.py - train - 58 - 【train】 epoch:7 786/840 loss:0.0212
2022-06-23 08:45:49,400 - INFO - main.py - train - 58 - 【train】 epoch:7 787/840 loss:0.0981
2022-06-23 08:45:50,607 - INFO - main.py - train - 58 - 【train】 epoch:7 788/840 loss:0.0612
2022-06-23 08:45:51,807 - INFO - main.py - train - 58 - 【train】 epoch:7 789/840 loss:0.0240
2022-06-23 08:45:53,017 - INFO - main.py - train - 58 - 【train】 epoch:7 790/840 loss:0.0826
2022-06-23 08:45:54,241 - INFO - main.py - train - 58 - 【train】 epoch:7 791/840 loss:0.0408
2022-06-23 08:45:55,441 - INFO - main.py - train - 58 - 【train】 epoch:7 792/840 loss:0.0204
2022-06-23 08:45:56,639 - INFO - main.py - train - 58 - 【train】 epoch:7 793/840 loss:0.0596
2022-06-23 08:45:57,837 - INFO - main.py - train - 58 - 【train】 epoch:7 794/840 loss:0.0179
2022-06-23 08:45:59,042 - INFO - main.py - train - 58 - 【train】 epoch:7 795/840 loss:0.0345
2022-06-23 08:46:00,252 - INFO - main.py - train - 58 - 【train】 epoch:7 796/840 loss:0.0872
2022-06-23 08:46:01,470 - INFO - main.py - train - 58 - 【train】 epoch:7 797/840 loss:0.0486
2022-06-23 08:46:02,668 - INFO - main.py - train - 58 - 【train】 epoch:7 798/840 loss:0.0915
2022-06-23 08:46:03,877 - INFO - main.py - train - 58 - 【train】 epoch:7 799/840 loss:0.0637
2022-06-23 08:46:14,180 - INFO - main.py - train - 65 - [eval] loss:0.0000 precision=0.9456 recall=0.9515 f1_score=0.9485
2022-06-23 08:46:15,385 - INFO - main.py - train - 58 - 【train】 epoch:7 800/840 loss:0.0091
2022-06-23 08:46:16,585 - INFO - main.py - train - 58 - 【train】 epoch:7 801/840 loss:0.0067
2022-06-23 08:46:17,790 - INFO - main.py - train - 58 - 【train】 epoch:7 802/840 loss:0.0860
2022-06-23 08:46:18,992 - INFO - main.py - train - 58 - 【train】 epoch:7 803/840 loss:0.1019
2022-06-23 08:46:20,213 - INFO - main.py - train - 58 - 【train】 epoch:7 804/840 loss:0.0789
2022-06-23 08:46:21,436 - INFO - main.py - train - 58 - 【train】 epoch:7 805/840 loss:0.0328
2022-06-23 08:46:22,650 - INFO - main.py - train - 58 - 【train】 epoch:7 806/840 loss:0.0217
2022-06-23 08:46:23,871 - INFO - main.py - train - 58 - 【train】 epoch:7 807/840 loss:0.0140
2022-06-23 08:46:25,087 - INFO - main.py - train - 58 - 【train】 epoch:7 808/840 loss:0.0857
2022-06-23 08:46:26,288 - INFO - main.py - train - 58 - 【train】 epoch:7 809/840 loss:0.0940
2022-06-23 08:46:27,505 - INFO - main.py - train - 58 - 【train】 epoch:7 810/840 loss:0.0337
2022-06-23 08:46:28,712 - INFO - main.py - train - 58 - 【train】 epoch:7 811/840 loss:0.0525
2022-06-23 08:46:29,914 - INFO - main.py - train - 58 - 【train】 epoch:7 812/840 loss:0.0494
2022-06-23 08:46:31,122 - INFO - main.py - train - 58 - 【train】 epoch:7 813/840 loss:0.0782
2022-06-23 08:46:32,322 - INFO - main.py - train - 58 - 【train】 epoch:7 814/840 loss:0.0543
2022-06-23 08:46:33,580 - INFO - main.py - train - 58 - 【train】 epoch:7 815/840 loss:0.0479
2022-06-23 08:46:34,810 - INFO - main.py - train - 58 - 【train】 epoch:7 816/840 loss:0.0751
2022-06-23 08:46:36,058 - INFO - main.py - train - 58 - 【train】 epoch:7 817/840 loss:0.0478
2022-06-23 08:46:37,262 - INFO - main.py - train - 58 - 【train】 epoch:7 818/840 loss:0.0118
2022-06-23 08:46:38,471 - INFO - main.py - train - 58 - 【train】 epoch:7 819/840 loss:0.0399
2022-06-23 08:46:39,691 - INFO - main.py - train - 58 - 【train】 epoch:7 820/840 loss:0.0170
2022-06-23 08:46:40,908 - INFO - main.py - train - 58 - 【train】 epoch:7 821/840 loss:0.0399
2022-06-23 08:46:42,132 - INFO - main.py - train - 58 - 【train】 epoch:7 822/840 loss:0.0587
2022-06-23 08:46:43,360 - INFO - main.py - train - 58 - 【train】 epoch:7 823/840 loss:0.0982
2022-06-23 08:46:44,572 - INFO - main.py - train - 58 - 【train】 epoch:7 824/840 loss:0.0390
2022-06-23 08:46:45,773 - INFO - main.py - train - 58 - 【train】 epoch:7 825/840 loss:0.0437
2022-06-23 08:46:46,985 - INFO - main.py - train - 58 - 【train】 epoch:7 826/840 loss:0.0432
2022-06-23 08:46:48,226 - INFO - main.py - train - 58 - 【train】 epoch:7 827/840 loss:0.1074
2022-06-23 08:46:49,458 - INFO - main.py - train - 58 - 【train】 epoch:7 828/840 loss:0.0443
2022-06-23 08:46:50,661 - INFO - main.py - train - 58 - 【train】 epoch:7 829/840 loss:0.0396
2022-06-23 08:46:51,886 - INFO - main.py - train - 58 - 【train】 epoch:7 830/840 loss:0.0331
2022-06-23 08:46:53,096 - INFO - main.py - train - 58 - 【train】 epoch:7 831/840 loss:0.0350
2022-06-23 08:46:54,322 - INFO - main.py - train - 58 - 【train】 epoch:7 832/840 loss:0.0271
2022-06-23 08:46:55,530 - INFO - main.py - train - 58 - 【train】 epoch:7 833/840 loss:0.0260
2022-06-23 08:46:56,732 - INFO - main.py - train - 58 - 【train】 epoch:7 834/840 loss:0.0509
2022-06-23 08:46:57,943 - INFO - main.py - train - 58 - 【train】 epoch:7 835/840 loss:0.0630
2022-06-23 08:46:59,157 - INFO - main.py - train - 58 - 【train】 epoch:7 836/840 loss:0.0760
2022-06-23 08:47:00,372 - INFO - main.py - train - 58 - 【train】 epoch:7 837/840 loss:0.0863
2022-06-23 08:47:01,567 - INFO - main.py - train - 58 - 【train】 epoch:7 838/840 loss:0.0354
2022-06-23 08:47:02,081 - INFO - main.py - train - 58 - 【train】 epoch:7 839/840 loss:0.0289
2022-06-23 08:47:02,082 - INFO - main.py - train - 69 - best f1:0.9531004091910608
2022-06-23 08:47:04,302 - INFO - train_utils.py - load_model_and_parallel - 103 - Load ckpt from ./checkpoints/bert-1/model.pt
2022-06-23 08:47:05,338 - INFO - train_utils.py - load_model_and_parallel - 113 - Use single gpu in: ['0']
2022-06-23 08:47:16,004 - INFO - main.py - test - 170 -           precision    recall  f1-score   support

   TITLE       0.95      0.95      0.95       762
    RACE       1.00      0.93      0.97        15
    CONT       1.00      1.00      1.00        33
     ORG       0.94      0.94      0.94       539
    NAME       0.99      1.00      1.00       110
     EDU       0.96      0.98      0.97       109
     PRO       0.86      1.00      0.92        18
     LOC       1.00      1.00      1.00         2

micro-f1       0.95      0.95      0.95      1588

2022-06-23 08:47:16,006 - INFO - main.py - <module> - 249 - 虞兔良先生：1963年12月出生，汉族，中国国籍，无境外永久居留权，浙江绍兴人，中共党员，MBA，经济师。
2022-06-23 08:47:18,232 - INFO - train_utils.py - load_model_and_parallel - 103 - Load ckpt from ./checkpoints/bert-1/model.pt
2022-06-23 08:47:19,219 - INFO - train_utils.py - load_model_and_parallel - 113 - Use single gpu in: ['0']
2022-06-23 08:47:19,263 - INFO - main.py - predict - 201 - {'TITLE': [['中共党员', 41], ['经济师', 50]], 'RACE': [['汉族', 18]], 'CONT': [['中国国籍', 21]], 'NAME': [['虞兔良', 1]], 'EDU': [['MBA', 46]], 'LOC': [['浙江绍兴人', 35]]}
